mode: set
github.com/hveda/Setagaya/setagaya/rbac/errors.go:14.36,16.2 1 1
github.com/hveda/Setagaya/setagaya/rbac/errors.go:19.52,25.2 1 1
github.com/hveda/Setagaya/setagaya/rbac/errors.go:27.55,33.2 1 1
github.com/hveda/Setagaya/setagaya/rbac/errors.go:35.55,41.2 1 0
github.com/hveda/Setagaya/setagaya/rbac/errors.go:43.56,49.2 1 0
github.com/hveda/Setagaya/setagaya/rbac/errors.go:51.55,60.2 1 1
github.com/hveda/Setagaya/setagaya/rbac/errors.go:63.56,69.2 1 1
github.com/hveda/Setagaya/setagaya/rbac/errors.go:71.50,77.2 1 1
github.com/hveda/Setagaya/setagaya/rbac/errors.go:79.50,85.2 1 1
github.com/hveda/Setagaya/setagaya/rbac/errors.go:87.51,93.2 1 1
github.com/hveda/Setagaya/setagaya/rbac/errors.go:96.75,99.2 2 1
github.com/hveda/Setagaya/setagaya/rbac/errors.go:102.52,103.41 1 1
github.com/hveda/Setagaya/setagaya/rbac/errors.go:103.41,105.3 1 1
github.com/hveda/Setagaya/setagaya/rbac/errors.go:106.2,106.14 1 1
github.com/hveda/Setagaya/setagaya/rbac/errors.go:110.40,112.2 1 1
github.com/hveda/Setagaya/setagaya/rbac/errors.go:115.43,117.2 1 1
github.com/hveda/Setagaya/setagaya/rbac/errors.go:120.38,122.2 1 1
github.com/hveda/Setagaya/setagaya/rbac/errors.go:125.38,127.2 1 1
github.com/hveda/Setagaya/setagaya/rbac/errors.go:130.39,132.2 1 1
github.com/hveda/Setagaya/setagaya/rbac/errors.go:135.38,137.2 1 1
github.com/hveda/Setagaya/setagaya/rbac/integration.go:22.45,43.54 3 0
github.com/hveda/Setagaya/setagaya/rbac/integration.go:43.54,45.3 1 0
github.com/hveda/Setagaya/setagaya/rbac/integration.go:47.2,54.25 2 0
github.com/hveda/Setagaya/setagaya/rbac/integration.go:58.46,60.2 1 0
github.com/hveda/Setagaya/setagaya/rbac/integration.go:63.40,65.2 1 0
github.com/hveda/Setagaya/setagaya/rbac/integration.go:68.96,70.2 1 0
github.com/hveda/Setagaya/setagaya/rbac/integration.go:73.59,75.2 1 0
github.com/hveda/Setagaya/setagaya/rbac/integration.go:78.156,80.2 1 0
github.com/hveda/Setagaya/setagaya/rbac/integration.go:83.151,84.20 1 0
github.com/hveda/Setagaya/setagaya/rbac/integration.go:84.20,86.3 1 0
github.com/hveda/Setagaya/setagaya/rbac/integration.go:87.2,87.80 1 0
github.com/hveda/Setagaya/setagaya/rbac/integration.go:91.59,92.28 1 0
github.com/hveda/Setagaya/setagaya/rbac/integration.go:92.28,94.3 1 0
github.com/hveda/Setagaya/setagaya/rbac/integration.go:96.2,98.16 3 0
github.com/hveda/Setagaya/setagaya/rbac/integration.go:98.16,100.3 1 0
github.com/hveda/Setagaya/setagaya/rbac/integration.go:102.2,103.20 2 0
github.com/hveda/Setagaya/setagaya/rbac/integration.go:107.93,121.2 1 0
github.com/hveda/Setagaya/setagaya/rbac/integration.go:124.90,128.2 1 0
github.com/hveda/Setagaya/setagaya/rbac/integration.go:131.96,135.2 1 0
github.com/hveda/Setagaya/setagaya/rbac/integration.go:138.118,144.2 1 0
github.com/hveda/Setagaya/setagaya/rbac/integration.go:147.55,151.2 1 0
github.com/hveda/Setagaya/setagaya/rbac/integration.go:159.172,160.80 1 0
github.com/hveda/Setagaya/setagaya/rbac/integration.go:160.80,164.3 1 0
github.com/hveda/Setagaya/setagaya/rbac/integration.go:168.53,185.67 3 0
github.com/hveda/Setagaya/setagaya/rbac/integration.go:185.67,188.3 1 0
github.com/hveda/Setagaya/setagaya/rbac/integration.go:191.2,234.29 2 0
github.com/hveda/Setagaya/setagaya/rbac/integration.go:234.29,235.54 1 0
github.com/hveda/Setagaya/setagaya/rbac/integration.go:235.54,238.4 1 0
github.com/hveda/Setagaya/setagaya/rbac/integration.go:241.2,241.12 1 0
github.com/hveda/Setagaya/setagaya/rbac/integration.go:245.51,254.2 1 0
github.com/hveda/Setagaya/setagaya/rbac/integration.go:256.47,263.2 1 0
github.com/hveda/Setagaya/setagaya/rbac/integration.go:265.48,272.2 1 0
github.com/hveda/Setagaya/setagaya/rbac/integration.go:274.48,281.2 1 0
github.com/hveda/Setagaya/setagaya/rbac/integration.go:294.78,295.18 1 0
github.com/hveda/Setagaya/setagaya/rbac/integration.go:295.18,298.3 2 0
github.com/hveda/Setagaya/setagaya/rbac/integration.go:301.2,301.39 1 0
github.com/hveda/Setagaya/setagaya/rbac/integration.go:301.39,302.37 1 0
github.com/hveda/Setagaya/setagaya/rbac/integration.go:302.37,304.4 1 0
github.com/hveda/Setagaya/setagaya/rbac/integration.go:307.2,308.12 2 0
github.com/hveda/Setagaya/setagaya/rbac/integration.go:312.95,314.13 2 0
github.com/hveda/Setagaya/setagaya/rbac/integration.go:314.13,316.3 1 0
github.com/hveda/Setagaya/setagaya/rbac/integration.go:319.2,319.31 1 0
github.com/hveda/Setagaya/setagaya/rbac/integration.go:319.31,321.3 1 0
github.com/hveda/Setagaya/setagaya/rbac/integration.go:322.2,322.31 1 0
github.com/hveda/Setagaya/setagaya/rbac/integration.go:322.31,324.3 1 0
github.com/hveda/Setagaya/setagaya/rbac/integration.go:325.2,325.34 1 0
github.com/hveda/Setagaya/setagaya/rbac/integration.go:325.34,327.3 1 0
github.com/hveda/Setagaya/setagaya/rbac/integration.go:328.2,330.12 2 0
github.com/hveda/Setagaya/setagaya/rbac/integration.go:334.80,335.43 1 0
github.com/hveda/Setagaya/setagaya/rbac/integration.go:335.43,337.3 1 0
github.com/hveda/Setagaya/setagaya/rbac/integration.go:338.2,339.12 2 0
github.com/hveda/Setagaya/setagaya/rbac/integration.go:343.86,345.13 2 0
github.com/hveda/Setagaya/setagaya/rbac/integration.go:345.13,347.3 1 0
github.com/hveda/Setagaya/setagaya/rbac/integration.go:348.2,348.18 1 0
github.com/hveda/Setagaya/setagaya/rbac/integration.go:352.91,353.31 1 0
github.com/hveda/Setagaya/setagaya/rbac/integration.go:353.31,354.24 1 0
github.com/hveda/Setagaya/setagaya/rbac/integration.go:354.24,356.4 1 0
github.com/hveda/Setagaya/setagaya/rbac/integration.go:358.2,358.44 1 0
github.com/hveda/Setagaya/setagaya/rbac/integration.go:362.94,364.31 2 0
github.com/hveda/Setagaya/setagaya/rbac/integration.go:364.31,365.42 1 0
github.com/hveda/Setagaya/setagaya/rbac/integration.go:365.42,367.4 1 0
github.com/hveda/Setagaya/setagaya/rbac/integration.go:369.2,369.19 1 0
github.com/hveda/Setagaya/setagaya/rbac/integration.go:373.134,375.13 2 0
github.com/hveda/Setagaya/setagaya/rbac/integration.go:375.13,377.3 1 0
github.com/hveda/Setagaya/setagaya/rbac/integration.go:379.2,392.12 4 0
github.com/hveda/Setagaya/setagaya/rbac/integration.go:396.116,398.37 2 0
github.com/hveda/Setagaya/setagaya/rbac/integration.go:398.37,399.167 1 0
github.com/hveda/Setagaya/setagaya/rbac/integration.go:399.167,403.4 2 0
github.com/hveda/Setagaya/setagaya/rbac/integration.go:405.2,405.57 1 0
github.com/hveda/Setagaya/setagaya/rbac/integration.go:409.97,411.2 1 0
github.com/hveda/Setagaya/setagaya/rbac/integration.go:414.117,416.40 2 0
github.com/hveda/Setagaya/setagaya/rbac/integration.go:416.40,417.38 1 0
github.com/hveda/Setagaya/setagaya/rbac/integration.go:417.38,418.168 1 0
github.com/hveda/Setagaya/setagaya/rbac/integration.go:418.168,420.5 1 0
github.com/hveda/Setagaya/setagaya/rbac/integration.go:423.2,423.20 1 0
github.com/hveda/Setagaya/setagaya/rbac/integration.go:427.95,428.20 1 0
github.com/hveda/Setagaya/setagaya/rbac/integration.go:428.20,431.3 2 0
github.com/hveda/Setagaya/setagaya/rbac/integration.go:434.2,434.43 1 0
github.com/hveda/Setagaya/setagaya/rbac/integration.go:434.43,435.41 1 0
github.com/hveda/Setagaya/setagaya/rbac/integration.go:435.41,437.4 1 0
github.com/hveda/Setagaya/setagaya/rbac/integration.go:440.2,441.20 2 0
github.com/hveda/Setagaya/setagaya/rbac/integration.go:445.96,447.13 2 0
github.com/hveda/Setagaya/setagaya/rbac/integration.go:447.13,449.3 1 0
github.com/hveda/Setagaya/setagaya/rbac/integration.go:452.2,452.31 1 0
github.com/hveda/Setagaya/setagaya/rbac/integration.go:452.31,454.3 1 0
github.com/hveda/Setagaya/setagaya/rbac/integration.go:455.2,455.31 1 0
github.com/hveda/Setagaya/setagaya/rbac/integration.go:455.31,457.3 1 0
github.com/hveda/Setagaya/setagaya/rbac/integration.go:458.2,458.26 1 0
github.com/hveda/Setagaya/setagaya/rbac/integration.go:458.26,460.3 1 0
github.com/hveda/Setagaya/setagaya/rbac/integration.go:461.2,464.22 3 0
github.com/hveda/Setagaya/setagaya/rbac/integration.go:468.115,472.35 2 0
github.com/hveda/Setagaya/setagaya/rbac/integration.go:472.35,473.36 1 0
github.com/hveda/Setagaya/setagaya/rbac/integration.go:473.36,475.4 1 0
github.com/hveda/Setagaya/setagaya/rbac/integration.go:476.3,476.32 1 0
github.com/hveda/Setagaya/setagaya/rbac/integration.go:480.2,480.49 1 0
github.com/hveda/Setagaya/setagaya/rbac/integration.go:480.49,481.52 1 0
github.com/hveda/Setagaya/setagaya/rbac/integration.go:481.52,483.4 1 0
github.com/hveda/Setagaya/setagaya/rbac/integration.go:486.2,486.31 1 0
github.com/hveda/Setagaya/setagaya/rbac/integration.go:490.92,492.13 2 0
github.com/hveda/Setagaya/setagaya/rbac/integration.go:492.13,494.3 1 0
github.com/hveda/Setagaya/setagaya/rbac/integration.go:495.2,495.20 1 0
github.com/hveda/Setagaya/setagaya/rbac/integration.go:499.95,500.35 1 0
github.com/hveda/Setagaya/setagaya/rbac/integration.go:500.35,501.26 1 0
github.com/hveda/Setagaya/setagaya/rbac/integration.go:501.26,503.4 1 0
github.com/hveda/Setagaya/setagaya/rbac/integration.go:505.2,505.46 1 0
github.com/hveda/Setagaya/setagaya/rbac/integration.go:509.94,511.35 2 0
github.com/hveda/Setagaya/setagaya/rbac/integration.go:511.35,512.46 1 0
github.com/hveda/Setagaya/setagaya/rbac/integration.go:512.46,514.4 1 0
github.com/hveda/Setagaya/setagaya/rbac/integration.go:516.2,516.21 1 0
github.com/hveda/Setagaya/setagaya/rbac/integration.go:520.84,521.47 1 0
github.com/hveda/Setagaya/setagaya/rbac/integration.go:521.47,523.3 1 0
github.com/hveda/Setagaya/setagaya/rbac/integration.go:524.2,525.12 2 0
github.com/hveda/Setagaya/setagaya/rbac/integration.go:529.122,538.13 3 0
github.com/hveda/Setagaya/setagaya/rbac/integration.go:538.13,540.3 1 0
github.com/hveda/Setagaya/setagaya/rbac/integration.go:540.8,542.3 1 0
github.com/hveda/Setagaya/setagaya/rbac/integration.go:544.2,544.20 1 0
github.com/hveda/Setagaya/setagaya/rbac/integration.go:548.159,550.35 1 0
github.com/hveda/Setagaya/setagaya/rbac/integration.go:550.35,552.3 1 0
github.com/hveda/Setagaya/setagaya/rbac/integration.go:555.2,555.47 1 0
github.com/hveda/Setagaya/setagaya/rbac/integration.go:555.47,556.70 1 0
github.com/hveda/Setagaya/setagaya/rbac/integration.go:556.70,558.4 1 0
github.com/hveda/Setagaya/setagaya/rbac/integration.go:562.2,562.21 1 0
github.com/hveda/Setagaya/setagaya/rbac/integration.go:562.21,563.67 1 0
github.com/hveda/Setagaya/setagaya/rbac/integration.go:563.67,564.31 1 0
github.com/hveda/Setagaya/setagaya/rbac/integration.go:564.31,565.72 1 0
github.com/hveda/Setagaya/setagaya/rbac/integration.go:565.72,567.6 1 0
github.com/hveda/Setagaya/setagaya/rbac/integration.go:572.2,572.14 1 0
github.com/hveda/Setagaya/setagaya/rbac/integration.go:576.101,577.46 1 0
github.com/hveda/Setagaya/setagaya/rbac/integration.go:577.46,578.71 1 0
github.com/hveda/Setagaya/setagaya/rbac/integration.go:578.71,579.53 1 0
github.com/hveda/Setagaya/setagaya/rbac/integration.go:579.53,580.64 1 0
github.com/hveda/Setagaya/setagaya/rbac/integration.go:580.64,582.6 1 0
github.com/hveda/Setagaya/setagaya/rbac/integration.go:586.2,586.14 1 0
github.com/hveda/Setagaya/setagaya/rbac/integration.go:590.101,606.37 3 0
github.com/hveda/Setagaya/setagaya/rbac/integration.go:606.37,607.27 1 0
github.com/hveda/Setagaya/setagaya/rbac/integration.go:607.27,608.12 1 0
github.com/hveda/Setagaya/setagaya/rbac/integration.go:612.3,612.53 1 0
github.com/hveda/Setagaya/setagaya/rbac/integration.go:612.53,614.4 1 0
github.com/hveda/Setagaya/setagaya/rbac/integration.go:616.3,616.31 1 0
github.com/hveda/Setagaya/setagaya/rbac/integration.go:616.31,619.4 1 0
github.com/hveda/Setagaya/setagaya/rbac/integration.go:619.9,624.4 3 0
github.com/hveda/Setagaya/setagaya/rbac/integration.go:627.2,627.25 1 0
github.com/hveda/Setagaya/setagaya/rbac/integration.go:631.105,634.2 1 0
github.com/hveda/Setagaya/setagaya/rbac/integration.go:637.85,639.33 1 0
github.com/hveda/Setagaya/setagaya/rbac/integration.go:639.33,640.34 1 0
github.com/hveda/Setagaya/setagaya/rbac/integration.go:640.34,642.4 1 0
github.com/hveda/Setagaya/setagaya/rbac/integration.go:644.2,644.12 1 0
github.com/hveda/Setagaya/setagaya/rbac/integration.go:648.170,664.2 4 0
github.com/hveda/Setagaya/setagaya/rbac/integration.go:667.142,670.31 2 0
github.com/hveda/Setagaya/setagaya/rbac/integration.go:670.31,672.3 1 0
github.com/hveda/Setagaya/setagaya/rbac/integration.go:674.2,675.28 2 0
github.com/hveda/Setagaya/setagaya/rbac/integration.go:675.28,677.3 1 0
github.com/hveda/Setagaya/setagaya/rbac/integration.go:679.2,679.36 1 0
github.com/hveda/Setagaya/setagaya/rbac/types.go:183.54,185.38 1 1
github.com/hveda/Setagaya/setagaya/rbac/types.go:185.38,186.28 1 1
github.com/hveda/Setagaya/setagaya/rbac/types.go:186.28,188.4 1 1
github.com/hveda/Setagaya/setagaya/rbac/types.go:192.2,192.40 1 1
github.com/hveda/Setagaya/setagaya/rbac/types.go:192.40,193.30 1 1
github.com/hveda/Setagaya/setagaya/rbac/types.go:193.30,194.29 1 1
github.com/hveda/Setagaya/setagaya/rbac/types.go:194.29,196.5 1 1
github.com/hveda/Setagaya/setagaya/rbac/types.go:200.2,200.14 1 1
github.com/hveda/Setagaya/setagaya/rbac/types.go:204.76,205.56 1 1
github.com/hveda/Setagaya/setagaya/rbac/types.go:205.56,206.30 1 1
github.com/hveda/Setagaya/setagaya/rbac/types.go:206.30,207.29 1 1
github.com/hveda/Setagaya/setagaya/rbac/types.go:207.29,209.5 1 1
github.com/hveda/Setagaya/setagaya/rbac/types.go:212.2,212.14 1 1
github.com/hveda/Setagaya/setagaya/rbac/types.go:216.61,218.26 1 1
github.com/hveda/Setagaya/setagaya/rbac/types.go:218.26,220.3 1 1
github.com/hveda/Setagaya/setagaya/rbac/types.go:223.2,224.15 2 1
github.com/hveda/Setagaya/setagaya/rbac/types.go:228.60,229.38 1 1
github.com/hveda/Setagaya/setagaya/rbac/types.go:229.38,230.28 1 1
github.com/hveda/Setagaya/setagaya/rbac/types.go:230.28,232.4 1 1
github.com/hveda/Setagaya/setagaya/rbac/types.go:234.2,234.14 1 1
github.com/hveda/Setagaya/setagaya/rbac/types.go:238.41,239.18 1 1
github.com/hveda/Setagaya/setagaya/rbac/types.go:239.18,241.3 1 1
github.com/hveda/Setagaya/setagaya/rbac/types.go:243.2,243.60 1 1
github.com/hveda/Setagaya/setagaya/rbac/types.go:243.60,245.3 1 1
github.com/hveda/Setagaya/setagaya/rbac/types.go:247.2,247.13 1 1
github.com/hveda/Setagaya/setagaya/rbac/types.go:251.45,253.2 1 1
github.com/hveda/Setagaya/setagaya/rbac/types.go:256.35,257.18 1 1
github.com/hveda/Setagaya/setagaya/rbac/types.go:257.18,259.3 1 1
github.com/hveda/Setagaya/setagaya/rbac/types.go:261.2,261.25 1 1
github.com/hveda/Setagaya/setagaya/rbac/types.go:261.25,263.3 1 1
github.com/hveda/Setagaya/setagaya/rbac/types.go:265.2,265.29 1 1
github.com/hveda/Setagaya/setagaya/rbac/types.go:265.29,267.3 1 1
github.com/hveda/Setagaya/setagaya/rbac/types.go:270.2,270.32 1 1
github.com/hveda/Setagaya/setagaya/rbac/types.go:270.32,272.3 1 1
github.com/hveda/Setagaya/setagaya/rbac/types.go:275.2,275.48 1 1
github.com/hveda/Setagaya/setagaya/rbac/types.go:275.48,277.3 1 1
github.com/hveda/Setagaya/setagaya/rbac/types.go:279.2,279.12 1 1
github.com/hveda/Setagaya/setagaya/rbac/types.go:283.42,286.19 1 1
github.com/hveda/Setagaya/setagaya/rbac/types.go:286.19,288.3 1 1
github.com/hveda/Setagaya/setagaya/rbac/types.go:290.2,290.28 1 1
github.com/hveda/Setagaya/setagaya/rbac/types.go:290.28,291.78 1 1
github.com/hveda/Setagaya/setagaya/rbac/types.go:291.78,293.4 1 1
github.com/hveda/Setagaya/setagaya/rbac/types.go:296.2,296.13 1 1
github.com/hveda/Setagaya/setagaya/rbac/types.go:299.49,301.22 1 1
github.com/hveda/Setagaya/setagaya/rbac/types.go:301.22,303.3 1 1
github.com/hveda/Setagaya/setagaya/rbac/types.go:305.2,305.31 1 1
github.com/hveda/Setagaya/setagaya/rbac/types.go:305.31,307.3 1 1
github.com/hveda/Setagaya/setagaya/rbac/types.go:309.2,310.34 2 1
github.com/hveda/Setagaya/setagaya/model/collection.go:50.68,53.16 3 0
github.com/hveda/Setagaya/setagaya/model/collection.go:53.16,55.3 1 0
github.com/hveda/Setagaya/setagaya/model/collection.go:56.2,59.16 3 0
github.com/hveda/Setagaya/setagaya/model/collection.go:59.16,61.3 1 0
github.com/hveda/Setagaya/setagaya/model/collection.go:62.2,63.16 2 0
github.com/hveda/Setagaya/setagaya/model/collection.go:66.51,70.16 3 0
github.com/hveda/Setagaya/setagaya/model/collection.go:70.16,72.3 1 0
github.com/hveda/Setagaya/setagaya/model/collection.go:73.2,78.16 4 0
github.com/hveda/Setagaya/setagaya/model/collection.go:78.16,80.3 1 0
github.com/hveda/Setagaya/setagaya/model/collection.go:81.2,81.72 1 0
github.com/hveda/Setagaya/setagaya/model/collection.go:81.72,83.3 1 0
github.com/hveda/Setagaya/setagaya/model/collection.go:84.2,84.24 1 0
github.com/hveda/Setagaya/setagaya/model/collection.go:87.37,89.49 2 0
github.com/hveda/Setagaya/setagaya/model/collection.go:89.49,91.3 1 0
github.com/hveda/Setagaya/setagaya/model/collection.go:92.2,92.45 1 0
github.com/hveda/Setagaya/setagaya/model/collection.go:92.45,94.3 1 0
github.com/hveda/Setagaya/setagaya/model/collection.go:95.2,95.43 1 0
github.com/hveda/Setagaya/setagaya/model/collection.go:95.43,97.3 1 0
github.com/hveda/Setagaya/setagaya/model/collection.go:98.2,99.16 2 0
github.com/hveda/Setagaya/setagaya/model/collection.go:99.16,101.3 1 0
github.com/hveda/Setagaya/setagaya/model/collection.go:102.2,104.16 3 0
github.com/hveda/Setagaya/setagaya/model/collection.go:104.16,106.3 1 0
github.com/hveda/Setagaya/setagaya/model/collection.go:107.2,108.12 2 0
github.com/hveda/Setagaya/setagaya/model/collection.go:111.64,113.17 2 0
github.com/hveda/Setagaya/setagaya/model/collection.go:113.17,115.3 1 0
github.com/hveda/Setagaya/setagaya/model/collection.go:116.2,119.16 3 0
github.com/hveda/Setagaya/setagaya/model/collection.go:119.16,121.3 1 0
github.com/hveda/Setagaya/setagaya/model/collection.go:122.2,125.16 3 0
github.com/hveda/Setagaya/setagaya/model/collection.go:125.16,127.3 1 0
github.com/hveda/Setagaya/setagaya/model/collection.go:128.2,128.12 1 0
github.com/hveda/Setagaya/setagaya/model/collection.go:131.68,134.16 3 0
github.com/hveda/Setagaya/setagaya/model/collection.go:134.16,136.3 1 0
github.com/hveda/Setagaya/setagaya/model/collection.go:137.2,139.16 3 0
github.com/hveda/Setagaya/setagaya/model/collection.go:139.16,141.3 1 0
github.com/hveda/Setagaya/setagaya/model/collection.go:142.2,144.18 3 0
github.com/hveda/Setagaya/setagaya/model/collection.go:144.18,150.3 5 0
github.com/hveda/Setagaya/setagaya/model/collection.go:151.2,152.16 2 0
github.com/hveda/Setagaya/setagaya/model/collection.go:152.16,154.3 1 0
github.com/hveda/Setagaya/setagaya/model/collection.go:155.2,155.15 1 0
github.com/hveda/Setagaya/setagaya/model/collection.go:158.75,161.16 3 0
github.com/hveda/Setagaya/setagaya/model/collection.go:161.16,163.3 1 0
github.com/hveda/Setagaya/setagaya/model/collection.go:164.2,169.16 5 0
github.com/hveda/Setagaya/setagaya/model/collection.go:169.16,171.3 1 0
github.com/hveda/Setagaya/setagaya/model/collection.go:172.2,173.16 2 0
github.com/hveda/Setagaya/setagaya/model/collection.go:176.76,179.16 3 0
github.com/hveda/Setagaya/setagaya/model/collection.go:179.16,181.3 1 0
github.com/hveda/Setagaya/setagaya/model/collection.go:182.2,184.16 3 0
github.com/hveda/Setagaya/setagaya/model/collection.go:184.16,186.3 1 0
github.com/hveda/Setagaya/setagaya/model/collection.go:187.2,188.12 2 0
github.com/hveda/Setagaya/setagaya/model/collection.go:191.51,194.16 3 0
github.com/hveda/Setagaya/setagaya/model/collection.go:194.16,196.3 1 0
github.com/hveda/Setagaya/setagaya/model/collection.go:197.2,199.16 3 0
github.com/hveda/Setagaya/setagaya/model/collection.go:199.16,201.3 1 0
github.com/hveda/Setagaya/setagaya/model/collection.go:202.2,203.12 2 0
github.com/hveda/Setagaya/setagaya/model/collection.go:206.47,209.16 3 0
github.com/hveda/Setagaya/setagaya/model/collection.go:209.16,211.3 1 0
github.com/hveda/Setagaya/setagaya/model/collection.go:212.2,214.16 3 0
github.com/hveda/Setagaya/setagaya/model/collection.go:214.16,216.3 1 0
github.com/hveda/Setagaya/setagaya/model/collection.go:217.2,218.12 2 0
github.com/hveda/Setagaya/setagaya/model/collection.go:221.65,224.16 3 0
github.com/hveda/Setagaya/setagaya/model/collection.go:224.16,226.3 1 0
github.com/hveda/Setagaya/setagaya/model/collection.go:227.2,230.16 3 0
github.com/hveda/Setagaya/setagaya/model/collection.go:230.16,232.3 1 0
github.com/hveda/Setagaya/setagaya/model/collection.go:233.2,233.12 1 0
github.com/hveda/Setagaya/setagaya/model/collection.go:236.59,238.16 2 0
github.com/hveda/Setagaya/setagaya/model/collection.go:238.16,240.3 1 0
github.com/hveda/Setagaya/setagaya/model/collection.go:241.2,243.34 2 0
github.com/hveda/Setagaya/setagaya/model/collection.go:243.34,244.35 1 0
github.com/hveda/Setagaya/setagaya/model/collection.go:244.35,246.18 2 0
github.com/hveda/Setagaya/setagaya/model/collection.go:246.18,248.5 1 0
github.com/hveda/Setagaya/setagaya/model/collection.go:249.4,249.34 1 0
github.com/hveda/Setagaya/setagaya/model/collection.go:249.34,250.19 1 0
github.com/hveda/Setagaya/setagaya/model/collection.go:253.3,253.45 1 0
github.com/hveda/Setagaya/setagaya/model/collection.go:255.2,255.30 1 0
github.com/hveda/Setagaya/setagaya/model/collection.go:255.30,256.54 1 0
github.com/hveda/Setagaya/setagaya/model/collection.go:256.54,258.4 1 0
github.com/hveda/Setagaya/setagaya/model/collection.go:261.2,261.33 1 0
github.com/hveda/Setagaya/setagaya/model/collection.go:261.33,263.17 2 0
github.com/hveda/Setagaya/setagaya/model/collection.go:263.17,265.4 1 0
github.com/hveda/Setagaya/setagaya/model/collection.go:267.2,268.16 2 0
github.com/hveda/Setagaya/setagaya/model/collection.go:268.16,270.3 1 0
github.com/hveda/Setagaya/setagaya/model/collection.go:271.2,271.12 1 0
github.com/hveda/Setagaya/setagaya/model/collection.go:274.59,276.2 1 0
github.com/hveda/Setagaya/setagaya/model/collection.go:278.78,282.16 4 0
github.com/hveda/Setagaya/setagaya/model/collection.go:282.16,284.3 1 0
github.com/hveda/Setagaya/setagaya/model/collection.go:285.2,287.50 3 0
github.com/hveda/Setagaya/setagaya/model/collection.go:287.50,288.31 1 0
github.com/hveda/Setagaya/setagaya/model/collection.go:288.31,290.4 1 0
github.com/hveda/Setagaya/setagaya/model/collection.go:291.3,291.13 1 0
github.com/hveda/Setagaya/setagaya/model/collection.go:293.2,293.74 1 0
github.com/hveda/Setagaya/setagaya/model/collection.go:296.56,299.16 3 0
github.com/hveda/Setagaya/setagaya/model/collection.go:299.16,301.3 1 0
github.com/hveda/Setagaya/setagaya/model/collection.go:302.2,305.16 3 0
github.com/hveda/Setagaya/setagaya/model/collection.go:305.16,307.3 1 0
github.com/hveda/Setagaya/setagaya/model/collection.go:308.2,309.16 2 0
github.com/hveda/Setagaya/setagaya/model/collection.go:309.16,311.3 1 0
github.com/hveda/Setagaya/setagaya/model/collection.go:312.2,312.12 1 0
github.com/hveda/Setagaya/setagaya/model/collection.go:315.45,318.16 3 0
github.com/hveda/Setagaya/setagaya/model/collection.go:318.16,320.3 1 0
github.com/hveda/Setagaya/setagaya/model/collection.go:321.2,324.16 3 0
github.com/hveda/Setagaya/setagaya/model/collection.go:324.16,326.3 1 0
github.com/hveda/Setagaya/setagaya/model/collection.go:328.2,328.27 1 0
github.com/hveda/Setagaya/setagaya/model/collection.go:328.27,330.17 2 0
github.com/hveda/Setagaya/setagaya/model/collection.go:330.17,332.4 1 0
github.com/hveda/Setagaya/setagaya/model/collection.go:334.2,334.12 1 0
github.com/hveda/Setagaya/setagaya/model/collection.go:337.68,340.16 3 0
github.com/hveda/Setagaya/setagaya/model/collection.go:340.16,342.3 1 0
github.com/hveda/Setagaya/setagaya/model/collection.go:343.2,345.16 3 0
github.com/hveda/Setagaya/setagaya/model/collection.go:345.16,347.3 1 0
github.com/hveda/Setagaya/setagaya/model/collection.go:348.2,350.18 3 0
github.com/hveda/Setagaya/setagaya/model/collection.go:350.18,356.3 5 0
github.com/hveda/Setagaya/setagaya/model/collection.go:357.2,358.16 2 0
github.com/hveda/Setagaya/setagaya/model/collection.go:358.16,360.3 1 0
github.com/hveda/Setagaya/setagaya/model/collection.go:361.2,361.15 1 0
github.com/hveda/Setagaya/setagaya/model/collection.go:364.48,367.16 3 0
github.com/hveda/Setagaya/setagaya/model/collection.go:367.16,369.3 1 0
github.com/hveda/Setagaya/setagaya/model/collection.go:370.2,373.16 3 0
github.com/hveda/Setagaya/setagaya/model/collection.go:373.16,375.3 1 0
github.com/hveda/Setagaya/setagaya/model/collection.go:376.2,376.12 1 0
github.com/hveda/Setagaya/setagaya/model/collection.go:379.51,382.16 3 0
github.com/hveda/Setagaya/setagaya/model/collection.go:382.16,384.3 1 0
github.com/hveda/Setagaya/setagaya/model/collection.go:385.2,388.16 3 0
github.com/hveda/Setagaya/setagaya/model/collection.go:388.16,390.3 1 0
github.com/hveda/Setagaya/setagaya/model/collection.go:391.2,391.12 1 0
github.com/hveda/Setagaya/setagaya/model/collection.go:401.47,404.16 3 0
github.com/hveda/Setagaya/setagaya/model/collection.go:404.16,406.3 1 0
github.com/hveda/Setagaya/setagaya/model/collection.go:407.2,412.16 5 0
github.com/hveda/Setagaya/setagaya/model/collection.go:412.16,414.3 1 0
github.com/hveda/Setagaya/setagaya/model/collection.go:415.2,415.19 1 0
github.com/hveda/Setagaya/setagaya/model/collection.go:415.19,417.3 1 0
github.com/hveda/Setagaya/setagaya/model/collection.go:418.2,418.15 1 0
github.com/hveda/Setagaya/setagaya/model/collection.go:421.55,424.16 3 0
github.com/hveda/Setagaya/setagaya/model/collection.go:424.16,426.3 1 0
github.com/hveda/Setagaya/setagaya/model/collection.go:427.2,431.16 4 0
github.com/hveda/Setagaya/setagaya/model/collection.go:431.16,433.3 1 0
github.com/hveda/Setagaya/setagaya/model/collection.go:434.2,435.16 2 0
github.com/hveda/Setagaya/setagaya/model/collection.go:435.16,439.3 3 0
github.com/hveda/Setagaya/setagaya/model/collection.go:440.2,440.15 1 0
github.com/hveda/Setagaya/setagaya/model/collection.go:443.48,446.16 3 0
github.com/hveda/Setagaya/setagaya/model/collection.go:446.16,448.3 1 0
github.com/hveda/Setagaya/setagaya/model/collection.go:449.2,451.16 3 0
github.com/hveda/Setagaya/setagaya/model/collection.go:451.16,453.3 1 0
github.com/hveda/Setagaya/setagaya/model/collection.go:454.2,455.16 2 0
github.com/hveda/Setagaya/setagaya/model/collection.go:455.16,457.3 1 0
github.com/hveda/Setagaya/setagaya/model/collection.go:458.2,458.16 1 0
github.com/hveda/Setagaya/setagaya/model/collection.go:461.38,464.16 3 0
github.com/hveda/Setagaya/setagaya/model/collection.go:464.16,466.3 1 0
github.com/hveda/Setagaya/setagaya/model/collection.go:467.2,469.16 3 0
github.com/hveda/Setagaya/setagaya/model/collection.go:469.16,471.3 1 0
github.com/hveda/Setagaya/setagaya/model/collection.go:472.2,472.12 1 0
github.com/hveda/Setagaya/setagaya/model/collection.go:475.53,478.16 3 0
github.com/hveda/Setagaya/setagaya/model/collection.go:478.16,480.3 1 0
github.com/hveda/Setagaya/setagaya/model/collection.go:481.2,483.16 3 0
github.com/hveda/Setagaya/setagaya/model/collection.go:483.16,485.3 1 0
github.com/hveda/Setagaya/setagaya/model/collection.go:486.2,487.16 2 0
github.com/hveda/Setagaya/setagaya/model/collection.go:487.16,491.3 3 0
github.com/hveda/Setagaya/setagaya/model/collection.go:492.2,492.22 1 0
github.com/hveda/Setagaya/setagaya/model/collection.go:495.56,498.16 3 0
github.com/hveda/Setagaya/setagaya/model/collection.go:498.16,500.3 1 0
github.com/hveda/Setagaya/setagaya/model/collection.go:501.2,505.16 5 0
github.com/hveda/Setagaya/setagaya/model/collection.go:505.16,506.27 1 0
github.com/hveda/Setagaya/setagaya/model/collection.go:506.27,508.4 1 0
github.com/hveda/Setagaya/setagaya/model/collection.go:509.3,509.18 1 0
github.com/hveda/Setagaya/setagaya/model/collection.go:511.2,511.19 1 0
github.com/hveda/Setagaya/setagaya/model/collection.go:511.19,513.3 1 0
github.com/hveda/Setagaya/setagaya/model/collection.go:514.2,514.17 1 0
github.com/hveda/Setagaya/setagaya/model/collection.go:517.53,520.16 3 0
github.com/hveda/Setagaya/setagaya/model/collection.go:520.16,522.3 1 0
github.com/hveda/Setagaya/setagaya/model/collection.go:523.2,525.40 3 0
github.com/hveda/Setagaya/setagaya/model/collection.go:525.40,527.3 1 0
github.com/hveda/Setagaya/setagaya/model/collection.go:528.2,529.16 2 0
github.com/hveda/Setagaya/setagaya/model/collection.go:529.16,533.3 3 0
github.com/hveda/Setagaya/setagaya/model/collection.go:534.2,534.19 1 0
github.com/hveda/Setagaya/setagaya/model/collection.go:537.101,541.16 4 0
github.com/hveda/Setagaya/setagaya/model/collection.go:541.16,543.3 1 0
github.com/hveda/Setagaya/setagaya/model/collection.go:544.2,544.15 1 0
github.com/hveda/Setagaya/setagaya/model/collection.go:544.15,545.87 1 0
github.com/hveda/Setagaya/setagaya/model/collection.go:545.87,547.4 1 0
github.com/hveda/Setagaya/setagaya/model/collection.go:549.2,550.16 2 0
github.com/hveda/Setagaya/setagaya/model/collection.go:550.16,551.51 1 0
github.com/hveda/Setagaya/setagaya/model/collection.go:551.51,552.32 1 0
github.com/hveda/Setagaya/setagaya/model/collection.go:552.32,554.5 1 0
github.com/hveda/Setagaya/setagaya/model/collection.go:555.4,555.14 1 0
github.com/hveda/Setagaya/setagaya/model/collection.go:557.3,557.13 1 0
github.com/hveda/Setagaya/setagaya/model/collection.go:559.2,560.16 2 0
github.com/hveda/Setagaya/setagaya/model/collection.go:560.16,562.3 1 0
github.com/hveda/Setagaya/setagaya/model/collection.go:563.2,565.16 2 0
github.com/hveda/Setagaya/setagaya/model/collection.go:565.16,567.3 1 0
github.com/hveda/Setagaya/setagaya/model/collection.go:568.2,568.20 1 0
github.com/hveda/Setagaya/setagaya/model/collection.go:571.68,576.16 4 0
github.com/hveda/Setagaya/setagaya/model/collection.go:576.16,578.3 1 0
github.com/hveda/Setagaya/setagaya/model/collection.go:579.2,579.15 1 0
github.com/hveda/Setagaya/setagaya/model/collection.go:579.15,580.87 1 0
github.com/hveda/Setagaya/setagaya/model/collection.go:580.87,582.4 1 0
github.com/hveda/Setagaya/setagaya/model/collection.go:585.2,586.117 2 0
github.com/hveda/Setagaya/setagaya/model/collection.go:586.117,589.27 1 0
github.com/hveda/Setagaya/setagaya/model/collection.go:589.27,591.4 1 0
github.com/hveda/Setagaya/setagaya/model/collection.go:592.3,592.13 1 0
github.com/hveda/Setagaya/setagaya/model/collection.go:594.2,596.16 2 0
github.com/hveda/Setagaya/setagaya/model/collection.go:596.16,598.3 1 0
github.com/hveda/Setagaya/setagaya/model/collection.go:599.2,600.16 2 0
github.com/hveda/Setagaya/setagaya/model/collection.go:600.16,602.3 1 0
github.com/hveda/Setagaya/setagaya/model/collection.go:603.2,603.20 1 0
github.com/hveda/Setagaya/setagaya/model/collection.go:607.67,611.16 4 0
github.com/hveda/Setagaya/setagaya/model/collection.go:611.16,613.3 1 0
github.com/hveda/Setagaya/setagaya/model/collection.go:614.2,616.16 3 0
github.com/hveda/Setagaya/setagaya/model/collection.go:616.16,618.3 1 0
github.com/hveda/Setagaya/setagaya/model/collection.go:619.2,620.16 2 0
github.com/hveda/Setagaya/setagaya/model/collection.go:620.16,624.3 3 0
github.com/hveda/Setagaya/setagaya/model/collection.go:625.2,625.27 1 0
github.com/hveda/Setagaya/setagaya/model/common.go:7.44,8.22 1 1
github.com/hveda/Setagaya/setagaya/model/common.go:8.22,9.16 1 1
github.com/hveda/Setagaya/setagaya/model/common.go:9.16,11.4 1 1
github.com/hveda/Setagaya/setagaya/model/common.go:13.2,13.14 1 1
github.com/hveda/Setagaya/setagaya/model/errors.go:8.34,10.2 1 1
github.com/hveda/Setagaya/setagaya/model/plan.go:26.62,29.16 3 0
github.com/hveda/Setagaya/setagaya/model/plan.go:29.16,31.3 1 0
github.com/hveda/Setagaya/setagaya/model/plan.go:32.2,35.16 3 0
github.com/hveda/Setagaya/setagaya/model/plan.go:35.16,37.3 1 0
github.com/hveda/Setagaya/setagaya/model/plan.go:38.2,39.16 2 0
github.com/hveda/Setagaya/setagaya/model/plan.go:42.39,45.16 3 0
github.com/hveda/Setagaya/setagaya/model/plan.go:45.16,47.3 1 0
github.com/hveda/Setagaya/setagaya/model/plan.go:48.2,52.16 4 0
github.com/hveda/Setagaya/setagaya/model/plan.go:52.16,54.3 1 0
github.com/hveda/Setagaya/setagaya/model/plan.go:55.2,55.69 1 0
github.com/hveda/Setagaya/setagaya/model/plan.go:55.69,57.3 1 0
github.com/hveda/Setagaya/setagaya/model/plan.go:58.2,58.18 1 0
github.com/hveda/Setagaya/setagaya/model/plan.go:61.71,64.16 3 0
github.com/hveda/Setagaya/setagaya/model/plan.go:64.16,66.3 1 0
github.com/hveda/Setagaya/setagaya/model/plan.go:67.2,69.16 3 0
github.com/hveda/Setagaya/setagaya/model/plan.go:69.16,71.3 1 0
github.com/hveda/Setagaya/setagaya/model/plan.go:72.2,74.18 3 0
github.com/hveda/Setagaya/setagaya/model/plan.go:74.18,80.3 5 0
github.com/hveda/Setagaya/setagaya/model/plan.go:81.2,82.16 2 0
github.com/hveda/Setagaya/setagaya/model/plan.go:82.16,84.3 1 0
github.com/hveda/Setagaya/setagaya/model/plan.go:85.2,86.16 2 0
github.com/hveda/Setagaya/setagaya/model/plan.go:86.16,88.3 1 0
github.com/hveda/Setagaya/setagaya/model/plan.go:89.2,92.16 4 0
github.com/hveda/Setagaya/setagaya/model/plan.go:92.16,94.3 1 0
github.com/hveda/Setagaya/setagaya/model/plan.go:95.2,97.18 3 0
github.com/hveda/Setagaya/setagaya/model/plan.go:100.31,101.43 1 0
github.com/hveda/Setagaya/setagaya/model/plan.go:101.43,103.3 1 0
github.com/hveda/Setagaya/setagaya/model/plan.go:104.2,106.16 3 0
github.com/hveda/Setagaya/setagaya/model/plan.go:106.16,108.3 1 0
github.com/hveda/Setagaya/setagaya/model/plan.go:109.2,111.16 3 0
github.com/hveda/Setagaya/setagaya/model/plan.go:111.16,113.3 1 0
github.com/hveda/Setagaya/setagaya/model/plan.go:114.2,114.12 1 0
github.com/hveda/Setagaya/setagaya/model/plan.go:117.53,119.2 1 0
github.com/hveda/Setagaya/setagaya/model/plan.go:121.72,124.41 3 0
github.com/hveda/Setagaya/setagaya/model/plan.go:124.41,126.3 1 0
github.com/hveda/Setagaya/setagaya/model/plan.go:127.2,129.16 3 0
github.com/hveda/Setagaya/setagaya/model/plan.go:129.16,131.3 1 0
github.com/hveda/Setagaya/setagaya/model/plan.go:132.2,134.50 3 0
github.com/hveda/Setagaya/setagaya/model/plan.go:134.50,135.31 1 0
github.com/hveda/Setagaya/setagaya/model/plan.go:135.31,137.4 1 0
github.com/hveda/Setagaya/setagaya/model/plan.go:138.3,138.13 1 0
github.com/hveda/Setagaya/setagaya/model/plan.go:140.2,140.74 1 0
github.com/hveda/Setagaya/setagaya/model/plan.go:143.50,145.41 2 0
github.com/hveda/Setagaya/setagaya/model/plan.go:145.41,147.3 1 0
github.com/hveda/Setagaya/setagaya/model/plan.go:148.2,150.16 3 0
github.com/hveda/Setagaya/setagaya/model/plan.go:150.16,152.3 1 0
github.com/hveda/Setagaya/setagaya/model/plan.go:153.2,156.16 3 0
github.com/hveda/Setagaya/setagaya/model/plan.go:156.16,158.3 1 0
github.com/hveda/Setagaya/setagaya/model/plan.go:159.2,160.16 2 0
github.com/hveda/Setagaya/setagaya/model/plan.go:160.16,162.3 1 0
github.com/hveda/Setagaya/setagaya/model/plan.go:163.2,163.12 1 0
github.com/hveda/Setagaya/setagaya/model/plan.go:166.39,169.16 3 0
github.com/hveda/Setagaya/setagaya/model/plan.go:169.16,171.3 1 0
github.com/hveda/Setagaya/setagaya/model/plan.go:172.2,175.16 3 0
github.com/hveda/Setagaya/setagaya/model/plan.go:175.16,177.3 1 0
github.com/hveda/Setagaya/setagaya/model/plan.go:179.2,179.27 1 0
github.com/hveda/Setagaya/setagaya/model/plan.go:179.27,181.17 2 0
github.com/hveda/Setagaya/setagaya/model/plan.go:181.17,183.4 1 0
github.com/hveda/Setagaya/setagaya/model/plan.go:185.2,185.12 1 0
github.com/hveda/Setagaya/setagaya/model/plan.go:188.44,191.16 3 0
github.com/hveda/Setagaya/setagaya/model/plan.go:191.16,193.3 1 0
github.com/hveda/Setagaya/setagaya/model/plan.go:194.2,196.16 3 0
github.com/hveda/Setagaya/setagaya/model/plan.go:196.16,198.3 1 0
github.com/hveda/Setagaya/setagaya/model/plan.go:199.2,200.16 2 0
github.com/hveda/Setagaya/setagaya/model/plan.go:200.16,202.3 1 0
github.com/hveda/Setagaya/setagaya/model/plan.go:203.2,203.19 1 0
github.com/hveda/Setagaya/setagaya/model/plan.go:212.54,215.16 3 0
github.com/hveda/Setagaya/setagaya/model/plan.go:215.16,217.3 1 0
github.com/hveda/Setagaya/setagaya/model/plan.go:218.2,220.16 3 0
github.com/hveda/Setagaya/setagaya/model/plan.go:220.16,222.3 1 0
github.com/hveda/Setagaya/setagaya/model/plan.go:223.2,225.16 3 0
github.com/hveda/Setagaya/setagaya/model/plan.go:225.16,229.3 3 0
github.com/hveda/Setagaya/setagaya/model/plan.go:230.2,230.17 1 0
github.com/hveda/Setagaya/setagaya/model/plan.go:233.48,236.16 3 0
github.com/hveda/Setagaya/setagaya/model/plan.go:236.16,238.3 1 0
github.com/hveda/Setagaya/setagaya/model/plan.go:239.2,241.16 3 0
github.com/hveda/Setagaya/setagaya/model/plan.go:241.16,243.3 1 0
github.com/hveda/Setagaya/setagaya/model/plan.go:244.2,246.16 3 0
github.com/hveda/Setagaya/setagaya/model/plan.go:246.16,250.3 3 0
github.com/hveda/Setagaya/setagaya/model/plan.go:251.2,251.17 1 0
github.com/hveda/Setagaya/setagaya/model/plan.go:254.71,257.16 3 0
github.com/hveda/Setagaya/setagaya/model/plan.go:257.16,259.3 1 0
github.com/hveda/Setagaya/setagaya/model/plan.go:260.2,263.16 4 0
github.com/hveda/Setagaya/setagaya/model/plan.go:263.16,265.3 1 0
github.com/hveda/Setagaya/setagaya/model/plan.go:266.2,266.16 1 0
github.com/hveda/Setagaya/setagaya/model/plan.go:269.55,272.16 3 0
github.com/hveda/Setagaya/setagaya/model/plan.go:272.16,274.3 1 0
github.com/hveda/Setagaya/setagaya/model/plan.go:275.2,277.16 3 0
github.com/hveda/Setagaya/setagaya/model/plan.go:277.16,279.3 1 0
github.com/hveda/Setagaya/setagaya/model/plan.go:280.2,280.12 1 0
github.com/hveda/Setagaya/setagaya/model/plan.go:283.58,286.16 3 0
github.com/hveda/Setagaya/setagaya/model/plan.go:286.16,288.3 1 0
github.com/hveda/Setagaya/setagaya/model/plan.go:289.2,291.16 3 0
github.com/hveda/Setagaya/setagaya/model/plan.go:291.16,293.3 1 0
github.com/hveda/Setagaya/setagaya/model/plan.go:294.2,294.12 1 0
github.com/hveda/Setagaya/setagaya/model/plan.go:297.78,301.16 4 0
github.com/hveda/Setagaya/setagaya/model/plan.go:301.16,303.3 1 0
github.com/hveda/Setagaya/setagaya/model/plan.go:304.2,306.16 3 0
github.com/hveda/Setagaya/setagaya/model/plan.go:306.16,308.3 1 0
github.com/hveda/Setagaya/setagaya/model/plan.go:309.2,310.18 2 0
github.com/hveda/Setagaya/setagaya/model/plan.go:310.18,314.3 3 0
github.com/hveda/Setagaya/setagaya/model/plan.go:315.2,315.17 1 0
github.com/hveda/Setagaya/setagaya/model/project.go:28.60,31.16 3 0
github.com/hveda/Setagaya/setagaya/model/project.go:31.16,33.3 1 0
github.com/hveda/Setagaya/setagaya/model/project.go:34.2,40.15 3 0
github.com/hveda/Setagaya/setagaya/model/project.go:40.15,42.3 1 0
github.com/hveda/Setagaya/setagaya/model/project.go:44.2,46.16 2 0
github.com/hveda/Setagaya/setagaya/model/project.go:46.16,48.3 1 0
github.com/hveda/Setagaya/setagaya/model/project.go:49.2,50.16 2 0
github.com/hveda/Setagaya/setagaya/model/project.go:53.63,57.22 3 0
github.com/hveda/Setagaya/setagaya/model/project.go:57.22,59.3 1 0
github.com/hveda/Setagaya/setagaya/model/project.go:62.2,64.31 3 0
github.com/hveda/Setagaya/setagaya/model/project.go:64.31,67.3 2 0
github.com/hveda/Setagaya/setagaya/model/project.go:70.2,73.16 3 0
github.com/hveda/Setagaya/setagaya/model/project.go:73.16,75.3 1 0
github.com/hveda/Setagaya/setagaya/model/project.go:76.2,78.16 3 0
github.com/hveda/Setagaya/setagaya/model/project.go:78.16,80.3 1 0
github.com/hveda/Setagaya/setagaya/model/project.go:81.2,82.18 2 0
github.com/hveda/Setagaya/setagaya/model/project.go:82.18,87.3 4 0
github.com/hveda/Setagaya/setagaya/model/project.go:88.2,89.16 2 0
github.com/hveda/Setagaya/setagaya/model/project.go:89.16,91.3 1 0
github.com/hveda/Setagaya/setagaya/model/project.go:92.2,92.15 1 0
github.com/hveda/Setagaya/setagaya/model/project.go:95.45,98.16 3 0
github.com/hveda/Setagaya/setagaya/model/project.go:98.16,100.3 1 0
github.com/hveda/Setagaya/setagaya/model/project.go:101.2,105.16 4 0
github.com/hveda/Setagaya/setagaya/model/project.go:105.16,107.3 1 0
github.com/hveda/Setagaya/setagaya/model/project.go:109.2,110.21 2 0
github.com/hveda/Setagaya/setagaya/model/project.go:113.34,116.16 3 0
github.com/hveda/Setagaya/setagaya/model/project.go:116.16,118.3 1 0
github.com/hveda/Setagaya/setagaya/model/project.go:119.2,121.16 3 0
github.com/hveda/Setagaya/setagaya/model/project.go:121.16,123.3 1 0
github.com/hveda/Setagaya/setagaya/model/project.go:124.2,125.12 2 0
github.com/hveda/Setagaya/setagaya/model/project.go:128.59,132.16 4 0
github.com/hveda/Setagaya/setagaya/model/project.go:132.16,134.3 1 0
github.com/hveda/Setagaya/setagaya/model/project.go:135.2,137.16 3 0
github.com/hveda/Setagaya/setagaya/model/project.go:137.16,139.3 1 0
github.com/hveda/Setagaya/setagaya/model/project.go:140.2,141.18 2 0
github.com/hveda/Setagaya/setagaya/model/project.go:141.18,145.3 3 0
github.com/hveda/Setagaya/setagaya/model/project.go:146.2,147.16 2 0
github.com/hveda/Setagaya/setagaya/model/project.go:147.16,149.3 1 0
github.com/hveda/Setagaya/setagaya/model/project.go:150.2,150.15 1 0
github.com/hveda/Setagaya/setagaya/model/project.go:153.47,157.16 4 0
github.com/hveda/Setagaya/setagaya/model/project.go:157.16,159.3 1 0
github.com/hveda/Setagaya/setagaya/model/project.go:160.2,162.16 3 0
github.com/hveda/Setagaya/setagaya/model/project.go:162.16,164.3 1 0
github.com/hveda/Setagaya/setagaya/model/project.go:165.2,166.18 2 0
github.com/hveda/Setagaya/setagaya/model/project.go:166.18,170.3 3 0
github.com/hveda/Setagaya/setagaya/model/project.go:171.2,172.16 2 0
github.com/hveda/Setagaya/setagaya/model/project.go:172.16,174.3 1 0
github.com/hveda/Setagaya/setagaya/model/project.go:175.2,175.15 1 0
github.com/hveda/Setagaya/setagaya/model/test_utils.go:15.30,58.2 5 1
github.com/hveda/Setagaya/setagaya/model/test_utils.go:61.52,63.16 2 0
github.com/hveda/Setagaya/setagaya/model/test_utils.go:63.16,65.3 1 0
github.com/hveda/Setagaya/setagaya/model/test_utils.go:66.2,69.12 3 0
github.com/hveda/Setagaya/setagaya/model/test_utils.go:72.31,74.26 1 1
github.com/hveda/Setagaya/setagaya/model/test_utils.go:74.26,76.3 1 1
github.com/hveda/Setagaya/setagaya/model/test_utils.go:78.2,92.38 3 0
github.com/hveda/Setagaya/setagaya/model/test_utils.go:92.38,93.65 1 0
github.com/hveda/Setagaya/setagaya/model/test_utils.go:93.65,95.4 1 0
github.com/hveda/Setagaya/setagaya/model/test_utils.go:98.2,98.12 1 0
github.com/hveda/Setagaya/setagaya/model/test_utils.go:102.48,107.42 2 1
github.com/hveda/Setagaya/setagaya/model/test_utils.go:107.42,109.3 1 0
github.com/hveda/Setagaya/setagaya/model/test_utils.go:112.2,112.16 1 1
github.com/hveda/Setagaya/setagaya/model/test_utils.go:112.16,114.3 1 1
github.com/hveda/Setagaya/setagaya/model/test_utils.go:118.58,186.16 5 0
github.com/hveda/Setagaya/setagaya/model/test_utils.go:186.16,188.3 1 0
github.com/hveda/Setagaya/setagaya/model/test_utils.go:190.2,190.61 1 0
github.com/hveda/Setagaya/setagaya/model/test_utils.go:190.61,192.3 1 0
github.com/hveda/Setagaya/setagaya/model/test_utils.go:195.2,198.28 3 0
github.com/hveda/Setagaya/setagaya/model/test_utils.go:198.28,201.3 2 0
github.com/hveda/Setagaya/setagaya/model/usage.go:31.82,34.16 3 0
github.com/hveda/Setagaya/setagaya/model/usage.go:34.16,36.3 1 0
github.com/hveda/Setagaya/setagaya/model/usage.go:37.2,38.16 2 0
github.com/hveda/Setagaya/setagaya/model/usage.go:38.16,40.3 1 0
github.com/hveda/Setagaya/setagaya/model/usage.go:41.2,44.16 3 0
github.com/hveda/Setagaya/setagaya/model/usage.go:44.16,48.3 3 0
github.com/hveda/Setagaya/setagaya/model/usage.go:49.2,49.21 1 0
github.com/hveda/Setagaya/setagaya/model/usage.go:52.62,56.2 3 1
github.com/hveda/Setagaya/setagaya/model/usage.go:58.47,60.2 1 1
github.com/hveda/Setagaya/setagaya/model/usage.go:62.86,64.28 2 0
github.com/hveda/Setagaya/setagaya/model/usage.go:64.28,66.46 2 0
github.com/hveda/Setagaya/setagaya/model/usage.go:66.46,67.12 1 0
github.com/hveda/Setagaya/setagaya/model/usage.go:69.3,70.17 2 0
github.com/hveda/Setagaya/setagaya/model/usage.go:70.17,71.12 1 0
github.com/hveda/Setagaya/setagaya/model/usage.go:73.3,74.17 2 0
github.com/hveda/Setagaya/setagaya/model/usage.go:74.17,75.12 1 0
github.com/hveda/Setagaya/setagaya/model/usage.go:77.3,77.34 1 0
github.com/hveda/Setagaya/setagaya/model/usage.go:79.2,79.30 1 0
github.com/hveda/Setagaya/setagaya/model/usage.go:82.54,83.59 1 1
github.com/hveda/Setagaya/setagaya/model/usage.go:83.59,86.3 1 1
github.com/hveda/Setagaya/setagaya/model/usage.go:88.2,88.23 1 1
github.com/hveda/Setagaya/setagaya/model/usage.go:88.23,90.3 1 1
github.com/hveda/Setagaya/setagaya/model/usage.go:92.2,92.11 1 1
github.com/hveda/Setagaya/setagaya/model/usage.go:95.79,97.16 2 0
github.com/hveda/Setagaya/setagaya/model/usage.go:97.16,99.3 1 0
github.com/hveda/Setagaya/setagaya/model/usage.go:100.2,109.42 4 0
github.com/hveda/Setagaya/setagaya/model/usage.go:109.42,111.16 2 0
github.com/hveda/Setagaya/setagaya/model/usage.go:111.16,113.4 1 0
github.com/hveda/Setagaya/setagaya/model/usage.go:114.3,115.34 2 0
github.com/hveda/Setagaya/setagaya/model/usage.go:115.34,118.4 2 0
github.com/hveda/Setagaya/setagaya/model/usage.go:120.2,120.28 1 0
github.com/hveda/Setagaya/setagaya/model/usage.go:120.28,135.17 6 0
github.com/hveda/Setagaya/setagaya/model/usage.go:135.17,138.11 2 0
github.com/hveda/Setagaya/setagaya/model/usage.go:138.11,139.13 1 0
github.com/hveda/Setagaya/setagaya/model/usage.go:141.4,142.25 2 0
github.com/hveda/Setagaya/setagaya/model/usage.go:142.25,144.5 1 0
github.com/hveda/Setagaya/setagaya/model/usage.go:149.3,152.35 4 0
github.com/hveda/Setagaya/setagaya/model/usage.go:152.35,155.4 2 0
github.com/hveda/Setagaya/setagaya/model/usage.go:155.9,157.4 1 0
github.com/hveda/Setagaya/setagaya/model/usage.go:159.2,159.15 1 0
github.com/hveda/Setagaya/setagaya/model/usage.go:162.89,167.16 3 0
github.com/hveda/Setagaya/setagaya/model/usage.go:167.16,169.3 1 0
github.com/hveda/Setagaya/setagaya/model/usage.go:170.2,178.28 5 0
github.com/hveda/Setagaya/setagaya/model/usage.go:178.28,181.17 3 0
github.com/hveda/Setagaya/setagaya/model/usage.go:181.17,183.11 2 0
github.com/hveda/Setagaya/setagaya/model/usage.go:183.11,184.13 1 0
github.com/hveda/Setagaya/setagaya/model/usage.go:186.4,186.20 1 0
github.com/hveda/Setagaya/setagaya/model/usage.go:186.20,187.13 1 0
github.com/hveda/Setagaya/setagaya/model/usage.go:189.4,189.17 1 0
github.com/hveda/Setagaya/setagaya/model/usage.go:191.3,191.19 1 0
github.com/hveda/Setagaya/setagaya/model/usage.go:191.19,192.12 1 0
github.com/hveda/Setagaya/setagaya/model/usage.go:194.3,198.32 5 0
github.com/hveda/Setagaya/setagaya/model/usage.go:200.2,201.15 2 0
github.com/hveda/Setagaya/setagaya/model/user.go:20.52,23.33 3 1
github.com/hveda/Setagaya/setagaya/model/user.go:23.33,28.3 4 1
github.com/hveda/Setagaya/setagaya/model/user.go:29.2,30.16 2 0
github.com/hveda/Setagaya/setagaya/model/user.go:30.16,32.3 1 0
github.com/hveda/Setagaya/setagaya/model/user.go:33.2,34.24 2 0
github.com/hveda/Setagaya/setagaya/model/user.go:34.24,36.3 1 0
github.com/hveda/Setagaya/setagaya/model/user.go:37.2,37.42 1 0
github.com/hveda/Setagaya/setagaya/model/user.go:37.42,39.3 1 0
github.com/hveda/Setagaya/setagaya/model/user.go:39.8,42.3 2 0
github.com/hveda/Setagaya/setagaya/model/user.go:43.2,43.57 1 0
github.com/hveda/Setagaya/setagaya/model/user.go:43.57,45.3 1 0
github.com/hveda/Setagaya/setagaya/model/user.go:45.8,48.3 2 0
github.com/hveda/Setagaya/setagaya/model/user.go:49.2,49.25 1 0
github.com/hveda/Setagaya/setagaya/model/user.go:49.25,51.3 1 0
github.com/hveda/Setagaya/setagaya/model/user.go:52.2,52.10 1 0
github.com/hveda/Setagaya/setagaya/model/user.go:55.34,56.26 1 1
github.com/hveda/Setagaya/setagaya/model/user.go:56.26,57.57 1 1
github.com/hveda/Setagaya/setagaya/model/user.go:57.57,58.19 1 1
github.com/hveda/Setagaya/setagaya/model/user.go:58.19,60.5 1 1
github.com/hveda/Setagaya/setagaya/model/user.go:65.2,65.47 1 1
github.com/hveda/Setagaya/setagaya/model/user.go:65.47,67.3 1 1
github.com/hveda/Setagaya/setagaya/model/user.go:68.2,68.14 1 1
