mode: set
github.com/hveda/Setagaya/setagaya/main.go:20.13,27.31 7 0
github.com/hveda/Setagaya/setagaya/main.go:27.31,29.3 1 0
github.com/hveda/Setagaya/setagaya/main.go:30.2,33.98 3 0
github.com/hveda/Setagaya/setagaya/main.go:33.98,38.3 3 0
github.com/hveda/Setagaya/setagaya/main.go:39.2,39.83 1 0
github.com/hveda/Setagaya/setagaya/auth/ldap.go:23.59,33.16 9 0
github.com/hveda/Setagaya/setagaya/auth/ldap.go:33.16,35.3 1 0
github.com/hveda/Setagaya/setagaya/auth/ldap.go:36.2,40.16 5 0
github.com/hveda/Setagaya/setagaya/auth/ldap.go:40.16,42.3 1 0
github.com/hveda/Setagaya/setagaya/auth/ldap.go:43.2,51.16 3 0
github.com/hveda/Setagaya/setagaya/auth/ldap.go:51.16,53.3 1 0
github.com/hveda/Setagaya/setagaya/auth/ldap.go:55.2,56.23 2 0
github.com/hveda/Setagaya/setagaya/auth/ldap.go:56.23,58.3 1 0
github.com/hveda/Setagaya/setagaya/auth/ldap.go:60.2,61.26 2 0
github.com/hveda/Setagaya/setagaya/auth/ldap.go:61.26,63.3 1 0
github.com/hveda/Setagaya/setagaya/auth/ldap.go:64.2,65.22 2 0
github.com/hveda/Setagaya/setagaya/auth/ldap.go:65.22,67.3 1 0
github.com/hveda/Setagaya/setagaya/auth/ldap.go:68.2,70.16 3 0
github.com/hveda/Setagaya/setagaya/auth/ldap.go:70.16,72.3 1 0
github.com/hveda/Setagaya/setagaya/auth/ldap.go:73.2,81.16 3 0
github.com/hveda/Setagaya/setagaya/auth/ldap.go:81.16,83.3 1 0
github.com/hveda/Setagaya/setagaya/auth/ldap.go:84.2,85.23 2 0
github.com/hveda/Setagaya/setagaya/auth/ldap.go:85.23,87.3 1 0
github.com/hveda/Setagaya/setagaya/auth/ldap.go:88.2,89.26 2 0
github.com/hveda/Setagaya/setagaya/auth/ldap.go:89.26,91.3 1 0
github.com/hveda/Setagaya/setagaya/auth/ldap.go:92.2,93.27 2 0
github.com/hveda/Setagaya/setagaya/auth/ldap.go:93.27,95.19 2 0
github.com/hveda/Setagaya/setagaya/auth/ldap.go:95.19,96.12 1 0
github.com/hveda/Setagaya/setagaya/auth/ldap.go:98.3,98.32 1 0
github.com/hveda/Setagaya/setagaya/auth/ldap.go:100.2,100.15 1 0
github.com/hveda/Setagaya/setagaya/auth/mysqlstore.go:50.13,51.29 1 0
github.com/hveda/Setagaya/setagaya/auth/mysqlstore.go:51.29,54.17 3 0
github.com/hveda/Setagaya/setagaya/auth/mysqlstore.go:54.17,56.4 1 0
github.com/hveda/Setagaya/setagaya/auth/mysqlstore.go:58.2,58.27 1 0
github.com/hveda/Setagaya/setagaya/auth/mysqlstore.go:61.121,63.16 2 0
github.com/hveda/Setagaya/setagaya/auth/mysqlstore.go:63.16,65.3 1 0
github.com/hveda/Setagaya/setagaya/auth/mysqlstore.go:67.2,67.78 1 0
github.com/hveda/Setagaya/setagaya/auth/mysqlstore.go:70.130,80.44 3 0
github.com/hveda/Setagaya/setagaya/auth/mysqlstore.go:80.44,81.21 1 0
github.com/hveda/Setagaya/setagaya/auth/mysqlstore.go:82.26,84.46 1 0
github.com/hveda/Setagaya/setagaya/auth/mysqlstore.go:84.46,85.10 1 0
github.com/hveda/Setagaya/setagaya/auth/mysqlstore.go:86.10,88.5 1 0
github.com/hveda/Setagaya/setagaya/auth/mysqlstore.go:89.11,90.19 1 0
github.com/hveda/Setagaya/setagaya/auth/mysqlstore.go:94.2,97.20 3 0
github.com/hveda/Setagaya/setagaya/auth/mysqlstore.go:97.20,99.3 1 0
github.com/hveda/Setagaya/setagaya/auth/mysqlstore.go:101.2,103.20 3 0
github.com/hveda/Setagaya/setagaya/auth/mysqlstore.go:103.20,105.3 1 0
github.com/hveda/Setagaya/setagaya/auth/mysqlstore.go:107.2,110.20 3 0
github.com/hveda/Setagaya/setagaya/auth/mysqlstore.go:110.20,112.3 1 0
github.com/hveda/Setagaya/setagaya/auth/mysqlstore.go:114.2,117.20 3 0
github.com/hveda/Setagaya/setagaya/auth/mysqlstore.go:117.20,119.3 1 0
github.com/hveda/Setagaya/setagaya/auth/mysqlstore.go:121.2,133.8 1 0
github.com/hveda/Setagaya/setagaya/auth/mysqlstore.go:136.30,137.45 1 0
github.com/hveda/Setagaya/setagaya/auth/mysqlstore.go:137.45,139.3 1 0
github.com/hveda/Setagaya/setagaya/auth/mysqlstore.go:140.2,140.45 1 0
github.com/hveda/Setagaya/setagaya/auth/mysqlstore.go:140.45,142.3 1 0
github.com/hveda/Setagaya/setagaya/auth/mysqlstore.go:143.2,143.45 1 0
github.com/hveda/Setagaya/setagaya/auth/mysqlstore.go:143.45,145.3 1 0
github.com/hveda/Setagaya/setagaya/auth/mysqlstore.go:146.2,146.45 1 0
github.com/hveda/Setagaya/setagaya/auth/mysqlstore.go:146.45,148.3 1 0
github.com/hveda/Setagaya/setagaya/auth/mysqlstore.go:149.2,149.37 1 0
github.com/hveda/Setagaya/setagaya/auth/mysqlstore.go:149.37,151.3 1 0
github.com/hveda/Setagaya/setagaya/auth/mysqlstore.go:154.83,156.2 1 0
github.com/hveda/Setagaya/setagaya/auth/mysqlstore.go:158.83,169.57 5 0
github.com/hveda/Setagaya/setagaya/auth/mysqlstore.go:169.57,171.17 2 0
github.com/hveda/Setagaya/setagaya/auth/mysqlstore.go:171.17,173.18 2 0
github.com/hveda/Setagaya/setagaya/auth/mysqlstore.go:173.18,175.5 1 0
github.com/hveda/Setagaya/setagaya/auth/mysqlstore.go:175.10,177.5 1 0
github.com/hveda/Setagaya/setagaya/auth/mysqlstore.go:180.2,180.21 1 0
github.com/hveda/Setagaya/setagaya/auth/mysqlstore.go:183.100,185.22 2 0
github.com/hveda/Setagaya/setagaya/auth/mysqlstore.go:185.22,186.42 1 0
github.com/hveda/Setagaya/setagaya/auth/mysqlstore.go:186.42,188.4 1 0
github.com/hveda/Setagaya/setagaya/auth/mysqlstore.go:189.8,189.46 1 0
github.com/hveda/Setagaya/setagaya/auth/mysqlstore.go:189.46,191.3 1 0
github.com/hveda/Setagaya/setagaya/auth/mysqlstore.go:192.2,193.16 2 0
github.com/hveda/Setagaya/setagaya/auth/mysqlstore.go:193.16,195.3 1 0
github.com/hveda/Setagaya/setagaya/auth/mysqlstore.go:196.2,197.12 2 0
github.com/hveda/Setagaya/setagaya/auth/mysqlstore.go:200.81,203.43 3 0
github.com/hveda/Setagaya/setagaya/auth/mysqlstore.go:203.43,205.3 1 0
github.com/hveda/Setagaya/setagaya/auth/mysqlstore.go:206.2,206.27 1 0
github.com/hveda/Setagaya/setagaya/auth/mysqlstore.go:209.62,214.17 5 0
github.com/hveda/Setagaya/setagaya/auth/mysqlstore.go:214.17,216.3 1 0
github.com/hveda/Setagaya/setagaya/auth/mysqlstore.go:216.8,218.3 1 0
github.com/hveda/Setagaya/setagaya/auth/mysqlstore.go:219.2,221.17 3 0
github.com/hveda/Setagaya/setagaya/auth/mysqlstore.go:221.17,223.3 1 0
github.com/hveda/Setagaya/setagaya/auth/mysqlstore.go:223.8,225.3 1 0
github.com/hveda/Setagaya/setagaya/auth/mysqlstore.go:226.2,231.16 5 0
github.com/hveda/Setagaya/setagaya/auth/mysqlstore.go:231.16,233.3 1 0
github.com/hveda/Setagaya/setagaya/auth/mysqlstore.go:234.2,235.19 2 0
github.com/hveda/Setagaya/setagaya/auth/mysqlstore.go:235.19,237.3 1 0
github.com/hveda/Setagaya/setagaya/auth/mysqlstore.go:238.2,239.20 2 0
github.com/hveda/Setagaya/setagaya/auth/mysqlstore.go:239.20,241.3 1 0
github.com/hveda/Setagaya/setagaya/auth/mysqlstore.go:242.2,243.12 2 0
github.com/hveda/Setagaya/setagaya/auth/mysqlstore.go:246.102,253.32 4 0
github.com/hveda/Setagaya/setagaya/auth/mysqlstore.go:253.32,255.3 1 0
github.com/hveda/Setagaya/setagaya/auth/mysqlstore.go:257.2,258.19 2 0
github.com/hveda/Setagaya/setagaya/auth/mysqlstore.go:258.19,260.3 1 0
github.com/hveda/Setagaya/setagaya/auth/mysqlstore.go:261.2,261.12 1 0
github.com/hveda/Setagaya/setagaya/auth/mysqlstore.go:264.60,265.27 1 0
github.com/hveda/Setagaya/setagaya/auth/mysqlstore.go:265.27,267.3 1 0
github.com/hveda/Setagaya/setagaya/auth/mysqlstore.go:268.2,271.17 4 0
github.com/hveda/Setagaya/setagaya/auth/mysqlstore.go:271.17,273.3 1 0
github.com/hveda/Setagaya/setagaya/auth/mysqlstore.go:273.8,275.3 1 0
github.com/hveda/Setagaya/setagaya/auth/mysqlstore.go:277.2,278.17 2 0
github.com/hveda/Setagaya/setagaya/auth/mysqlstore.go:278.17,280.3 1 0
github.com/hveda/Setagaya/setagaya/auth/mysqlstore.go:280.8,282.91 2 0
github.com/hveda/Setagaya/setagaya/auth/mysqlstore.go:282.91,284.4 1 0
github.com/hveda/Setagaya/setagaya/auth/mysqlstore.go:287.2,291.16 5 0
github.com/hveda/Setagaya/setagaya/auth/mysqlstore.go:291.16,293.3 1 0
github.com/hveda/Setagaya/setagaya/auth/mysqlstore.go:294.2,295.19 2 0
github.com/hveda/Setagaya/setagaya/auth/mysqlstore.go:295.19,297.3 1 0
github.com/hveda/Setagaya/setagaya/auth/mysqlstore.go:298.2,298.12 1 0
github.com/hveda/Setagaya/setagaya/auth/mysqlstore.go:301.82,305.42 4 0
github.com/hveda/Setagaya/setagaya/auth/mysqlstore.go:305.42,307.3 1 0
github.com/hveda/Setagaya/setagaya/auth/mysqlstore.go:308.2,308.12 1 0
github.com/hveda/Setagaya/setagaya/auth/mysqlstore.go:311.60,315.20 4 0
github.com/hveda/Setagaya/setagaya/auth/mysqlstore.go:315.20,317.3 1 0
github.com/hveda/Setagaya/setagaya/auth/mysqlstore.go:318.2,318.40 1 0
github.com/hveda/Setagaya/setagaya/auth/mysqlstore.go:318.40,321.3 2 0
github.com/hveda/Setagaya/setagaya/auth/mysqlstore.go:322.2,322.61 1 0
github.com/hveda/Setagaya/setagaya/auth/mysqlstore.go:322.61,324.3 1 0
github.com/hveda/Setagaya/setagaya/auth/mysqlstore.go:325.2,328.12 4 0
github.com/hveda/Setagaya/setagaya/config/init.go:156.27,158.2 1 1
github.com/hveda/Setagaya/setagaya/config/init.go:160.45,163.31 3 1
github.com/hveda/Setagaya/setagaya/config/init.go:163.31,165.3 1 1
github.com/hveda/Setagaya/setagaya/config/init.go:166.2,167.16 2 1
github.com/hveda/Setagaya/setagaya/config/init.go:167.16,169.3 1 0
github.com/hveda/Setagaya/setagaya/config/init.go:170.2,173.50 2 1
github.com/hveda/Setagaya/setagaya/config/init.go:176.25,179.16 3 0
github.com/hveda/Setagaya/setagaya/config/init.go:179.16,181.3 1 0
github.com/hveda/Setagaya/setagaya/config/init.go:182.2,184.16 2 0
github.com/hveda/Setagaya/setagaya/config/init.go:184.16,186.3 1 0
github.com/hveda/Setagaya/setagaya/config/init.go:187.2,187.21 1 0
github.com/hveda/Setagaya/setagaya/config/init.go:190.21,193.25 3 1
github.com/hveda/Setagaya/setagaya/config/init.go:193.25,194.24 1 0
github.com/hveda/Setagaya/setagaya/config/init.go:194.24,196.4 1 0
github.com/hveda/Setagaya/setagaya/config/init.go:200.35,205.47 3 1
github.com/hveda/Setagaya/setagaya/config/init.go:205.47,223.3 5 1
github.com/hveda/Setagaya/setagaya/config/init.go:225.2,226.16 2 0
github.com/hveda/Setagaya/setagaya/config/init.go:226.16,228.3 1 0
github.com/hveda/Setagaya/setagaya/config/init.go:229.2,230.16 2 0
github.com/hveda/Setagaya/setagaya/config/init.go:230.16,232.3 1 0
github.com/hveda/Setagaya/setagaya/config/init.go:233.2,233.48 1 0
github.com/hveda/Setagaya/setagaya/config/init.go:233.48,235.3 1 0
github.com/hveda/Setagaya/setagaya/config/init.go:236.2,238.26 3 0
github.com/hveda/Setagaya/setagaya/config/init.go:238.26,240.3 1 0
github.com/hveda/Setagaya/setagaya/config/init.go:244.2,244.30 1 0
github.com/hveda/Setagaya/setagaya/config/init.go:244.30,245.48 1 0
github.com/hveda/Setagaya/setagaya/config/init.go:245.48,247.4 1 0
github.com/hveda/Setagaya/setagaya/config/init.go:248.3,248.43 1 0
github.com/hveda/Setagaya/setagaya/config/init.go:248.43,251.4 1 0
github.com/hveda/Setagaya/setagaya/config/init.go:252.3,252.52 1 0
github.com/hveda/Setagaya/setagaya/config/init.go:252.52,254.4 1 0
github.com/hveda/Setagaya/setagaya/config/init.go:256.2,256.37 1 0
github.com/hveda/Setagaya/setagaya/config/init.go:256.37,258.3 1 0
github.com/hveda/Setagaya/setagaya/config/init.go:259.2,259.39 1 0
github.com/hveda/Setagaya/setagaya/config/init.go:259.39,261.3 1 0
github.com/hveda/Setagaya/setagaya/config/init.go:262.2,262.11 1 0
github.com/hveda/Setagaya/setagaya/config/init.go:267.13,271.22 4 1
github.com/hveda/Setagaya/setagaya/config/init.go:271.22,274.3 2 0
github.com/hveda/Setagaya/setagaya/config/k8s.go:14.47,16.2 1 0
github.com/hveda/Setagaya/setagaya/config/k8s.go:19.41,24.2 4 0
github.com/hveda/Setagaya/setagaya/config/k8s.go:27.47,30.33 3 0
github.com/hveda/Setagaya/setagaya/config/k8s.go:30.33,33.3 2 0
github.com/hveda/Setagaya/setagaya/config/k8s.go:33.8,36.3 2 0
github.com/hveda/Setagaya/setagaya/config/k8s.go:37.2,37.16 1 0
github.com/hveda/Setagaya/setagaya/config/k8s.go:37.16,39.3 1 0
github.com/hveda/Setagaya/setagaya/config/k8s.go:40.2,41.20 2 0
github.com/hveda/Setagaya/setagaya/config/k8s.go:45.53,47.16 2 0
github.com/hveda/Setagaya/setagaya/config/k8s.go:47.16,49.3 1 0
github.com/hveda/Setagaya/setagaya/config/k8s.go:50.2,51.16 2 0
github.com/hveda/Setagaya/setagaya/config/k8s.go:51.16,53.3 1 0
github.com/hveda/Setagaya/setagaya/config/k8s.go:54.2,54.20 1 0
github.com/hveda/Setagaya/setagaya/config/k8s.go:57.54,59.16 2 0
github.com/hveda/Setagaya/setagaya/config/k8s.go:59.16,61.3 1 0
github.com/hveda/Setagaya/setagaya/config/k8s.go:62.2,63.16 2 0
github.com/hveda/Setagaya/setagaya/config/k8s.go:63.16,65.3 1 0
github.com/hveda/Setagaya/setagaya/config/k8s.go:66.2,66.23 1 0
github.com/hveda/Setagaya/setagaya/config/mysql.go:21.50,23.2 1 1
github.com/hveda/Setagaya/setagaya/config/mysql.go:25.51,29.27 4 0
github.com/hveda/Setagaya/setagaya/config/mysql.go:29.27,32.3 2 0
github.com/hveda/Setagaya/setagaya/config/mysql.go:33.2,36.16 4 0
github.com/hveda/Setagaya/setagaya/config/mysql.go:36.16,38.3 1 0
github.com/hveda/Setagaya/setagaya/config/mysql.go:39.2,39.11 1 0
github.com/hveda/Setagaya/setagaya/api/collection.go:16.68,18.16 2 0
github.com/hveda/Setagaya/setagaya/api/collection.go:18.16,20.3 1 0
github.com/hveda/Setagaya/setagaya/api/collection.go:21.2,22.16 2 0
github.com/hveda/Setagaya/setagaya/api/collection.go:22.16,24.3 1 0
github.com/hveda/Setagaya/setagaya/api/collection.go:25.2,25.24 1 0
github.com/hveda/Setagaya/setagaya/api/collection.go:28.118,30.16 2 0
github.com/hveda/Setagaya/setagaya/api/collection.go:30.16,33.3 2 0
github.com/hveda/Setagaya/setagaya/api/collection.go:34.2,35.16 2 0
github.com/hveda/Setagaya/setagaya/api/collection.go:35.16,38.3 2 0
github.com/hveda/Setagaya/setagaya/api/collection.go:39.2,39.25 1 0
github.com/hveda/Setagaya/setagaya/api/collection.go:39.25,41.17 2 0
github.com/hveda/Setagaya/setagaya/api/collection.go:41.17,44.4 2 0
github.com/hveda/Setagaya/setagaya/api/collection.go:45.3,45.22 1 0
github.com/hveda/Setagaya/setagaya/api/collection.go:47.2,57.16 3 0
github.com/hveda/Setagaya/setagaya/api/collection.go:57.16,60.3 2 0
github.com/hveda/Setagaya/setagaya/api/collection.go:61.2,66.52 5 0
github.com/hveda/Setagaya/setagaya/api/errors.go:14.29,16.2 1 1
github.com/hveda/Setagaya/setagaya/api/errors.go:18.52,20.2 1 1
github.com/hveda/Setagaya/setagaya/api/errors.go:22.48,24.2 1 1
github.com/hveda/Setagaya/setagaya/api/errors.go:26.52,28.2 1 1
github.com/hveda/Setagaya/setagaya/api/errors.go:32.54,34.2 1 1
github.com/hveda/Setagaya/setagaya/api/errors.go:36.40,38.2 1 1
github.com/hveda/Setagaya/setagaya/api/errors.go:40.43,42.2 1 1
github.com/hveda/Setagaya/setagaya/api/main.go:31.34,37.2 3 0
github.com/hveda/Setagaya/setagaya/api/main.go:43.87,47.2 3 1
github.com/hveda/Setagaya/setagaya/api/main.go:49.68,53.2 1 1
github.com/hveda/Setagaya/setagaya/api/main.go:55.94,58.2 2 1
github.com/hveda/Setagaya/setagaya/api/main.go:62.83,67.9 2 1
github.com/hveda/Setagaya/setagaya/api/main.go:68.28,70.13 2 1
github.com/hveda/Setagaya/setagaya/api/main.go:71.46,73.13 2 1
github.com/hveda/Setagaya/setagaya/api/main.go:75.2,75.12 1 1
github.com/hveda/Setagaya/setagaya/api/main.go:78.70,80.27 2 0
github.com/hveda/Setagaya/setagaya/api/main.go:80.27,81.10 1 0
github.com/hveda/Setagaya/setagaya/api/main.go:82.40,83.59 1 0
github.com/hveda/Setagaya/setagaya/api/main.go:84.42,85.60 1 0
github.com/hveda/Setagaya/setagaya/api/main.go:86.11,88.69 2 0
github.com/hveda/Setagaya/setagaya/api/main.go:93.108,101.37 7 0
github.com/hveda/Setagaya/setagaya/api/main.go:101.37,102.89 1 0
github.com/hveda/Setagaya/setagaya/api/main.go:102.89,104.4 1 0
github.com/hveda/Setagaya/setagaya/api/main.go:105.8,107.3 1 0
github.com/hveda/Setagaya/setagaya/api/main.go:109.2,109.31 1 0
github.com/hveda/Setagaya/setagaya/api/main.go:109.31,110.77 1 0
github.com/hveda/Setagaya/setagaya/api/main.go:110.77,112.4 1 0
github.com/hveda/Setagaya/setagaya/api/main.go:113.8,115.3 1 0
github.com/hveda/Setagaya/setagaya/api/main.go:116.2,117.42 2 0
github.com/hveda/Setagaya/setagaya/api/main.go:117.42,120.3 2 0
github.com/hveda/Setagaya/setagaya/api/main.go:121.2,121.29 1 0
github.com/hveda/Setagaya/setagaya/api/main.go:121.29,122.25 1 0
github.com/hveda/Setagaya/setagaya/api/main.go:122.25,124.4 1 0
github.com/hveda/Setagaya/setagaya/api/main.go:125.3,125.19 1 0
github.com/hveda/Setagaya/setagaya/api/main.go:125.19,127.4 1 0
github.com/hveda/Setagaya/setagaya/api/main.go:129.2,129.39 1 0
github.com/hveda/Setagaya/setagaya/api/main.go:132.107,134.16 2 0
github.com/hveda/Setagaya/setagaya/api/main.go:134.16,137.3 2 0
github.com/hveda/Setagaya/setagaya/api/main.go:138.2,138.38 1 0
github.com/hveda/Setagaya/setagaya/api/main.go:141.105,143.2 1 0
github.com/hveda/Setagaya/setagaya/api/main.go:145.110,149.16 4 0
github.com/hveda/Setagaya/setagaya/api/main.go:149.16,152.3 2 0
github.com/hveda/Setagaya/setagaya/api/main.go:153.2,154.17 2 0
github.com/hveda/Setagaya/setagaya/api/main.go:154.17,157.3 2 0
github.com/hveda/Setagaya/setagaya/api/main.go:158.2,158.40 1 0
github.com/hveda/Setagaya/setagaya/api/main.go:158.40,161.3 2 0
github.com/hveda/Setagaya/setagaya/api/main.go:162.2,163.25 2 0
github.com/hveda/Setagaya/setagaya/api/main.go:163.25,165.16 2 0
github.com/hveda/Setagaya/setagaya/api/main.go:165.16,168.4 2 0
github.com/hveda/Setagaya/setagaya/api/main.go:169.3,169.46 1 0
github.com/hveda/Setagaya/setagaya/api/main.go:169.46,172.4 2 0
github.com/hveda/Setagaya/setagaya/api/main.go:174.2,175.16 2 0
github.com/hveda/Setagaya/setagaya/api/main.go:175.16,178.3 2 0
github.com/hveda/Setagaya/setagaya/api/main.go:179.2,180.16 2 0
github.com/hveda/Setagaya/setagaya/api/main.go:180.16,183.3 2 0
github.com/hveda/Setagaya/setagaya/api/main.go:184.2,184.38 1 0
github.com/hveda/Setagaya/setagaya/api/main.go:187.110,190.16 3 0
github.com/hveda/Setagaya/setagaya/api/main.go:190.16,193.3 2 0
github.com/hveda/Setagaya/setagaya/api/main.go:194.2,194.52 1 0
github.com/hveda/Setagaya/setagaya/api/main.go:194.52,197.3 2 0
github.com/hveda/Setagaya/setagaya/api/main.go:198.2,199.16 2 0
github.com/hveda/Setagaya/setagaya/api/main.go:199.16,202.3 2 0
github.com/hveda/Setagaya/setagaya/api/main.go:203.2,203.28 1 0
github.com/hveda/Setagaya/setagaya/api/main.go:203.28,206.3 2 0
github.com/hveda/Setagaya/setagaya/api/main.go:207.2,208.16 2 0
github.com/hveda/Setagaya/setagaya/api/main.go:208.16,211.3 2 0
github.com/hveda/Setagaya/setagaya/api/main.go:212.2,212.22 1 0
github.com/hveda/Setagaya/setagaya/api/main.go:212.22,215.3 2 0
github.com/hveda/Setagaya/setagaya/api/main.go:216.2,216.18 1 0
github.com/hveda/Setagaya/setagaya/api/main.go:219.104,221.16 2 0
github.com/hveda/Setagaya/setagaya/api/main.go:221.16,224.3 2 0
github.com/hveda/Setagaya/setagaya/api/main.go:225.2,225.35 1 0
github.com/hveda/Setagaya/setagaya/api/main.go:228.102,230.2 1 0
github.com/hveda/Setagaya/setagaya/api/main.go:237.115,239.16 2 0
github.com/hveda/Setagaya/setagaya/api/main.go:239.16,242.3 2 0
github.com/hveda/Setagaya/setagaya/api/main.go:243.2,245.34 3 0
github.com/hveda/Setagaya/setagaya/api/main.go:248.102,253.16 5 0
github.com/hveda/Setagaya/setagaya/api/main.go:253.16,256.3 2 0
github.com/hveda/Setagaya/setagaya/api/main.go:257.2,257.52 1 0
github.com/hveda/Setagaya/setagaya/api/main.go:257.52,260.3 2 0
github.com/hveda/Setagaya/setagaya/api/main.go:261.2,262.16 2 0
github.com/hveda/Setagaya/setagaya/api/main.go:262.16,265.3 2 0
github.com/hveda/Setagaya/setagaya/api/main.go:266.2,267.16 2 0
github.com/hveda/Setagaya/setagaya/api/main.go:267.16,270.3 2 0
github.com/hveda/Setagaya/setagaya/api/main.go:271.2,272.16 2 0
github.com/hveda/Setagaya/setagaya/api/main.go:272.16,274.3 1 0
github.com/hveda/Setagaya/setagaya/api/main.go:275.2,275.35 1 0
github.com/hveda/Setagaya/setagaya/api/main.go:278.107,281.16 3 0
github.com/hveda/Setagaya/setagaya/api/main.go:281.16,284.3 2 0
github.com/hveda/Setagaya/setagaya/api/main.go:285.2,286.16 2 0
github.com/hveda/Setagaya/setagaya/api/main.go:286.16,289.3 2 0
github.com/hveda/Setagaya/setagaya/api/main.go:290.2,290.52 1 0
github.com/hveda/Setagaya/setagaya/api/main.go:290.52,293.3 2 0
github.com/hveda/Setagaya/setagaya/api/main.go:294.2,295.16 2 0
github.com/hveda/Setagaya/setagaya/api/main.go:295.16,299.3 2 0
github.com/hveda/Setagaya/setagaya/api/main.go:300.2,300.11 1 0
github.com/hveda/Setagaya/setagaya/api/main.go:300.11,303.3 2 0
github.com/hveda/Setagaya/setagaya/api/main.go:304.2,304.15 1 0
github.com/hveda/Setagaya/setagaya/api/main.go:307.112,309.16 2 0
github.com/hveda/Setagaya/setagaya/api/main.go:309.16,312.3 2 0
github.com/hveda/Setagaya/setagaya/api/main.go:313.2,315.16 3 0
github.com/hveda/Setagaya/setagaya/api/main.go:315.16,318.3 2 0
github.com/hveda/Setagaya/setagaya/api/main.go:319.2,320.16 2 0
github.com/hveda/Setagaya/setagaya/api/main.go:320.16,324.3 2 0
github.com/hveda/Setagaya/setagaya/api/main.go:325.2,325.28 1 0
github.com/hveda/Setagaya/setagaya/api/main.go:328.104,330.2 1 0
github.com/hveda/Setagaya/setagaya/api/main.go:332.110,334.2 1 0
github.com/hveda/Setagaya/setagaya/api/main.go:336.118,338.16 2 0
github.com/hveda/Setagaya/setagaya/api/main.go:338.16,341.3 2 0
github.com/hveda/Setagaya/setagaya/api/main.go:342.2,344.16 3 0
github.com/hveda/Setagaya/setagaya/api/main.go:344.16,347.3 2 0
github.com/hveda/Setagaya/setagaya/api/main.go:348.2,349.16 2 0
github.com/hveda/Setagaya/setagaya/api/main.go:349.16,352.3 2 0
github.com/hveda/Setagaya/setagaya/api/main.go:353.2,353.28 1 0
github.com/hveda/Setagaya/setagaya/api/main.go:356.118,358.16 2 0
github.com/hveda/Setagaya/setagaya/api/main.go:358.16,361.3 2 0
github.com/hveda/Setagaya/setagaya/api/main.go:362.2,364.20 3 0
github.com/hveda/Setagaya/setagaya/api/main.go:364.20,367.3 2 0
github.com/hveda/Setagaya/setagaya/api/main.go:368.2,369.16 2 0
github.com/hveda/Setagaya/setagaya/api/main.go:369.16,372.3 2 0
github.com/hveda/Setagaya/setagaya/api/main.go:373.2,373.41 1 0
github.com/hveda/Setagaya/setagaya/api/main.go:376.111,378.16 2 0
github.com/hveda/Setagaya/setagaya/api/main.go:378.16,381.3 2 0
github.com/hveda/Setagaya/setagaya/api/main.go:382.2,384.20 3 0
github.com/hveda/Setagaya/setagaya/api/main.go:384.20,387.3 2 0
github.com/hveda/Setagaya/setagaya/api/main.go:388.2,389.16 2 0
github.com/hveda/Setagaya/setagaya/api/main.go:389.16,392.3 2 0
github.com/hveda/Setagaya/setagaya/api/main.go:393.2,393.41 1 0
github.com/hveda/Setagaya/setagaya/api/main.go:396.113,400.26 4 0
github.com/hveda/Setagaya/setagaya/api/main.go:400.26,403.3 2 0
github.com/hveda/Setagaya/setagaya/api/main.go:404.2,406.16 3 0
github.com/hveda/Setagaya/setagaya/api/main.go:406.16,409.3 2 0
github.com/hveda/Setagaya/setagaya/api/main.go:410.2,410.52 1 0
github.com/hveda/Setagaya/setagaya/api/main.go:410.52,413.3 2 0
github.com/hveda/Setagaya/setagaya/api/main.go:414.2,415.16 2 0
github.com/hveda/Setagaya/setagaya/api/main.go:415.16,418.3 2 0
github.com/hveda/Setagaya/setagaya/api/main.go:419.2,420.16 2 0
github.com/hveda/Setagaya/setagaya/api/main.go:420.16,423.3 2 0
github.com/hveda/Setagaya/setagaya/api/main.go:424.2,424.41 1 0
github.com/hveda/Setagaya/setagaya/api/main.go:427.113,429.16 2 0
github.com/hveda/Setagaya/setagaya/api/main.go:429.16,432.3 2 0
github.com/hveda/Setagaya/setagaya/api/main.go:433.2,433.54 1 0
github.com/hveda/Setagaya/setagaya/api/main.go:433.54,436.3 2 0
github.com/hveda/Setagaya/setagaya/api/main.go:437.2,438.16 2 0
github.com/hveda/Setagaya/setagaya/api/main.go:438.16,441.3 2 0
github.com/hveda/Setagaya/setagaya/api/main.go:442.2,442.27 1 0
github.com/hveda/Setagaya/setagaya/api/main.go:442.27,445.3 2 0
github.com/hveda/Setagaya/setagaya/api/main.go:446.2,446.21 1 0
github.com/hveda/Setagaya/setagaya/api/main.go:449.110,451.16 2 0
github.com/hveda/Setagaya/setagaya/api/main.go:451.16,454.3 2 0
github.com/hveda/Setagaya/setagaya/api/main.go:456.2,458.41 3 0
github.com/hveda/Setagaya/setagaya/api/main.go:461.74,462.31 1 1
github.com/hveda/Setagaya/setagaya/api/main.go:462.31,464.3 1 1
github.com/hveda/Setagaya/setagaya/api/main.go:465.2,466.28 2 1
github.com/hveda/Setagaya/setagaya/api/main.go:466.28,468.3 1 1
github.com/hveda/Setagaya/setagaya/api/main.go:469.2,469.31 1 1
github.com/hveda/Setagaya/setagaya/api/main.go:469.31,471.10 2 1
github.com/hveda/Setagaya/setagaya/api/main.go:471.10,473.4 1 0
github.com/hveda/Setagaya/setagaya/api/main.go:474.3,474.39 1 1
github.com/hveda/Setagaya/setagaya/api/main.go:474.39,476.4 1 1
github.com/hveda/Setagaya/setagaya/api/main.go:477.3,477.47 1 1
github.com/hveda/Setagaya/setagaya/api/main.go:477.47,479.4 1 1
github.com/hveda/Setagaya/setagaya/api/main.go:481.2,481.18 1 1
github.com/hveda/Setagaya/setagaya/api/main.go:484.108,486.2 1 0
github.com/hveda/Setagaya/setagaya/api/main.go:488.113,490.16 2 0
github.com/hveda/Setagaya/setagaya/api/main.go:490.16,493.3 2 0
github.com/hveda/Setagaya/setagaya/api/main.go:494.2,497.16 4 0
github.com/hveda/Setagaya/setagaya/api/main.go:497.16,500.3 2 0
github.com/hveda/Setagaya/setagaya/api/main.go:501.2,502.16 2 0
github.com/hveda/Setagaya/setagaya/api/main.go:502.16,505.3 2 0
github.com/hveda/Setagaya/setagaya/api/main.go:506.2,507.16 2 0
github.com/hveda/Setagaya/setagaya/api/main.go:507.16,510.3 2 0
github.com/hveda/Setagaya/setagaya/api/main.go:511.2,511.45 1 0
github.com/hveda/Setagaya/setagaya/api/main.go:511.45,514.3 2 0
github.com/hveda/Setagaya/setagaya/api/main.go:515.2,516.16 2 0
github.com/hveda/Setagaya/setagaya/api/main.go:516.16,520.3 3 0
github.com/hveda/Setagaya/setagaya/api/main.go:521.2,522.37 2 0
github.com/hveda/Setagaya/setagaya/api/main.go:522.37,524.17 2 0
github.com/hveda/Setagaya/setagaya/api/main.go:524.17,527.4 2 0
github.com/hveda/Setagaya/setagaya/api/main.go:528.3,529.17 2 0
github.com/hveda/Setagaya/setagaya/api/main.go:529.17,532.4 2 0
github.com/hveda/Setagaya/setagaya/api/main.go:533.3,533.35 1 0
github.com/hveda/Setagaya/setagaya/api/main.go:533.35,536.4 2 0
github.com/hveda/Setagaya/setagaya/api/main.go:537.3,537.37 1 0
github.com/hveda/Setagaya/setagaya/api/main.go:539.2,539.76 1 0
github.com/hveda/Setagaya/setagaya/api/main.go:539.76,544.3 3 0
github.com/hveda/Setagaya/setagaya/api/main.go:545.2,546.16 2 0
github.com/hveda/Setagaya/setagaya/api/main.go:546.16,549.3 2 0
github.com/hveda/Setagaya/setagaya/api/main.go:550.2,550.27 1 0
github.com/hveda/Setagaya/setagaya/api/main.go:550.27,553.3 2 0
github.com/hveda/Setagaya/setagaya/api/main.go:554.2,554.37 1 0
github.com/hveda/Setagaya/setagaya/api/main.go:554.37,555.22 1 0
github.com/hveda/Setagaya/setagaya/api/main.go:555.22,558.4 2 0
github.com/hveda/Setagaya/setagaya/api/main.go:560.2,560.54 1 0
github.com/hveda/Setagaya/setagaya/api/main.go:560.54,562.17 2 0
github.com/hveda/Setagaya/setagaya/api/main.go:562.17,565.4 2 0
github.com/hveda/Setagaya/setagaya/api/main.go:566.3,566.71 1 0
github.com/hveda/Setagaya/setagaya/api/main.go:566.71,569.4 2 0
github.com/hveda/Setagaya/setagaya/api/main.go:572.2,573.16 2 0
github.com/hveda/Setagaya/setagaya/api/main.go:573.16,575.3 1 0
github.com/hveda/Setagaya/setagaya/api/main.go:578.120,580.16 2 0
github.com/hveda/Setagaya/setagaya/api/main.go:580.16,583.3 2 0
github.com/hveda/Setagaya/setagaya/api/main.go:584.2,585.16 2 0
github.com/hveda/Setagaya/setagaya/api/main.go:585.16,588.3 2 0
github.com/hveda/Setagaya/setagaya/api/main.go:589.2,589.48 1 0
github.com/hveda/Setagaya/setagaya/api/main.go:592.117,594.16 2 0
github.com/hveda/Setagaya/setagaya/api/main.go:594.16,597.3 2 0
github.com/hveda/Setagaya/setagaya/api/main.go:598.2,598.59 1 0
github.com/hveda/Setagaya/setagaya/api/main.go:598.59,600.27 2 0
github.com/hveda/Setagaya/setagaya/api/main.go:600.27,603.4 2 0
github.com/hveda/Setagaya/setagaya/api/main.go:604.3,605.9 2 0
github.com/hveda/Setagaya/setagaya/api/main.go:609.114,611.16 2 0
github.com/hveda/Setagaya/setagaya/api/main.go:611.16,614.3 2 0
github.com/hveda/Setagaya/setagaya/api/main.go:615.2,615.60 1 0
github.com/hveda/Setagaya/setagaya/api/main.go:615.60,618.3 2 0
github.com/hveda/Setagaya/setagaya/api/main.go:621.111,623.16 2 0
github.com/hveda/Setagaya/setagaya/api/main.go:623.16,626.3 2 0
github.com/hveda/Setagaya/setagaya/api/main.go:627.2,627.64 1 0
github.com/hveda/Setagaya/setagaya/api/main.go:627.64,630.3 2 0
github.com/hveda/Setagaya/setagaya/api/main.go:633.113,635.16 2 0
github.com/hveda/Setagaya/setagaya/api/main.go:635.16,638.3 2 0
github.com/hveda/Setagaya/setagaya/api/main.go:639.2,640.16 2 0
github.com/hveda/Setagaya/setagaya/api/main.go:640.16,642.3 1 0
github.com/hveda/Setagaya/setagaya/api/main.go:643.2,643.47 1 0
github.com/hveda/Setagaya/setagaya/api/main.go:646.112,648.16 2 0
github.com/hveda/Setagaya/setagaya/api/main.go:648.16,651.3 2 0
github.com/hveda/Setagaya/setagaya/api/main.go:652.2,652.64 1 0
github.com/hveda/Setagaya/setagaya/api/main.go:652.64,655.3 2 0
github.com/hveda/Setagaya/setagaya/api/main.go:658.104,660.16 2 0
github.com/hveda/Setagaya/setagaya/api/main.go:660.16,663.3 2 0
github.com/hveda/Setagaya/setagaya/api/main.go:664.2,665.16 2 0
github.com/hveda/Setagaya/setagaya/api/main.go:665.16,668.3 2 0
github.com/hveda/Setagaya/setagaya/api/main.go:669.2,670.16 2 0
github.com/hveda/Setagaya/setagaya/api/main.go:670.16,673.3 2 0
github.com/hveda/Setagaya/setagaya/api/main.go:674.2,676.32 3 0
github.com/hveda/Setagaya/setagaya/api/main.go:679.113,681.16 2 0
github.com/hveda/Setagaya/setagaya/api/main.go:681.16,684.3 2 0
github.com/hveda/Setagaya/setagaya/api/main.go:685.2,686.9 2 0
github.com/hveda/Setagaya/setagaya/api/main.go:686.9,689.3 2 0
github.com/hveda/Setagaya/setagaya/api/main.go:690.2,705.12 9 0
github.com/hveda/Setagaya/setagaya/api/main.go:705.12,708.3 2 0
github.com/hveda/Setagaya/setagaya/api/main.go:709.2,709.39 1 0
github.com/hveda/Setagaya/setagaya/api/main.go:709.39,710.19 1 0
github.com/hveda/Setagaya/setagaya/api/main.go:710.19,711.12 1 0
github.com/hveda/Setagaya/setagaya/api/main.go:713.3,714.17 2 0
github.com/hveda/Setagaya/setagaya/api/main.go:714.17,716.4 1 0
github.com/hveda/Setagaya/setagaya/api/main.go:716.9,718.4 1 0
github.com/hveda/Setagaya/setagaya/api/main.go:719.3,719.18 1 0
github.com/hveda/Setagaya/setagaya/api/main.go:723.98,725.2 1 0
github.com/hveda/Setagaya/setagaya/api/main.go:727.101,729.2 1 0
github.com/hveda/Setagaya/setagaya/api/main.go:731.111,738.16 6 0
github.com/hveda/Setagaya/setagaya/api/main.go:738.16,741.3 2 0
github.com/hveda/Setagaya/setagaya/api/main.go:742.2,744.52 3 0
github.com/hveda/Setagaya/setagaya/api/main.go:756.43,801.27 2 0
github.com/hveda/Setagaya/setagaya/api/main.go:801.27,803.40 1 0
github.com/hveda/Setagaya/setagaya/api/main.go:803.40,804.12 1 0
github.com/hveda/Setagaya/setagaya/api/main.go:806.3,806.48 1 0
github.com/hveda/Setagaya/setagaya/api/main.go:808.2,808.15 1 0
github.com/hveda/Setagaya/setagaya/api/middlewares.go:19.63,21.20 2 0
github.com/hveda/Setagaya/setagaya/api/middlewares.go:21.20,23.3 1 0
github.com/hveda/Setagaya/setagaya/api/middlewares.go:24.2,24.21 1 0
github.com/hveda/Setagaya/setagaya/api/middlewares.go:28.61,30.2 1 0
github.com/hveda/Setagaya/setagaya/api/middlewares.go:32.78,33.98 1 0
github.com/hveda/Setagaya/setagaya/api/middlewares.go:33.98,37.17 4 0
github.com/hveda/Setagaya/setagaya/api/middlewares.go:37.17,40.4 2 0
github.com/hveda/Setagaya/setagaya/api/middlewares.go:41.3,41.86 1 0
github.com/hveda/Setagaya/setagaya/api/networkutils.go:8.47,10.13 2 1
github.com/hveda/Setagaya/setagaya/api/networkutils.go:10.13,12.3 1 1
github.com/hveda/Setagaya/setagaya/api/networkutils.go:13.2,13.33 1 1
github.com/hveda/Setagaya/setagaya/api/ownership.go:11.79,12.48 1 1
github.com/hveda/Setagaya/setagaya/api/ownership.go:12.48,13.25 1 1
github.com/hveda/Setagaya/setagaya/api/ownership.go:13.25,15.4 1 1
github.com/hveda/Setagaya/setagaya/api/ownership.go:17.2,17.13 1 1
github.com/hveda/Setagaya/setagaya/api/ownership.go:20.99,22.16 2 0
github.com/hveda/Setagaya/setagaya/api/ownership.go:22.16,24.3 1 0
github.com/hveda/Setagaya/setagaya/api/ownership.go:25.2,27.16 3 0
github.com/hveda/Setagaya/setagaya/api/ownership.go:27.16,29.3 1 0
github.com/hveda/Setagaya/setagaya/api/ownership.go:30.2,30.52 1 0
github.com/hveda/Setagaya/setagaya/api/ownership.go:30.52,32.3 1 0
github.com/hveda/Setagaya/setagaya/api/ownership.go:33.2,33.24 1 0
github.com/hveda/Setagaya/setagaya/api/plan.go:9.50,11.16 2 0
github.com/hveda/Setagaya/setagaya/api/plan.go:11.16,13.3 1 0
github.com/hveda/Setagaya/setagaya/api/plan.go:14.2,15.16 2 0
github.com/hveda/Setagaya/setagaya/api/plan.go:15.16,17.3 1 0
github.com/hveda/Setagaya/setagaya/api/plan.go:18.2,18.18 1 0
github.com/hveda/Setagaya/setagaya/api/project.go:9.59,10.21 1 0
github.com/hveda/Setagaya/setagaya/api/project.go:10.21,12.3 1 0
github.com/hveda/Setagaya/setagaya/api/project.go:13.2,14.16 2 0
github.com/hveda/Setagaya/setagaya/api/project.go:14.16,16.3 1 0
github.com/hveda/Setagaya/setagaya/api/project.go:17.2,18.16 2 0
github.com/hveda/Setagaya/setagaya/api/project.go:18.16,20.3 1 0
github.com/hveda/Setagaya/setagaya/api/project.go:21.2,21.21 1 0
github.com/hveda/Setagaya/setagaya/api/usage.go:13.111,18.16 5 0
github.com/hveda/Setagaya/setagaya/api/usage.go:18.16,22.3 3 0
github.com/hveda/Setagaya/setagaya/api/usage.go:23.2,23.38 1 0
github.com/hveda/Setagaya/setagaya/api/usage.go:26.116,32.16 6 0
github.com/hveda/Setagaya/setagaya/api/usage.go:32.16,35.3 2 0
github.com/hveda/Setagaya/setagaya/api/usage.go:36.2,36.38 1 0
github.com/hveda/Setagaya/setagaya/controller/collection.go:15.87,21.33 4 0
github.com/hveda/Setagaya/setagaya/controller/collection.go:21.33,22.37 1 0
github.com/hveda/Setagaya/setagaya/controller/collection.go:22.37,29.27 2 0
github.com/hveda/Setagaya/setagaya/controller/collection.go:29.27,32.5 2 0
github.com/hveda/Setagaya/setagaya/controller/collection.go:33.4,33.54 1 0
github.com/hveda/Setagaya/setagaya/controller/collection.go:36.2,36.26 1 0
github.com/hveda/Setagaya/setagaya/controller/collection.go:39.73,41.16 2 0
github.com/hveda/Setagaya/setagaya/controller/collection.go:41.16,43.3 1 0
github.com/hveda/Setagaya/setagaya/controller/collection.go:44.2,45.25 2 0
github.com/hveda/Setagaya/setagaya/controller/collection.go:45.25,47.3 1 0
github.com/hveda/Setagaya/setagaya/controller/collection.go:48.2,48.67 1 0
github.com/hveda/Setagaya/setagaya/controller/collection.go:51.87,53.15 1 0
github.com/hveda/Setagaya/setagaya/controller/collection.go:53.15,56.50 1 0
github.com/hveda/Setagaya/setagaya/controller/collection.go:56.50,58.4 1 0
github.com/hveda/Setagaya/setagaya/controller/collection.go:60.2,61.66 2 0
github.com/hveda/Setagaya/setagaya/controller/collection.go:61.66,63.3 1 0
github.com/hveda/Setagaya/setagaya/controller/collection.go:64.2,65.16 2 0
github.com/hveda/Setagaya/setagaya/controller/collection.go:65.16,67.3 1 0
github.com/hveda/Setagaya/setagaya/controller/collection.go:68.2,68.24 1 0
github.com/hveda/Setagaya/setagaya/controller/collection.go:68.24,70.3 1 0
github.com/hveda/Setagaya/setagaya/controller/collection.go:71.2,71.12 1 0
github.com/hveda/Setagaya/setagaya/controller/collection.go:74.76,81.16 3 0
github.com/hveda/Setagaya/setagaya/controller/collection.go:81.16,83.3 1 0
github.com/hveda/Setagaya/setagaya/controller/collection.go:84.2,85.47 2 0
github.com/hveda/Setagaya/setagaya/controller/collection.go:85.47,87.17 2 0
github.com/hveda/Setagaya/setagaya/controller/collection.go:87.17,89.4 1 0
github.com/hveda/Setagaya/setagaya/controller/collection.go:90.3,90.27 1 0
github.com/hveda/Setagaya/setagaya/controller/collection.go:90.27,92.4 1 0
github.com/hveda/Setagaya/setagaya/controller/collection.go:94.2,95.16 2 0
github.com/hveda/Setagaya/setagaya/controller/collection.go:95.16,97.3 1 0
github.com/hveda/Setagaya/setagaya/controller/collection.go:98.2,100.47 3 0
github.com/hveda/Setagaya/setagaya/controller/collection.go:100.47,101.43 1 0
github.com/hveda/Setagaya/setagaya/controller/collection.go:101.43,106.66 2 0
github.com/hveda/Setagaya/setagaya/controller/collection.go:106.66,109.5 2 0
github.com/hveda/Setagaya/setagaya/controller/collection.go:112.4,112.78 1 0
github.com/hveda/Setagaya/setagaya/controller/collection.go:112.78,115.5 2 0
github.com/hveda/Setagaya/setagaya/controller/collection.go:116.4,116.73 1 0
github.com/hveda/Setagaya/setagaya/controller/collection.go:116.73,119.5 2 0
github.com/hveda/Setagaya/setagaya/controller/collection.go:120.4,120.15 1 0
github.com/hveda/Setagaya/setagaya/controller/collection.go:123.2,124.54 2 0
github.com/hveda/Setagaya/setagaya/controller/collection.go:124.54,125.32 1 0
github.com/hveda/Setagaya/setagaya/controller/collection.go:125.32,127.4 1 0
github.com/hveda/Setagaya/setagaya/controller/collection.go:129.2,130.58 2 0
github.com/hveda/Setagaya/setagaya/controller/collection.go:130.58,133.3 1 0
github.com/hveda/Setagaya/setagaya/controller/collection.go:134.2,134.28 1 0
github.com/hveda/Setagaya/setagaya/controller/collection.go:134.28,136.3 1 0
github.com/hveda/Setagaya/setagaya/controller/collection.go:137.2,137.12 1 0
github.com/hveda/Setagaya/setagaya/controller/collection.go:140.89,142.16 2 0
github.com/hveda/Setagaya/setagaya/controller/collection.go:142.16,144.3 1 0
github.com/hveda/Setagaya/setagaya/controller/collection.go:145.2,146.16 2 0
github.com/hveda/Setagaya/setagaya/controller/collection.go:146.16,148.3 1 0
github.com/hveda/Setagaya/setagaya/controller/collection.go:149.2,150.25 2 0
github.com/hveda/Setagaya/setagaya/controller/collection.go:150.25,152.36 2 0
github.com/hveda/Setagaya/setagaya/controller/collection.go:152.36,155.62 3 0
github.com/hveda/Setagaya/setagaya/controller/collection.go:155.62,158.5 2 0
github.com/hveda/Setagaya/setagaya/controller/collection.go:159.4,159.51 1 0
github.com/hveda/Setagaya/setagaya/controller/collection.go:162.2,165.10 4 0
github.com/hveda/Setagaya/setagaya/controller/engine.go:79.97,85.2 5 0
github.com/hveda/Setagaya/setagaya/controller/engine.go:87.38,89.2 1 0
github.com/hveda/Setagaya/setagaya/controller/engine.go:91.44,93.44 2 0
github.com/hveda/Setagaya/setagaya/controller/engine.go:93.44,95.3 1 0
github.com/hveda/Setagaya/setagaya/controller/engine.go:96.2,96.25 1 0
github.com/hveda/Setagaya/setagaya/controller/engine.go:99.52,103.16 4 0
github.com/hveda/Setagaya/setagaya/controller/engine.go:103.16,105.3 1 0
github.com/hveda/Setagaya/setagaya/controller/engine.go:106.2,111.16 6 0
github.com/hveda/Setagaya/setagaya/controller/engine.go:111.16,114.3 2 0
github.com/hveda/Setagaya/setagaya/controller/engine.go:115.2,118.12 4 0
github.com/hveda/Setagaya/setagaya/controller/engine.go:121.39,126.34 5 0
github.com/hveda/Setagaya/setagaya/controller/engine.go:126.34,129.3 2 0
github.com/hveda/Setagaya/setagaya/controller/engine.go:130.2,130.16 1 0
github.com/hveda/Setagaya/setagaya/controller/engine.go:130.16,132.3 1 0
github.com/hveda/Setagaya/setagaya/controller/engine.go:133.2,134.41 2 0
github.com/hveda/Setagaya/setagaya/controller/engine.go:137.75,139.2 1 0
github.com/hveda/Setagaya/setagaya/controller/engine.go:141.37,144.2 2 0
github.com/hveda/Setagaya/setagaya/controller/engine.go:146.51,149.11 1 0
github.com/hveda/Setagaya/setagaya/controller/engine.go:149.11,151.3 1 0
github.com/hveda/Setagaya/setagaya/controller/engine.go:152.2,155.16 4 0
github.com/hveda/Setagaya/setagaya/controller/engine.go:155.16,157.3 1 0
github.com/hveda/Setagaya/setagaya/controller/engine.go:158.2,160.12 3 0
github.com/hveda/Setagaya/setagaya/controller/engine.go:163.71,165.2 1 0
github.com/hveda/Setagaya/setagaya/controller/engine.go:167.73,171.34 4 0
github.com/hveda/Setagaya/setagaya/controller/engine.go:171.34,173.17 2 0
github.com/hveda/Setagaya/setagaya/controller/engine.go:173.17,175.4 1 0
github.com/hveda/Setagaya/setagaya/controller/engine.go:176.3,177.45 2 0
github.com/hveda/Setagaya/setagaya/controller/engine.go:177.45,180.4 2 0
github.com/hveda/Setagaya/setagaya/controller/engine.go:181.3,181.45 1 0
github.com/hveda/Setagaya/setagaya/controller/engine.go:181.45,183.4 1 0
github.com/hveda/Setagaya/setagaya/controller/engine.go:184.3,184.39 1 0
github.com/hveda/Setagaya/setagaya/controller/engine.go:184.39,186.4 1 0
github.com/hveda/Setagaya/setagaya/controller/engine.go:187.3,188.13 2 0
github.com/hveda/Setagaya/setagaya/controller/engine.go:192.58,195.2 2 0
github.com/hveda/Setagaya/setagaya/controller/engine.go:197.51,199.2 1 0
github.com/hveda/Setagaya/setagaya/controller/engine.go:201.64,202.12 1 0
github.com/hveda/Setagaya/setagaya/controller/engine.go:203.24,204.68 1 0
github.com/hveda/Setagaya/setagaya/controller/engine.go:206.2,206.12 1 0
github.com/hveda/Setagaya/setagaya/controller/engine.go:209.135,210.39 1 0
github.com/hveda/Setagaya/setagaya/controller/engine.go:210.39,218.13 3 0
github.com/hveda/Setagaya/setagaya/controller/engine.go:219.25,220.32 1 0
github.com/hveda/Setagaya/setagaya/controller/engine.go:221.11,222.42 1 0
github.com/hveda/Setagaya/setagaya/controller/engine.go:224.3,224.31 1 0
github.com/hveda/Setagaya/setagaya/controller/engine.go:226.2,226.21 1 0
github.com/hveda/Setagaya/setagaya/controller/engine.go:229.179,231.16 2 0
github.com/hveda/Setagaya/setagaya/controller/engine.go:231.16,233.3 1 0
github.com/hveda/Setagaya/setagaya/controller/engine.go:234.2,238.16 2 0
github.com/hveda/Setagaya/setagaya/controller/engine.go:238.16,240.3 1 0
github.com/hveda/Setagaya/setagaya/controller/engine.go:242.2,242.37 1 0
github.com/hveda/Setagaya/setagaya/controller/engine.go:242.37,244.3 1 0
github.com/hveda/Setagaya/setagaya/controller/engine.go:245.2,245.28 1 0
github.com/hveda/Setagaya/setagaya/controller/engine.go:245.28,248.3 2 0
github.com/hveda/Setagaya/setagaya/controller/engine.go:249.2,249.21 1 0
github.com/hveda/Setagaya/setagaya/controller/engine.go:252.45,253.6 1 0
github.com/hveda/Setagaya/setagaya/controller/engine.go:253.6,258.17 3 0
github.com/hveda/Setagaya/setagaya/controller/engine.go:258.17,259.12 1 0
github.com/hveda/Setagaya/setagaya/controller/engine.go:261.3,261.52 1 0
github.com/hveda/Setagaya/setagaya/controller/engine.go:261.52,263.18 2 0
github.com/hveda/Setagaya/setagaya/controller/engine.go:263.18,264.13 1 0
github.com/hveda/Setagaya/setagaya/controller/engine.go:266.4,267.18 2 0
github.com/hveda/Setagaya/setagaya/controller/engine.go:267.18,268.13 1 0
github.com/hveda/Setagaya/setagaya/controller/engine.go:270.4,271.27 2 0
github.com/hveda/Setagaya/setagaya/controller/engine.go:271.27,273.19 2 0
github.com/hveda/Setagaya/setagaya/controller/engine.go:273.19,277.54 2 0
github.com/hveda/Setagaya/setagaya/controller/engine.go:277.54,279.7 1 0
github.com/hveda/Setagaya/setagaya/controller/engine.go:280.6,280.14 1 0
github.com/hveda/Setagaya/setagaya/controller/engine.go:282.5,283.52 2 0
github.com/hveda/Setagaya/setagaya/controller/engine.go:283.52,284.43 1 0
github.com/hveda/Setagaya/setagaya/controller/engine.go:284.43,285.32 1 0
github.com/hveda/Setagaya/setagaya/controller/engine.go:285.32,287.8 1 0
github.com/hveda/Setagaya/setagaya/controller/engine.go:287.13,289.8 1 0
github.com/hveda/Setagaya/setagaya/controller/errors.go:12.39,14.2 1 1
github.com/hveda/Setagaya/setagaya/controller/garbage.go:14.50,16.26 2 0
github.com/hveda/Setagaya/setagaya/controller/garbage.go:16.26,17.37 1 0
github.com/hveda/Setagaya/setagaya/controller/garbage.go:17.37,19.24 1 0
github.com/hveda/Setagaya/setagaya/controller/garbage.go:19.24,21.43 2 0
github.com/hveda/Setagaya/setagaya/controller/garbage.go:21.43,24.31 3 0
github.com/hveda/Setagaya/setagaya/controller/garbage.go:24.31,27.7 2 0
github.com/hveda/Setagaya/setagaya/controller/garbage.go:28.6,28.20 1 0
github.com/hveda/Setagaya/setagaya/controller/garbage.go:28.20,29.23 1 0
github.com/hveda/Setagaya/setagaya/controller/garbage.go:31.6,31.64 1 0
github.com/hveda/Setagaya/setagaya/controller/garbage.go:31.64,32.23 1 0
github.com/hveda/Setagaya/setagaya/controller/garbage.go:34.6,35.37 2 0
github.com/hveda/Setagaya/setagaya/controller/garbage.go:40.2,41.6 2 0
github.com/hveda/Setagaya/setagaya/controller/garbage.go:41.6,43.17 2 0
github.com/hveda/Setagaya/setagaya/controller/garbage.go:43.17,45.12 2 0
github.com/hveda/Setagaya/setagaya/controller/garbage.go:47.3,48.35 2 0
github.com/hveda/Setagaya/setagaya/controller/garbage.go:48.35,52.11 4 0
github.com/hveda/Setagaya/setagaya/controller/garbage.go:52.11,54.19 2 0
github.com/hveda/Setagaya/setagaya/controller/garbage.go:54.19,55.14 1 0
github.com/hveda/Setagaya/setagaya/controller/garbage.go:57.5,57.45 1 0
github.com/hveda/Setagaya/setagaya/controller/garbage.go:59.4,60.18 2 0
github.com/hveda/Setagaya/setagaya/controller/garbage.go:60.18,61.13 1 0
github.com/hveda/Setagaya/setagaya/controller/garbage.go:63.4,67.16 2 0
github.com/hveda/Setagaya/setagaya/controller/garbage.go:69.3,69.30 1 0
github.com/hveda/Setagaya/setagaya/controller/garbage.go:73.40,74.6 1 0
github.com/hveda/Setagaya/setagaya/controller/garbage.go:74.6,76.66 1 0
github.com/hveda/Setagaya/setagaya/controller/garbage.go:76.66,79.18 3 0
github.com/hveda/Setagaya/setagaya/controller/garbage.go:79.18,82.5 2 0
github.com/hveda/Setagaya/setagaya/controller/garbage.go:84.4,84.36 1 0
github.com/hveda/Setagaya/setagaya/controller/garbage.go:84.36,86.5 1 0
github.com/hveda/Setagaya/setagaya/controller/garbage.go:87.4,88.15 2 0
github.com/hveda/Setagaya/setagaya/controller/garbage.go:90.3,90.32 1 0
github.com/hveda/Setagaya/setagaya/controller/garbage.go:95.82,97.84 1 0
github.com/hveda/Setagaya/setagaya/controller/garbage.go:97.84,99.3 1 0
github.com/hveda/Setagaya/setagaya/controller/garbage.go:101.2,101.15 1 0
github.com/hveda/Setagaya/setagaya/controller/garbage.go:101.15,103.3 1 0
github.com/hveda/Setagaya/setagaya/controller/garbage.go:106.2,106.109 1 0
github.com/hveda/Setagaya/setagaya/controller/garbage.go:106.109,108.3 1 0
github.com/hveda/Setagaya/setagaya/controller/garbage.go:109.2,109.18 1 0
github.com/hveda/Setagaya/setagaya/controller/garbage.go:112.45,114.6 2 0
github.com/hveda/Setagaya/setagaya/controller/garbage.go:114.6,116.17 2 0
github.com/hveda/Setagaya/setagaya/controller/garbage.go:116.17,118.12 2 0
github.com/hveda/Setagaya/setagaya/controller/garbage.go:120.3,120.61 1 0
github.com/hveda/Setagaya/setagaya/controller/garbage.go:120.61,122.18 2 0
github.com/hveda/Setagaya/setagaya/controller/garbage.go:122.18,124.13 2 0
github.com/hveda/Setagaya/setagaya/controller/garbage.go:127.4,128.18 2 0
github.com/hveda/Setagaya/setagaya/controller/garbage.go:128.18,130.13 2 0
github.com/hveda/Setagaya/setagaya/controller/garbage.go:132.4,133.18 2 0
github.com/hveda/Setagaya/setagaya/controller/garbage.go:133.18,135.13 2 0
github.com/hveda/Setagaya/setagaya/controller/garbage.go:137.4,137.15 1 0
github.com/hveda/Setagaya/setagaya/controller/garbage.go:137.15,138.13 1 0
github.com/hveda/Setagaya/setagaya/controller/garbage.go:140.4,141.18 2 0
github.com/hveda/Setagaya/setagaya/controller/garbage.go:141.18,143.13 2 0
github.com/hveda/Setagaya/setagaya/controller/garbage.go:146.3,146.31 1 0
github.com/hveda/Setagaya/setagaya/controller/garbage.go:154.58,158.16 4 0
github.com/hveda/Setagaya/setagaya/controller/garbage.go:158.16,160.3 1 0
github.com/hveda/Setagaya/setagaya/controller/garbage.go:161.2,162.16 2 0
github.com/hveda/Setagaya/setagaya/controller/garbage.go:162.16,164.3 1 0
github.com/hveda/Setagaya/setagaya/controller/garbage.go:165.2,166.6 2 0
github.com/hveda/Setagaya/setagaya/controller/garbage.go:166.6,168.17 2 0
github.com/hveda/Setagaya/setagaya/controller/garbage.go:168.17,169.12 1 0
github.com/hveda/Setagaya/setagaya/controller/garbage.go:171.2,172.43 1 0
github.com/hveda/Setagaya/setagaya/controller/garbage.go:172.43,179.18 2 0
github.com/hveda/Setagaya/setagaya/controller/garbage.go:179.18,180.13 1 0
github.com/hveda/Setagaya/setagaya/controller/garbage.go:182.4,183.18 2 0
github.com/hveda/Setagaya/setagaya/controller/garbage.go:183.18,185.5 1 0
github.com/hveda/Setagaya/setagaya/controller/garbage.go:186.4,187.27 2 0
github.com/hveda/Setagaya/setagaya/controller/garbage.go:187.27,189.19 2 0
github.com/hveda/Setagaya/setagaya/controller/garbage.go:189.19,191.22 2 0
github.com/hveda/Setagaya/setagaya/controller/garbage.go:193.5,194.19 2 0
github.com/hveda/Setagaya/setagaya/controller/garbage.go:194.19,195.22 1 0
github.com/hveda/Setagaya/setagaya/controller/garbage.go:197.5,198.19 2 0
github.com/hveda/Setagaya/setagaya/controller/garbage.go:198.19,199.22 1 0
github.com/hveda/Setagaya/setagaya/controller/garbage.go:201.5,201.18 1 0
github.com/hveda/Setagaya/setagaya/controller/garbage.go:201.18,204.29 1 0
github.com/hveda/Setagaya/setagaya/controller/garbage.go:204.29,206.7 1 0
github.com/hveda/Setagaya/setagaya/controller/garbage.go:207.6,207.45 1 0
github.com/hveda/Setagaya/setagaya/controller/garbage.go:207.45,209.7 1 0
github.com/hveda/Setagaya/setagaya/controller/garbage.go:212.4,213.21 2 0
github.com/hveda/Setagaya/setagaya/controller/garbage.go:213.21,217.38 2 0
github.com/hveda/Setagaya/setagaya/controller/garbage.go:217.38,219.6 1 0
github.com/hveda/Setagaya/setagaya/controller/garbage.go:222.4,222.36 1 0
github.com/hveda/Setagaya/setagaya/controller/garbage.go:222.36,224.5 1 0
github.com/hveda/Setagaya/setagaya/controller/garbage.go:225.4,226.41 2 0
github.com/hveda/Setagaya/setagaya/controller/garbage.go:226.41,229.5 2 0
github.com/hveda/Setagaya/setagaya/controller/garbage.go:234.3,234.25 1 0
github.com/hveda/Setagaya/setagaya/controller/jmeter.go:16.52,20.2 3 0
github.com/hveda/Setagaya/setagaya/controller/jmeter.go:22.60,24.12 2 0
github.com/hveda/Setagaya/setagaya/controller/jmeter.go:24.12,26.7 1 0
github.com/hveda/Setagaya/setagaya/controller/jmeter.go:26.7,27.11 1 0
github.com/hveda/Setagaya/setagaya/controller/jmeter.go:28.38,29.12 1 0
github.com/hveda/Setagaya/setagaya/controller/jmeter.go:29.12,30.17 1 0
github.com/hveda/Setagaya/setagaya/controller/jmeter.go:32.5,39.23 3 0
github.com/hveda/Setagaya/setagaya/controller/jmeter.go:39.23,41.14 2 0
github.com/hveda/Setagaya/setagaya/controller/jmeter.go:43.5,47.19 5 0
github.com/hveda/Setagaya/setagaya/controller/jmeter.go:47.19,48.20 1 0
github.com/hveda/Setagaya/setagaya/controller/jmeter.go:50.5,60.6 1 0
github.com/hveda/Setagaya/setagaya/controller/jmeter.go:61.37,62.12 1 0
github.com/hveda/Setagaya/setagaya/controller/jmeter.go:62.12,63.17 1 0
github.com/hveda/Setagaya/setagaya/controller/jmeter.go:67.3,67.12 1 0
github.com/hveda/Setagaya/setagaya/controller/jmeter.go:69.2,69.11 1 0
github.com/hveda/Setagaya/setagaya/controller/main.go:33.34,48.2 4 0
github.com/hveda/Setagaya/setagaya/controller/main.go:62.37,74.32 7 0
github.com/hveda/Setagaya/setagaya/controller/main.go:74.32,77.3 2 0
github.com/hveda/Setagaya/setagaya/controller/main.go:82.47,85.2 2 0
github.com/hveda/Setagaya/setagaya/controller/main.go:87.36,88.6 1 0
github.com/hveda/Setagaya/setagaya/controller/main.go:88.6,89.10 1 0
github.com/hveda/Setagaya/setagaya/controller/main.go:90.34,93.54 3 0
github.com/hveda/Setagaya/setagaya/controller/main.go:93.54,97.5 3 0
github.com/hveda/Setagaya/setagaya/controller/main.go:97.10,99.5 1 0
github.com/hveda/Setagaya/setagaya/controller/main.go:100.4,100.96 1 0
github.com/hveda/Setagaya/setagaya/controller/main.go:101.38,107.94 6 0
github.com/hveda/Setagaya/setagaya/controller/main.go:108.40,110.11 2 0
github.com/hveda/Setagaya/setagaya/controller/main.go:110.11,111.13 1 0
github.com/hveda/Setagaya/setagaya/controller/main.go:113.4,113.47 1 0
github.com/hveda/Setagaya/setagaya/controller/main.go:113.47,115.5 1 0
github.com/hveda/Setagaya/setagaya/controller/main.go:127.43,129.16 2 0
github.com/hveda/Setagaya/setagaya/controller/main.go:129.16,132.3 2 0
github.com/hveda/Setagaya/setagaya/controller/main.go:133.2,134.34 2 0
github.com/hveda/Setagaya/setagaya/controller/main.go:134.34,138.10 4 0
github.com/hveda/Setagaya/setagaya/controller/main.go:138.10,140.18 2 0
github.com/hveda/Setagaya/setagaya/controller/main.go:140.18,141.13 1 0
github.com/hveda/Setagaya/setagaya/controller/main.go:143.4,143.44 1 0
github.com/hveda/Setagaya/setagaya/controller/main.go:145.3,146.17 2 0
github.com/hveda/Setagaya/setagaya/controller/main.go:146.17,147.12 1 0
github.com/hveda/Setagaya/setagaya/controller/main.go:149.3,150.54 2 0
github.com/hveda/Setagaya/setagaya/controller/main.go:154.45,155.39 1 0
github.com/hveda/Setagaya/setagaya/controller/main.go:155.39,156.34 1 0
github.com/hveda/Setagaya/setagaya/controller/main.go:156.34,158.27 2 0
github.com/hveda/Setagaya/setagaya/controller/main.go:158.27,180.5 16 0
github.com/hveda/Setagaya/setagaya/controller/main.go:185.75,187.16 2 0
github.com/hveda/Setagaya/setagaya/controller/main.go:187.16,189.3 1 0
github.com/hveda/Setagaya/setagaya/controller/main.go:190.2,193.24 4 0
github.com/hveda/Setagaya/setagaya/controller/main.go:193.24,196.3 2 0
github.com/hveda/Setagaya/setagaya/controller/main.go:197.2,198.72 2 0
github.com/hveda/Setagaya/setagaya/controller/main.go:198.72,200.3 1 0
github.com/hveda/Setagaya/setagaya/controller/main.go:201.2,201.118 1 0
github.com/hveda/Setagaya/setagaya/controller/main.go:201.118,203.3 1 0
github.com/hveda/Setagaya/setagaya/controller/main.go:204.2,204.33 1 0
github.com/hveda/Setagaya/setagaya/controller/main.go:204.33,206.3 1 0
github.com/hveda/Setagaya/setagaya/controller/main.go:207.2,207.16 1 0
github.com/hveda/Setagaya/setagaya/controller/main.go:207.16,209.3 1 0
github.com/hveda/Setagaya/setagaya/controller/main.go:213.2,213.12 1 0
github.com/hveda/Setagaya/setagaya/controller/main.go:213.12,216.25 3 0
github.com/hveda/Setagaya/setagaya/controller/main.go:216.25,218.37 2 0
github.com/hveda/Setagaya/setagaya/controller/main.go:218.37,221.30 3 0
github.com/hveda/Setagaya/setagaya/controller/main.go:221.30,223.6 1 0
github.com/hveda/Setagaya/setagaya/controller/main.go:226.3,229.38 3 0
github.com/hveda/Setagaya/setagaya/controller/main.go:231.2,231.12 1 0
github.com/hveda/Setagaya/setagaya/controller/main.go:234.103,236.16 2 0
github.com/hveda/Setagaya/setagaya/controller/main.go:236.16,238.3 1 0
github.com/hveda/Setagaya/setagaya/controller/main.go:239.2,240.16 2 0
github.com/hveda/Setagaya/setagaya/controller/main.go:240.16,242.3 1 0
github.com/hveda/Setagaya/setagaya/controller/main.go:243.2,243.23 1 0
github.com/hveda/Setagaya/setagaya/controller/main.go:243.23,246.3 2 0
github.com/hveda/Setagaya/setagaya/controller/main.go:247.2,247.16 1 0
github.com/hveda/Setagaya/setagaya/controller/plan.go:24.132,30.2 1 0
github.com/hveda/Setagaya/setagaya/controller/plan.go:32.42,35.44 2 0
github.com/hveda/Setagaya/setagaya/controller/plan.go:35.44,37.3 1 0
github.com/hveda/Setagaya/setagaya/controller/plan.go:38.2,38.12 1 0
github.com/hveda/Setagaya/setagaya/controller/plan.go:41.135,46.37 5 0
github.com/hveda/Setagaya/setagaya/controller/plan.go:46.37,48.21 1 0
github.com/hveda/Setagaya/setagaya/controller/plan.go:48.21,49.55 1 0
github.com/hveda/Setagaya/setagaya/controller/plan.go:49.55,52.5 2 0
github.com/hveda/Setagaya/setagaya/controller/plan.go:55.3,59.31 4 0
github.com/hveda/Setagaya/setagaya/controller/plan.go:59.31,66.22 2 0
github.com/hveda/Setagaya/setagaya/controller/plan.go:66.22,69.5 2 0
github.com/hveda/Setagaya/setagaya/controller/plan.go:70.4,70.53 1 0
github.com/hveda/Setagaya/setagaya/controller/plan.go:73.2,73.26 1 0
github.com/hveda/Setagaya/setagaya/controller/plan.go:76.103,78.16 2 0
github.com/hveda/Setagaya/setagaya/controller/plan.go:78.16,80.3 1 0
github.com/hveda/Setagaya/setagaya/controller/plan.go:81.2,84.16 3 0
github.com/hveda/Setagaya/setagaya/controller/plan.go:84.16,86.3 1 0
github.com/hveda/Setagaya/setagaya/controller/plan.go:87.2,90.33 4 0
github.com/hveda/Setagaya/setagaya/controller/plan.go:90.33,91.41 1 0
github.com/hveda/Setagaya/setagaya/controller/plan.go:91.41,92.63 1 0
github.com/hveda/Setagaya/setagaya/controller/plan.go:92.63,95.5 2 0
github.com/hveda/Setagaya/setagaya/controller/plan.go:96.4,96.15 1 0
github.com/hveda/Setagaya/setagaya/controller/plan.go:99.2,99.36 1 0
github.com/hveda/Setagaya/setagaya/controller/plan.go:99.36,100.32 1 0
github.com/hveda/Setagaya/setagaya/controller/plan.go:100.32,102.4 1 0
github.com/hveda/Setagaya/setagaya/controller/plan.go:104.2,104.25 1 0
github.com/hveda/Setagaya/setagaya/controller/plan.go:104.25,106.3 1 0
github.com/hveda/Setagaya/setagaya/controller/plan.go:107.2,108.12 2 0
github.com/hveda/Setagaya/setagaya/controller/plan.go:111.73,113.2 1 0
github.com/hveda/Setagaya/setagaya/controller/plan.go:115.107,120.16 4 0
github.com/hveda/Setagaya/setagaya/controller/plan.go:120.16,122.3 1 0
github.com/hveda/Setagaya/setagaya/controller/plan.go:123.2,124.16 2 0
github.com/hveda/Setagaya/setagaya/controller/plan.go:124.16,126.3 1 0
github.com/hveda/Setagaya/setagaya/controller/plan.go:127.2,127.33 1 0
github.com/hveda/Setagaya/setagaya/controller/plan.go:127.33,128.47 1 0
github.com/hveda/Setagaya/setagaya/controller/plan.go:128.47,131.18 2 0
github.com/hveda/Setagaya/setagaya/controller/plan.go:131.18,133.5 1 0
github.com/hveda/Setagaya/setagaya/controller/plan.go:134.4,135.71 2 0
github.com/hveda/Setagaya/setagaya/controller/plan.go:135.71,139.5 3 0
github.com/hveda/Setagaya/setagaya/controller/plan.go:143.4,144.62 2 0
github.com/hveda/Setagaya/setagaya/controller/plan.go:147.2,148.12 2 0
github.com/hveda/Setagaya/setagaya/controller/plan.go:152.43,157.44 5 0
github.com/hveda/Setagaya/setagaya/controller/plan.go:157.44,160.3 2 0
github.com/hveda/Setagaya/setagaya/controller/plan.go:160.8,160.23 1 0
github.com/hveda/Setagaya/setagaya/controller/plan.go:160.23,162.3 1 0
github.com/hveda/Setagaya/setagaya/controller/plan.go:163.2,163.33 1 0
github.com/hveda/Setagaya/setagaya/controller/plan.go:163.33,166.3 2 0
github.com/hveda/Setagaya/setagaya/controller/plan.go:167.2,167.11 1 0
github.com/hveda/Setagaya/setagaya/controller/plan.go:170.78,173.34 3 0
github.com/hveda/Setagaya/setagaya/controller/plan.go:173.34,176.9 3 0
github.com/hveda/Setagaya/setagaya/controller/plan.go:176.9,179.35 3 0
github.com/hveda/Setagaya/setagaya/controller/plan.go:179.35,184.5 4 0
github.com/hveda/Setagaya/setagaya/controller/plan.go:187.2,189.12 3 0
github.com/hveda/Setagaya/setagaya/controller/prometheus.go:20.60,22.9 2 0
github.com/hveda/Setagaya/setagaya/controller/prometheus.go:22.9,28.3 4 0
github.com/hveda/Setagaya/setagaya/controller/prometheus.go:29.2,30.40 2 0
github.com/hveda/Setagaya/setagaya/controller/prometheus.go:33.74,36.2 2 0
github.com/hveda/Setagaya/setagaya/controller/prometheus.go:38.46,41.2 2 0
github.com/hveda/Setagaya/setagaya/controller/prometheus.go:43.97,44.31 1 0
github.com/hveda/Setagaya/setagaya/controller/prometheus.go:44.31,57.3 4 0
github.com/hveda/Setagaya/setagaya/controller/prometheus.go:60.99,61.31 1 0
github.com/hveda/Setagaya/setagaya/controller/prometheus.go:61.31,69.3 2 0
github.com/hveda/Setagaya/setagaya/controller/prometheus.go:70.2,79.70 3 0
github.com/hveda/Setagaya/setagaya/controller/prometheus.go:82.114,85.9 3 0
github.com/hveda/Setagaya/setagaya/controller/prometheus.go:85.9,87.3 1 0
github.com/hveda/Setagaya/setagaya/controller/prometheus.go:88.2,89.61 2 0
github.com/hveda/Setagaya/setagaya/controller/prometheus.go:89.61,98.3 3 0
github.com/hveda/Setagaya/setagaya/controller/prometheus.go:102.44,105.9 3 0
github.com/hveda/Setagaya/setagaya/controller/prometheus.go:105.9,107.3 1 0
github.com/hveda/Setagaya/setagaya/controller/prometheus.go:108.2,109.63 2 0
github.com/hveda/Setagaya/setagaya/controller/prometheus.go:109.63,110.32 1 0
github.com/hveda/Setagaya/setagaya/controller/prometheus.go:110.32,119.4 1 0
github.com/hveda/Setagaya/setagaya/controller/prometheus.go:120.3,120.14 1 0
github.com/hveda/Setagaya/setagaya/controller/prometheus.go:124.75,126.16 2 0
github.com/hveda/Setagaya/setagaya/controller/prometheus.go:126.16,129.3 2 0
github.com/hveda/Setagaya/setagaya/controller/prometheus.go:130.2,132.16 3 0
github.com/hveda/Setagaya/setagaya/controller/prometheus.go:132.16,134.3 1 0
github.com/hveda/Setagaya/setagaya/controller/prometheus.go:135.2,135.47 1 0
github.com/hveda/Setagaya/setagaya/controller/prometheus.go:135.47,138.3 1 0
github.com/hveda/Setagaya/setagaya/engines/containerstats/cgroup.go:45.51,47.2 1 0
github.com/hveda/Setagaya/setagaya/engines/containerstats/cgroup.go:49.35,50.25 1 0
github.com/hveda/Setagaya/setagaya/engines/containerstats/cgroup.go:50.25,52.3 1 0
github.com/hveda/Setagaya/setagaya/engines/containerstats/cgroup.go:53.2,53.49 1 0
github.com/hveda/Setagaya/setagaya/engines/containerstats/cgroup.go:53.49,56.3 2 0
github.com/hveda/Setagaya/setagaya/engines/containerstats/cgroup.go:57.2,58.22 2 0
github.com/hveda/Setagaya/setagaya/engines/containerstats/cgroup.go:61.51,63.16 2 0
github.com/hveda/Setagaya/setagaya/engines/containerstats/cgroup.go:63.16,65.3 1 0
github.com/hveda/Setagaya/setagaya/engines/containerstats/cgroup.go:66.2,69.21 4 0
github.com/hveda/Setagaya/setagaya/engines/containerstats/cgroup.go:69.21,72.21 3 0
github.com/hveda/Setagaya/setagaya/engines/containerstats/cgroup.go:72.21,73.9 1 0
github.com/hveda/Setagaya/setagaya/engines/containerstats/cgroup.go:76.2,76.15 1 0
github.com/hveda/Setagaya/setagaya/engines/containerstats/cgroup.go:79.53,81.16 2 0
github.com/hveda/Setagaya/setagaya/engines/containerstats/cgroup.go:81.16,83.3 1 0
github.com/hveda/Setagaya/setagaya/engines/containerstats/cgroup.go:84.2,84.17 1 0
github.com/hveda/Setagaya/setagaya/engines/containerstats/cgroup.go:84.17,86.3 1 0
github.com/hveda/Setagaya/setagaya/engines/containerstats/cgroup.go:87.2,87.40 1 0
github.com/hveda/Setagaya/setagaya/engines/containerstats/cgroup.go:90.53,92.16 2 0
github.com/hveda/Setagaya/setagaya/engines/containerstats/cgroup.go:92.16,94.3 1 0
github.com/hveda/Setagaya/setagaya/engines/containerstats/cgroup.go:95.2,95.17 1 0
github.com/hveda/Setagaya/setagaya/engines/containerstats/cgroup.go:95.17,97.3 1 0
github.com/hveda/Setagaya/setagaya/engines/containerstats/cgroup.go:98.2,99.68 2 0
github.com/hveda/Setagaya/setagaya/engines/containerstats/cgroup.go:102.54,104.16 2 0
github.com/hveda/Setagaya/setagaya/engines/containerstats/cgroup.go:104.16,106.3 1 0
github.com/hveda/Setagaya/setagaya/engines/containerstats/cgroup.go:107.2,107.17 1 0
github.com/hveda/Setagaya/setagaya/engines/containerstats/cgroup.go:107.17,109.3 1 0
github.com/hveda/Setagaya/setagaya/engines/containerstats/cgroup.go:110.2,110.40 1 0
github.com/hveda/Setagaya/setagaya/engines/containerstats/cgroup.go:113.58,117.2 3 0
github.com/hveda/Setagaya/setagaya/engines/containerstats/cgroup.go:120.37,122.2 1 0
github.com/hveda/Setagaya/setagaya/engines/containerstats/cgroup.go:125.40,127.2 1 0
github.com/hveda/Setagaya/setagaya/controller/cmd/main.go:11.13,15.2 3 0
github.com/hveda/Setagaya/setagaya/engines/jmeter/setagaya-agent.go:37.43,45.43 2 0
github.com/hveda/Setagaya/setagaya/engines/jmeter/setagaya-agent.go:45.43,46.26 1 0
github.com/hveda/Setagaya/setagaya/engines/jmeter/setagaya-agent.go:46.26,48.4 1 0
github.com/hveda/Setagaya/setagaya/engines/jmeter/setagaya-agent.go:52.2,53.16 2 0
github.com/hveda/Setagaya/setagaya/engines/jmeter/setagaya-agent.go:57.13,61.27 2 0
github.com/hveda/Setagaya/setagaya/engines/jmeter/setagaya-agent.go:61.27,65.3 2 0
github.com/hveda/Setagaya/setagaya/engines/jmeter/setagaya-agent.go:65.8,67.3 1 0
github.com/hveda/Setagaya/setagaya/engines/jmeter/setagaya-agent.go:70.2,70.42 1 0
github.com/hveda/Setagaya/setagaya/engines/jmeter/setagaya-agent.go:70.42,75.3 3 0
github.com/hveda/Setagaya/setagaya/engines/jmeter/setagaya-agent.go:78.2,83.73 4 0
github.com/hveda/Setagaya/setagaya/engines/jmeter/setagaya-agent.go:124.48,126.2 1 0
github.com/hveda/Setagaya/setagaya/engines/jmeter/setagaya-agent.go:128.40,150.2 10 0
github.com/hveda/Setagaya/setagaya/engines/jmeter/setagaya-agent.go:152.41,154.6 2 0
github.com/hveda/Setagaya/setagaya/engines/jmeter/setagaya-agent.go:154.6,156.17 2 0
github.com/hveda/Setagaya/setagaya/engines/jmeter/setagaya-agent.go:156.17,157.12 1 0
github.com/hveda/Setagaya/setagaya/engines/jmeter/setagaya-agent.go:159.3,160.41 2 0
github.com/hveda/Setagaya/setagaya/engines/jmeter/setagaya-agent.go:164.75,171.20 2 0
github.com/hveda/Setagaya/setagaya/engines/jmeter/setagaya-agent.go:171.20,174.3 2 0
github.com/hveda/Setagaya/setagaya/engines/jmeter/setagaya-agent.go:175.2,179.16 5 0
github.com/hveda/Setagaya/setagaya/engines/jmeter/setagaya-agent.go:179.16,181.3 1 0
github.com/hveda/Setagaya/setagaya/engines/jmeter/setagaya-agent.go:182.2,188.8 1 0
github.com/hveda/Setagaya/setagaya/engines/jmeter/setagaya-agent.go:191.57,195.16 2 0
github.com/hveda/Setagaya/setagaya/engines/jmeter/setagaya-agent.go:195.16,197.3 1 0
github.com/hveda/Setagaya/setagaya/engines/jmeter/setagaya-agent.go:198.2,212.89 13 0
github.com/hveda/Setagaya/setagaya/engines/jmeter/setagaya-agent.go:216.37,217.6 1 0
github.com/hveda/Setagaya/setagaya/engines/jmeter/setagaya-agent.go:217.6,218.10 1 0
github.com/hveda/Setagaya/setagaya/engines/jmeter/setagaya-agent.go:219.29,223.101 2 0
github.com/hveda/Setagaya/setagaya/engines/jmeter/setagaya-agent.go:224.33,229.103 3 0
github.com/hveda/Setagaya/setagaya/engines/jmeter/setagaya-agent.go:230.26,234.46 2 0
github.com/hveda/Setagaya/setagaya/engines/jmeter/setagaya-agent.go:234.46,236.5 1 0
github.com/hveda/Setagaya/setagaya/engines/jmeter/setagaya-agent.go:241.49,244.2 2 0
github.com/hveda/Setagaya/setagaya/engines/jmeter/setagaya-agent.go:246.42,250.6 4 0
github.com/hveda/Setagaya/setagaya/engines/jmeter/setagaya-agent.go:250.6,252.17 2 0
github.com/hveda/Setagaya/setagaya/engines/jmeter/setagaya-agent.go:252.17,254.12 2 0
github.com/hveda/Setagaya/setagaya/engines/jmeter/setagaya-agent.go:256.3,256.8 1 0
github.com/hveda/Setagaya/setagaya/engines/jmeter/setagaya-agent.go:259.2,261.6 3 0
github.com/hveda/Setagaya/setagaya/engines/jmeter/setagaya-agent.go:261.6,262.10 1 0
github.com/hveda/Setagaya/setagaya/engines/jmeter/setagaya-agent.go:263.25,265.10 2 0
github.com/hveda/Setagaya/setagaya/engines/jmeter/setagaya-agent.go:266.26,267.23 1 0
github.com/hveda/Setagaya/setagaya/engines/jmeter/setagaya-agent.go:272.82,275.9 3 0
github.com/hveda/Setagaya/setagaya/engines/jmeter/setagaya-agent.go:275.9,279.3 2 0
github.com/hveda/Setagaya/setagaya/engines/jmeter/setagaya-agent.go:280.2,290.12 7 0
github.com/hveda/Setagaya/setagaya/engines/jmeter/setagaya-agent.go:290.12,293.3 2 0
github.com/hveda/Setagaya/setagaya/engines/jmeter/setagaya-agent.go:295.2,295.35 1 0
github.com/hveda/Setagaya/setagaya/engines/jmeter/setagaya-agent.go:295.35,296.20 1 0
github.com/hveda/Setagaya/setagaya/engines/jmeter/setagaya-agent.go:296.20,297.12 1 0
github.com/hveda/Setagaya/setagaya/engines/jmeter/setagaya-agent.go:299.3,300.18 2 0
github.com/hveda/Setagaya/setagaya/engines/jmeter/setagaya-agent.go:304.80,305.33 1 0
github.com/hveda/Setagaya/setagaya/engines/jmeter/setagaya-agent.go:305.33,307.3 1 0
github.com/hveda/Setagaya/setagaya/engines/jmeter/setagaya-agent.go:308.2,309.16 2 0
github.com/hveda/Setagaya/setagaya/engines/jmeter/setagaya-agent.go:309.16,312.3 2 0
github.com/hveda/Setagaya/setagaya/engines/jmeter/setagaya-agent.go:313.2,314.14 2 0
github.com/hveda/Setagaya/setagaya/engines/jmeter/setagaya-agent.go:314.14,316.3 1 0
github.com/hveda/Setagaya/setagaya/engines/jmeter/setagaya-agent.go:317.2,320.60 2 0
github.com/hveda/Setagaya/setagaya/engines/jmeter/setagaya-agent.go:320.60,323.3 2 0
github.com/hveda/Setagaya/setagaya/engines/jmeter/setagaya-agent.go:326.2,328.6 3 0
github.com/hveda/Setagaya/setagaya/engines/jmeter/setagaya-agent.go:328.6,329.23 1 0
github.com/hveda/Setagaya/setagaya/engines/jmeter/setagaya-agent.go:329.23,330.9 1 0
github.com/hveda/Setagaya/setagaya/engines/jmeter/setagaya-agent.go:332.3,332.30 1 0
github.com/hveda/Setagaya/setagaya/engines/jmeter/setagaya-agent.go:334.2,334.21 1 0
github.com/hveda/Setagaya/setagaya/engines/jmeter/setagaya-agent.go:337.44,342.2 3 0
github.com/hveda/Setagaya/setagaya/engines/jmeter/setagaya-agent.go:344.41,349.2 3 0
github.com/hveda/Setagaya/setagaya/engines/jmeter/setagaya-agent.go:351.45,355.62 2 0
github.com/hveda/Setagaya/setagaya/engines/jmeter/setagaya-agent.go:355.62,358.3 2 0
github.com/hveda/Setagaya/setagaya/engines/jmeter/setagaya-agent.go:361.2,361.57 1 0
github.com/hveda/Setagaya/setagaya/engines/jmeter/setagaya-agent.go:361.57,364.3 2 0
github.com/hveda/Setagaya/setagaya/engines/jmeter/setagaya-agent.go:366.2,373.16 5 0
github.com/hveda/Setagaya/setagaya/engines/jmeter/setagaya-agent.go:373.16,376.3 2 0
github.com/hveda/Setagaya/setagaya/engines/jmeter/setagaya-agent.go:377.2,379.12 3 0
github.com/hveda/Setagaya/setagaya/engines/jmeter/setagaya-agent.go:379.12,383.3 3 0
github.com/hveda/Setagaya/setagaya/engines/jmeter/setagaya-agent.go:384.2,384.12 1 0
github.com/hveda/Setagaya/setagaya/engines/jmeter/setagaya-agent.go:387.28,388.55 1 0
github.com/hveda/Setagaya/setagaya/engines/jmeter/setagaya-agent.go:388.55,390.3 1 0
github.com/hveda/Setagaya/setagaya/engines/jmeter/setagaya-agent.go:391.2,391.67 1 0
github.com/hveda/Setagaya/setagaya/engines/jmeter/setagaya-agent.go:391.67,393.3 1 0
github.com/hveda/Setagaya/setagaya/engines/jmeter/setagaya-agent.go:394.2,394.12 1 0
github.com/hveda/Setagaya/setagaya/engines/jmeter/setagaya-agent.go:397.53,400.92 2 0
github.com/hveda/Setagaya/setagaya/engines/jmeter/setagaya-agent.go:400.92,402.3 1 0
github.com/hveda/Setagaya/setagaya/engines/jmeter/setagaya-agent.go:404.2,412.59 5 0
github.com/hveda/Setagaya/setagaya/engines/jmeter/setagaya-agent.go:412.59,414.3 1 0
github.com/hveda/Setagaya/setagaya/engines/jmeter/setagaya-agent.go:415.2,415.12 1 0
github.com/hveda/Setagaya/setagaya/engines/jmeter/setagaya-agent.go:418.73,420.16 2 0
github.com/hveda/Setagaya/setagaya/engines/jmeter/setagaya-agent.go:420.16,422.3 1 0
github.com/hveda/Setagaya/setagaya/engines/jmeter/setagaya-agent.go:423.2,424.15 2 0
github.com/hveda/Setagaya/setagaya/engines/jmeter/setagaya-agent.go:424.15,426.3 1 0
github.com/hveda/Setagaya/setagaya/engines/jmeter/setagaya-agent.go:427.2,428.15 2 0
github.com/hveda/Setagaya/setagaya/engines/jmeter/setagaya-agent.go:428.15,430.3 1 0
github.com/hveda/Setagaya/setagaya/engines/jmeter/setagaya-agent.go:431.2,434.17 4 0
github.com/hveda/Setagaya/setagaya/engines/jmeter/setagaya-agent.go:437.58,439.48 2 0
github.com/hveda/Setagaya/setagaya/engines/jmeter/setagaya-agent.go:439.48,441.3 1 0
github.com/hveda/Setagaya/setagaya/engines/jmeter/setagaya-agent.go:442.2,442.17 1 0
github.com/hveda/Setagaya/setagaya/engines/jmeter/setagaya-agent.go:445.81,447.16 2 0
github.com/hveda/Setagaya/setagaya/engines/jmeter/setagaya-agent.go:447.16,449.3 1 0
github.com/hveda/Setagaya/setagaya/engines/jmeter/setagaya-agent.go:450.2,451.16 2 0
github.com/hveda/Setagaya/setagaya/engines/jmeter/setagaya-agent.go:451.16,453.3 1 0
github.com/hveda/Setagaya/setagaya/engines/jmeter/setagaya-agent.go:455.2,456.16 2 0
github.com/hveda/Setagaya/setagaya/engines/jmeter/setagaya-agent.go:456.16,458.3 1 0
github.com/hveda/Setagaya/setagaya/engines/jmeter/setagaya-agent.go:459.2,459.34 1 0
github.com/hveda/Setagaya/setagaya/engines/jmeter/setagaya-agent.go:459.34,461.34 2 0
github.com/hveda/Setagaya/setagaya/engines/jmeter/setagaya-agent.go:461.34,463.20 2 0
github.com/hveda/Setagaya/setagaya/engines/jmeter/setagaya-agent.go:464.32,465.50 1 0
github.com/hveda/Setagaya/setagaya/engines/jmeter/setagaya-agent.go:466.33,467.26 1 0
github.com/hveda/Setagaya/setagaya/engines/jmeter/setagaya-agent.go:468.35,469.27 1 0
github.com/hveda/Setagaya/setagaya/engines/jmeter/setagaya-agent.go:470.33,471.28 1 0
github.com/hveda/Setagaya/setagaya/engines/jmeter/setagaya-agent.go:475.2,475.31 1 0
github.com/hveda/Setagaya/setagaya/engines/jmeter/setagaya-agent.go:478.105,480.16 2 0
github.com/hveda/Setagaya/setagaya/engines/jmeter/setagaya-agent.go:480.16,483.3 2 0
github.com/hveda/Setagaya/setagaya/engines/jmeter/setagaya-agent.go:484.2,485.16 2 0
github.com/hveda/Setagaya/setagaya/engines/jmeter/setagaya-agent.go:485.16,487.3 1 0
github.com/hveda/Setagaya/setagaya/engines/jmeter/setagaya-agent.go:488.2,488.43 1 0
github.com/hveda/Setagaya/setagaya/engines/jmeter/setagaya-agent.go:491.69,493.16 2 0
github.com/hveda/Setagaya/setagaya/engines/jmeter/setagaya-agent.go:493.16,495.3 1 0
github.com/hveda/Setagaya/setagaya/engines/jmeter/setagaya-agent.go:496.2,497.16 2 0
github.com/hveda/Setagaya/setagaya/engines/jmeter/setagaya-agent.go:497.16,499.3 1 0
github.com/hveda/Setagaya/setagaya/engines/jmeter/setagaya-agent.go:500.2,500.45 1 0
github.com/hveda/Setagaya/setagaya/engines/jmeter/setagaya-agent.go:503.78,505.16 2 0
github.com/hveda/Setagaya/setagaya/engines/jmeter/setagaya-agent.go:505.16,507.3 1 0
github.com/hveda/Setagaya/setagaya/engines/jmeter/setagaya-agent.go:508.2,508.38 1 0
github.com/hveda/Setagaya/setagaya/engines/jmeter/setagaya-agent.go:511.85,512.36 1 0
github.com/hveda/Setagaya/setagaya/engines/jmeter/setagaya-agent.go:512.36,514.19 2 0
github.com/hveda/Setagaya/setagaya/engines/jmeter/setagaya-agent.go:515.15,516.87 1 0
github.com/hveda/Setagaya/setagaya/engines/jmeter/setagaya-agent.go:516.87,518.5 1 0
github.com/hveda/Setagaya/setagaya/engines/jmeter/setagaya-agent.go:519.15,520.44 1 0
github.com/hveda/Setagaya/setagaya/engines/jmeter/setagaya-agent.go:520.44,522.5 1 0
github.com/hveda/Setagaya/setagaya/engines/jmeter/setagaya-agent.go:523.11,524.53 1 0
github.com/hveda/Setagaya/setagaya/engines/jmeter/setagaya-agent.go:524.53,526.5 1 0
github.com/hveda/Setagaya/setagaya/engines/jmeter/setagaya-agent.go:529.2,529.12 1 0
github.com/hveda/Setagaya/setagaya/engines/jmeter/setagaya-agent.go:532.81,536.24 3 0
github.com/hveda/Setagaya/setagaya/engines/jmeter/setagaya-agent.go:536.24,537.23 1 0
github.com/hveda/Setagaya/setagaya/engines/jmeter/setagaya-agent.go:537.23,540.4 2 0
github.com/hveda/Setagaya/setagaya/engines/jmeter/setagaya-agent.go:541.3,542.17 2 0
github.com/hveda/Setagaya/setagaya/engines/jmeter/setagaya-agent.go:542.17,546.4 3 0
github.com/hveda/Setagaya/setagaya/engines/jmeter/setagaya-agent.go:547.3,549.52 3 0
github.com/hveda/Setagaya/setagaya/engines/jmeter/setagaya-agent.go:549.52,553.4 3 0
github.com/hveda/Setagaya/setagaya/engines/jmeter/setagaya-agent.go:554.3,554.41 1 0
github.com/hveda/Setagaya/setagaya/engines/jmeter/setagaya-agent.go:554.41,558.4 3 0
github.com/hveda/Setagaya/setagaya/engines/jmeter/setagaya-agent.go:559.3,559.49 1 0
github.com/hveda/Setagaya/setagaya/engines/jmeter/setagaya-agent.go:559.49,560.47 1 0
github.com/hveda/Setagaya/setagaya/engines/jmeter/setagaya-agent.go:560.47,563.5 2 0
github.com/hveda/Setagaya/setagaya/engines/jmeter/setagaya-agent.go:564.4,566.10 3 0
github.com/hveda/Setagaya/setagaya/engines/jmeter/setagaya-agent.go:568.3,574.9 7 0
github.com/hveda/Setagaya/setagaya/engines/jmeter/setagaya-agent.go:576.2,576.24 1 0
github.com/hveda/Setagaya/setagaya/engines/jmeter/setagaya-agent.go:579.84,581.14 2 0
github.com/hveda/Setagaya/setagaya/engines/jmeter/setagaya-agent.go:581.14,584.3 2 0
github.com/hveda/Setagaya/setagaya/engines/jmeter/setagaya-agent.go:585.2,585.30 1 0
github.com/hveda/Setagaya/setagaya/engines/jmeter/setagaya-agent.go:588.82,590.2 1 0
github.com/hveda/Setagaya/setagaya/engines/jmeter/setagaya-agent.go:594.75,597.6 3 0
github.com/hveda/Setagaya/setagaya/engines/jmeter/setagaya-agent.go:597.6,600.17 3 0
github.com/hveda/Setagaya/setagaya/engines/jmeter/setagaya-agent.go:600.17,602.4 1 0
github.com/hveda/Setagaya/setagaya/engines/jmeter/setagaya-agent.go:603.3,603.16 1 0
github.com/hveda/Setagaya/setagaya/engines/jmeter/setagaya-agent.go:603.16,605.12 2 0
github.com/hveda/Setagaya/setagaya/engines/jmeter/setagaya-agent.go:607.3,610.17 4 0
github.com/hveda/Setagaya/setagaya/engines/jmeter/setagaya-agent.go:610.17,612.4 1 0
github.com/hveda/Setagaya/setagaya/engines/jmeter/setagaya-agent.go:613.3,616.54 2 0
github.com/hveda/Setagaya/setagaya/engines/jmeter/setagaya-agent.go:620.13,622.12 2 0
github.com/hveda/Setagaya/setagaya/engines/jmeter/setagaya-agent.go:622.12,623.62 1 0
github.com/hveda/Setagaya/setagaya/engines/jmeter/setagaya-agent.go:623.62,628.4 1 0
github.com/hveda/Setagaya/setagaya/engines/jmeter/setagaya-agent.go:630.2,636.46 7 0
github.com/hveda/Setagaya/setagaya/engines/model/metrics.go:17.59,24.43 2 1
github.com/hveda/Setagaya/setagaya/engines/model/metrics.go:24.43,33.3 2 1
github.com/hveda/Setagaya/setagaya/engines/model/metrics.go:34.2,34.17 1 1
github.com/hveda/Setagaya/setagaya/engines/model/metrics.go:37.71,39.28 2 1
github.com/hveda/Setagaya/setagaya/engines/model/metrics.go:39.28,41.3 1 1
github.com/hveda/Setagaya/setagaya/engines/model/metrics.go:42.2,42.18 1 1
github.com/hveda/Setagaya/setagaya/object_storage/factory.go:23.73,24.25 1 1
github.com/hveda/Setagaya/setagaya/object_storage/factory.go:25.28,26.32 1 1
github.com/hveda/Setagaya/setagaya/object_storage/factory.go:27.26,28.30 1 0
github.com/hveda/Setagaya/setagaya/object_storage/factory.go:29.28,30.32 1 1
github.com/hveda/Setagaya/setagaya/object_storage/factory.go:31.10,32.118 1 1
github.com/hveda/Setagaya/setagaya/object_storage/factory.go:36.37,38.27 2 1
github.com/hveda/Setagaya/setagaya/object_storage/factory.go:38.27,41.3 1 0
github.com/hveda/Setagaya/setagaya/object_storage/factory.go:42.2,43.16 2 1
github.com/hveda/Setagaya/setagaya/object_storage/factory.go:43.16,45.3 1 0
github.com/hveda/Setagaya/setagaya/object_storage/factory.go:46.2,48.3 1 1
github.com/hveda/Setagaya/setagaya/object_storage/factory.go:51.27,53.2 1 1
github.com/hveda/Setagaya/setagaya/object_storage/factory.go:57.13,59.2 1 1
github.com/hveda/Setagaya/setagaya/object_storage/storage.go:18.38,20.2 1 1
github.com/hveda/Setagaya/setagaya/object_storage/storage.go:22.32,24.2 1 1
github.com/hveda/Setagaya/setagaya/object_storage/storage_gcp.go:27.34,29.42 2 0
github.com/hveda/Setagaya/setagaya/object_storage/storage_gcp.go:29.42,34.3 2 0
github.com/hveda/Setagaya/setagaya/object_storage/storage_gcp.go:35.2,39.3 1 0
github.com/hveda/Setagaya/setagaya/object_storage/storage_gcp.go:42.60,48.16 2 0
github.com/hveda/Setagaya/setagaya/object_storage/storage_gcp.go:48.16,50.3 1 0
github.com/hveda/Setagaya/setagaya/object_storage/storage_gcp.go:51.2,52.16 2 0
github.com/hveda/Setagaya/setagaya/object_storage/storage_gcp.go:52.16,54.3 1 0
github.com/hveda/Setagaya/setagaya/object_storage/storage_gcp.go:55.2,55.42 1 0
github.com/hveda/Setagaya/setagaya/object_storage/storage_gcp.go:55.42,59.17 3 0
github.com/hveda/Setagaya/setagaya/object_storage/storage_gcp.go:59.17,61.4 1 0
github.com/hveda/Setagaya/setagaya/object_storage/storage_gcp.go:62.3,62.60 1 0
github.com/hveda/Setagaya/setagaya/object_storage/storage_gcp.go:62.60,64.4 1 0
github.com/hveda/Setagaya/setagaya/object_storage/storage_gcp.go:66.2,67.16 2 0
github.com/hveda/Setagaya/setagaya/object_storage/storage_gcp.go:67.16,69.3 1 0
github.com/hveda/Setagaya/setagaya/object_storage/storage_gcp.go:70.2,70.15 1 0
github.com/hveda/Setagaya/setagaya/object_storage/storage_gcp.go:73.76,79.48 4 0
github.com/hveda/Setagaya/setagaya/object_storage/storage_gcp.go:79.48,82.3 2 0
github.com/hveda/Setagaya/setagaya/object_storage/storage_gcp.go:83.2,83.35 1 0
github.com/hveda/Setagaya/setagaya/object_storage/storage_gcp.go:83.35,85.3 1 0
github.com/hveda/Setagaya/setagaya/object_storage/storage_gcp.go:86.2,86.12 1 0
github.com/hveda/Setagaya/setagaya/object_storage/storage_gcp.go:89.53,93.81 3 0
github.com/hveda/Setagaya/setagaya/object_storage/storage_gcp.go:93.81,95.3 1 0
github.com/hveda/Setagaya/setagaya/object_storage/storage_gcp.go:96.2,96.12 1 0
github.com/hveda/Setagaya/setagaya/object_storage/storage_gcp.go:99.54,101.2 1 0
github.com/hveda/Setagaya/setagaya/object_storage/storage_gcp.go:103.65,108.16 4 0
github.com/hveda/Setagaya/setagaya/object_storage/storage_gcp.go:108.16,110.3 1 0
github.com/hveda/Setagaya/setagaya/object_storage/storage_gcp.go:111.2,111.15 1 0
github.com/hveda/Setagaya/setagaya/object_storage/storage_gcp.go:111.15,112.38 1 0
github.com/hveda/Setagaya/setagaya/object_storage/storage_gcp.go:112.38,114.4 1 0
github.com/hveda/Setagaya/setagaya/object_storage/storage_gcp.go:116.2,117.16 2 0
github.com/hveda/Setagaya/setagaya/object_storage/storage_gcp.go:117.16,119.3 1 0
github.com/hveda/Setagaya/setagaya/object_storage/storage_gcp.go:120.2,120.18 1 0
github.com/hveda/Setagaya/setagaya/object_storage/storage_gcp.go:123.62,124.59 1 0
github.com/hveda/Setagaya/setagaya/object_storage/storage_gcp.go:124.59,126.3 1 0
github.com/hveda/Setagaya/setagaya/object_storage/storage_gcp.go:127.2,127.12 1 0
github.com/hveda/Setagaya/setagaya/object_storage/storage_local.go:19.37,24.2 4 1
github.com/hveda/Setagaya/setagaya/object_storage/storage_local.go:26.54,28.2 1 0
github.com/hveda/Setagaya/setagaya/object_storage/storage_local.go:30.76,31.15 1 0
[...]
github.com/hveda/Setagaya/setagaya/scheduler/cloudrun.go:205.16,207.3 1 0
github.com/hveda/Setagaya/setagaya/scheduler/cloudrun.go:208.2,208.29 1 0
github.com/hveda/Setagaya/setagaya/scheduler/cloudrun.go:208.29,213.3 1 0
github.com/hveda/Setagaya/setagaya/scheduler/cloudrun.go:214.2,214.12 1 0
github.com/hveda/Setagaya/setagaya/scheduler/cloudrun.go:217.90,220.16 3 0
github.com/hveda/Setagaya/setagaya/scheduler/cloudrun.go:220.16,222.3 1 0
github.com/hveda/Setagaya/setagaya/scheduler/cloudrun.go:223.2,223.24 1 0
github.com/hveda/Setagaya/setagaya/scheduler/cloudrun.go:226.102,229.16 3 0
github.com/hveda/Setagaya/setagaya/scheduler/cloudrun.go:229.16,231.3 1 0
github.com/hveda/Setagaya/setagaya/scheduler/cloudrun.go:232.2,232.24 1 0
github.com/hveda/Setagaya/setagaya/scheduler/cloudrun.go:235.95,237.16 2 0
github.com/hveda/Setagaya/setagaya/scheduler/cloudrun.go:237.16,239.3 1 0
github.com/hveda/Setagaya/setagaya/scheduler/cloudrun.go:240.2,241.29 2 0
github.com/hveda/Setagaya/setagaya/scheduler/cloudrun.go:241.29,243.44 2 0
github.com/hveda/Setagaya/setagaya/scheduler/cloudrun.go:243.44,244.26 1 0
github.com/hveda/Setagaya/setagaya/scheduler/cloudrun.go:244.26,246.5 1 0
github.com/hveda/Setagaya/setagaya/scheduler/cloudrun.go:248.3,248.12 1 0
github.com/hveda/Setagaya/setagaya/scheduler/cloudrun.go:248.12,250.4 1 0
github.com/hveda/Setagaya/setagaya/scheduler/cloudrun.go:252.2,252.15 1 0
github.com/hveda/Setagaya/setagaya/scheduler/cloudrun.go:255.131,257.16 2 0
github.com/hveda/Setagaya/setagaya/scheduler/cloudrun.go:257.16,259.3 1 0
github.com/hveda/Setagaya/setagaya/scheduler/cloudrun.go:260.2,267.25 4 0
github.com/hveda/Setagaya/setagaya/scheduler/cloudrun.go:267.25,273.3 2 0
github.com/hveda/Setagaya/setagaya/scheduler/cloudrun.go:274.2,274.29 1 0
github.com/hveda/Setagaya/setagaya/scheduler/cloudrun.go:274.29,276.17 2 0
github.com/hveda/Setagaya/setagaya/scheduler/cloudrun.go:276.17,278.4 1 0
github.com/hveda/Setagaya/setagaya/scheduler/cloudrun.go:279.3,281.10 3 0
github.com/hveda/Setagaya/setagaya/scheduler/cloudrun.go:281.10,283.12 2 0
github.com/hveda/Setagaya/setagaya/scheduler/cloudrun.go:285.3,287.44 3 0
github.com/hveda/Setagaya/setagaya/scheduler/cloudrun.go:287.44,288.26 1 0
github.com/hveda/Setagaya/setagaya/scheduler/cloudrun.go:288.26,290.5 1 0
github.com/hveda/Setagaya/setagaya/scheduler/cloudrun.go:292.3,292.12 1 0
github.com/hveda/Setagaya/setagaya/scheduler/cloudrun.go:292.12,294.4 1 0
github.com/hveda/Setagaya/setagaya/scheduler/cloudrun.go:296.2,296.39 1 0
github.com/hveda/Setagaya/setagaya/scheduler/cloudrun.go:296.39,300.26 3 0
github.com/hveda/Setagaya/setagaya/scheduler/cloudrun.go:300.26,302.18 2 0
github.com/hveda/Setagaya/setagaya/scheduler/cloudrun.go:302.18,305.5 2 0
github.com/hveda/Setagaya/setagaya/scheduler/cloudrun.go:307.3,307.34 1 0
github.com/hveda/Setagaya/setagaya/scheduler/cloudrun.go:309.2,309.16 1 0
github.com/hveda/Setagaya/setagaya/scheduler/cloudrun.go:313.118,316.16 2 0
github.com/hveda/Setagaya/setagaya/scheduler/cloudrun.go:316.16,318.3 1 0
github.com/hveda/Setagaya/setagaya/scheduler/cloudrun.go:319.2,320.29 2 0
github.com/hveda/Setagaya/setagaya/scheduler/cloudrun.go:320.29,322.3 1 0
github.com/hveda/Setagaya/setagaya/scheduler/cloudrun.go:323.2,323.15 1 0
github.com/hveda/Setagaya/setagaya/scheduler/cloudrun.go:326.75,329.16 3 0
github.com/hveda/Setagaya/setagaya/scheduler/cloudrun.go:329.16,331.3 1 0
github.com/hveda/Setagaya/setagaya/scheduler/cloudrun.go:332.2,332.33 1 0
github.com/hveda/Setagaya/setagaya/scheduler/cloudrun.go:332.33,334.17 2 0
github.com/hveda/Setagaya/setagaya/scheduler/cloudrun.go:334.17,336.4 1 0
github.com/hveda/Setagaya/setagaya/scheduler/cloudrun.go:337.3,338.38 2 0
github.com/hveda/Setagaya/setagaya/scheduler/cloudrun.go:340.2,340.31 1 0
github.com/hveda/Setagaya/setagaya/scheduler/cloudrun.go:343.103,346.2 1 0
github.com/hveda/Setagaya/setagaya/scheduler/cloudrun.go:350.59,352.16 2 0
github.com/hveda/Setagaya/setagaya/scheduler/cloudrun.go:352.16,354.3 1 0
github.com/hveda/Setagaya/setagaya/scheduler/cloudrun.go:355.2,355.19 1 0
github.com/hveda/Setagaya/setagaya/scheduler/cloudrun.go:358.114,360.2 1 0
github.com/hveda/Setagaya/setagaya/scheduler/cloudrun.go:362.58,364.2 1 0
github.com/hveda/Setagaya/setagaya/scheduler/cloudrun.go:366.64,368.2 1 0
github.com/hveda/Setagaya/setagaya/scheduler/cloudrun.go:370.72,372.2 1 0
github.com/hveda/Setagaya/setagaya/scheduler/cloudrun.go:374.79,376.2 1 0
github.com/hveda/Setagaya/setagaya/scheduler/cloudrun.go:378.80,381.16 2 0
github.com/hveda/Setagaya/setagaya/scheduler/cloudrun.go:381.16,383.3 1 0
github.com/hveda/Setagaya/setagaya/scheduler/cloudrun.go:384.2,388.16 5 0
github.com/hveda/Setagaya/setagaya/scheduler/cloudrun.go:388.16,390.3 1 0
github.com/hveda/Setagaya/setagaya/scheduler/cloudrun.go:391.2,393.23 3 0
github.com/hveda/Setagaya/setagaya/scheduler/errors.go:12.49,14.2 1 1
github.com/hveda/Setagaya/setagaya/scheduler/errors.go:16.37,18.2 1 1
github.com/hveda/Setagaya/setagaya/scheduler/errors.go:25.46,27.2 1 1
github.com/hveda/Setagaya/setagaya/scheduler/k8s.go:39.71,41.16 2 0
github.com/hveda/Setagaya/setagaya/scheduler/k8s.go:41.16,43.3 1 0
github.com/hveda/Setagaya/setagaya/scheduler/k8s.go:44.2,45.16 2 0
github.com/hveda/Setagaya/setagaya/scheduler/k8s.go:45.16,47.3 1 0
github.com/hveda/Setagaya/setagaya/scheduler/k8s.go:50.2,51.22 2 0
github.com/hveda/Setagaya/setagaya/scheduler/k8s.go:51.22,53.3 1 0
github.com/hveda/Setagaya/setagaya/scheduler/k8s.go:55.2,60.3 1 0
github.com/hveda/Setagaya/setagaya/scheduler/k8s.go:63.62,82.2 2 0
github.com/hveda/Setagaya/setagaya/scheduler/k8s.go:84.74,95.2 1 0
github.com/hveda/Setagaya/setagaya/scheduler/k8s.go:97.91,105.2 2 0
github.com/hveda/Setagaya/setagaya/scheduler/k8s.go:107.69,110.2 2 0
github.com/hveda/Setagaya/setagaya/scheduler/k8s.go:112.60,129.2 2 0
github.com/hveda/Setagaya/setagaya/scheduler/k8s.go:131.67,134.2 2 0
github.com/hveda/Setagaya/setagaya/scheduler/k8s.go:136.58,140.17 4 0
github.com/hveda/Setagaya/setagaya/scheduler/k8s.go:140.17,144.3 3 0
github.com/hveda/Setagaya/setagaya/scheduler/k8s.go:145.2,145.17 1 0
github.com/hveda/Setagaya/setagaya/scheduler/k8s.go:148.46,152.17 3 0
github.com/hveda/Setagaya/setagaya/scheduler/k8s.go:152.17,153.24 1 0
github.com/hveda/Setagaya/setagaya/scheduler/k8s.go:153.24,155.4 1 0
github.com/hveda/Setagaya/setagaya/scheduler/k8s.go:157.2,157.20 1 0
github.com/hveda/Setagaya/setagaya/scheduler/k8s.go:160.66,161.72 1 0
github.com/hveda/Setagaya/setagaya/scheduler/k8s.go:161.72,163.53 2 0
github.com/hveda/Setagaya/setagaya/scheduler/k8s.go:163.53,168.4 1 0
github.com/hveda/Setagaya/setagaya/scheduler/k8s.go:169.3,169.21 1 0
github.com/hveda/Setagaya/setagaya/scheduler/k8s.go:171.2,171.28 1 0
github.com/hveda/Setagaya/setagaya/scheduler/k8s.go:175.103,179.36 4 0
github.com/hveda/Setagaya/setagaya/scheduler/k8s.go:179.36,204.3 10 0
github.com/hveda/Setagaya/setagaya/scheduler/k8s.go:205.2,283.19 8 0
github.com/hveda/Setagaya/setagaya/scheduler/k8s.go:288.52,346.2 3 0
github.com/hveda/Setagaya/setagaya/scheduler/k8s.go:348.74,351.33 3 0
github.com/hveda/Setagaya/setagaya/scheduler/k8s.go:351.33,354.3 1 0
github.com/hveda/Setagaya/setagaya/scheduler/k8s.go:354.8,354.23 1 0
github.com/hveda/Setagaya/setagaya/scheduler/k8s.go:354.23,356.3 1 0
github.com/hveda/Setagaya/setagaya/scheduler/k8s.go:357.2,357.12 1 0
github.com/hveda/Setagaya/setagaya/scheduler/k8s.go:360.87,379.55 2 0
github.com/hveda/Setagaya/setagaya/scheduler/k8s.go:379.55,380.49 1 0
github.com/hveda/Setagaya/setagaya/scheduler/k8s.go:381.19,382.49 1 0
github.com/hveda/Setagaya/setagaya/scheduler/k8s.go:383.23,385.53 2 0
github.com/hveda/Setagaya/setagaya/scheduler/k8s.go:388.2,389.33 2 0
github.com/hveda/Setagaya/setagaya/scheduler/k8s.go:389.33,391.3 1 0
github.com/hveda/Setagaya/setagaya/scheduler/k8s.go:391.8,391.23 1 0
github.com/hveda/Setagaya/setagaya/scheduler/k8s.go:391.23,393.3 1 0
github.com/hveda/Setagaya/setagaya/scheduler/k8s.go:394.2,394.12 1 0
github.com/hveda/Setagaya/setagaya/scheduler/k8s.go:397.64,405.16 2 0
github.com/hveda/Setagaya/setagaya/scheduler/k8s.go:405.16,408.3 2 0
github.com/hveda/Setagaya/setagaya/scheduler/k8s.go:409.2,409.29 1 0
github.com/hveda/Setagaya/setagaya/scheduler/k8s.go:409.29,411.3 1 0
github.com/hveda/Setagaya/setagaya/scheduler/k8s.go:411.8,413.3 1 0
github.com/hveda/Setagaya/setagaya/scheduler/k8s.go:416.96,418.16 2 0
github.com/hveda/Setagaya/setagaya/scheduler/k8s.go:418.16,421.3 2 0
github.com/hveda/Setagaya/setagaya/scheduler/k8s.go:422.2,422.12 1 0
github.com/hveda/Setagaya/setagaya/scheduler/k8s.go:426.65,432.82 6 0
github.com/hveda/Setagaya/setagaya/scheduler/k8s.go:432.82,434.3 1 0
github.com/hveda/Setagaya/setagaya/scheduler/k8s.go:435.2,436.71 2 0
github.com/hveda/Setagaya/setagaya/scheduler/k8s.go:436.71,438.3 1 0
github.com/hveda/Setagaya/setagaya/scheduler/k8s.go:439.2,441.109 3 0
github.com/hveda/Setagaya/setagaya/scheduler/k8s.go:441.109,443.3 1 0
github.com/hveda/Setagaya/setagaya/scheduler/k8s.go:444.2,445.12 2 0
github.com/hveda/Setagaya/setagaya/scheduler/k8s.go:448.99,470.2 2 0
github.com/hveda/Setagaya/setagaya/scheduler/k8s.go:472.144,479.150 7 0
github.com/hveda/Setagaya/setagaya/scheduler/k8s.go:479.150,481.3 1 0
github.com/hveda/Setagaya/setagaya/scheduler/k8s.go:482.2,483.142 2 0
github.com/hveda/Setagaya/setagaya/scheduler/k8s.go:483.142,486.3 2 0
github.com/hveda/Setagaya/setagaya/scheduler/k8s.go:487.2,487.12 1 0
github.com/hveda/Setagaya/setagaya/scheduler/k8s.go:490.77,494.16 3 0
github.com/hveda/Setagaya/setagaya/scheduler/k8s.go:494.16,496.3 1 0
github.com/hveda/Setagaya/setagaya/scheduler/k8s.go:497.2,497.34 1 0
github.com/hveda/Setagaya/setagaya/scheduler/k8s.go:497.34,499.3 1 0
github.com/hveda/Setagaya/setagaya/scheduler/k8s.go:500.2,500.62 1 0
github.com/hveda/Setagaya/setagaya/scheduler/k8s.go:500.62,502.58 1 0
github.com/hveda/Setagaya/setagaya/scheduler/k8s.go:502.58,504.4 1 0
github.com/hveda/Setagaya/setagaya/scheduler/k8s.go:505.3,505.62 1 0
github.com/hveda/Setagaya/setagaya/scheduler/k8s.go:507.2,508.16 2 0
github.com/hveda/Setagaya/setagaya/scheduler/k8s.go:508.16,510.3 1 0
github.com/hveda/Setagaya/setagaya/scheduler/k8s.go:511.2,512.56 2 0
github.com/hveda/Setagaya/setagaya/scheduler/k8s.go:515.96,521.16 2 0
github.com/hveda/Setagaya/setagaya/scheduler/k8s.go:521.16,523.3 1 0
github.com/hveda/Setagaya/setagaya/scheduler/k8s.go:524.2,524.30 1 0
github.com/hveda/Setagaya/setagaya/scheduler/k8s.go:527.104,530.16 3 0
github.com/hveda/Setagaya/setagaya/scheduler/k8s.go:530.16,532.3 1 0
github.com/hveda/Setagaya/setagaya/scheduler/k8s.go:533.2,533.13 1 0
github.com/hveda/Setagaya/setagaya/scheduler/k8s.go:536.88,539.16 3 0
github.com/hveda/Setagaya/setagaya/scheduler/k8s.go:539.16,541.3 1 0
github.com/hveda/Setagaya/setagaya/scheduler/k8s.go:542.2,542.39 1 0
github.com/hveda/Setagaya/setagaya/scheduler/k8s.go:542.39,546.3 3 0
github.com/hveda/Setagaya/setagaya/scheduler/k8s.go:547.2,547.18 1 0
github.com/hveda/Setagaya/setagaya/scheduler/k8s.go:550.127,552.16 2 0
github.com/hveda/Setagaya/setagaya/scheduler/k8s.go:552.16,554.3 1 0
github.com/hveda/Setagaya/setagaya/scheduler/k8s.go:555.2,556.41 2 0
github.com/hveda/Setagaya/setagaya/scheduler/k8s.go:556.41,560.3 3 0
github.com/hveda/Setagaya/setagaya/scheduler/k8s.go:561.2,561.18 1 0
github.com/hveda/Setagaya/setagaya/scheduler/k8s.go:564.140,570.25 6 0
github.com/hveda/Setagaya/setagaya/scheduler/k8s.go:570.25,576.3 2 0
github.com/hveda/Setagaya/setagaya/scheduler/k8s.go:577.2,578.27 2 0
github.com/hveda/Setagaya/setagaya/scheduler/k8s.go:578.27,579.49 1 0
github.com/hveda/Setagaya/setagaya/scheduler/k8s.go:579.49,581.12 2 0
github.com/hveda/Setagaya/setagaya/scheduler/k8s.go:583.3,584.17 2 0
github.com/hveda/Setagaya/setagaya/scheduler/k8s.go:584.17,586.4 1 0
github.com/hveda/Setagaya/setagaya/scheduler/k8s.go:587.3,588.10 2 0
github.com/hveda/Setagaya/setagaya/scheduler/k8s.go:588.10,590.12 2 0
github.com/hveda/Setagaya/setagaya/scheduler/k8s.go:592.3,593.43 2 0
github.com/hveda/Setagaya/setagaya/scheduler/k8s.go:593.43,595.4 1 0
github.com/hveda/Setagaya/setagaya/scheduler/k8s.go:599.2,599.32 1 0
github.com/hveda/Setagaya/setagaya/scheduler/k8s.go:599.32,603.3 3 0
github.com/hveda/Setagaya/setagaya/scheduler/k8s.go:604.2,604.49 1 0
github.com/hveda/Setagaya/setagaya/scheduler/k8s.go:604.49,605.35 1 0
github.com/hveda/Setagaya/setagaya/scheduler/k8s.go:605.35,607.4 1 0
github.com/hveda/Setagaya/setagaya/scheduler/k8s.go:608.3,608.17 1 0
github.com/hveda/Setagaya/setagaya/scheduler/k8s.go:610.2,617.16 5 0
github.com/hveda/Setagaya/setagaya/scheduler/k8s.go:617.16,620.3 2 0
github.com/hveda/Setagaya/setagaya/scheduler/k8s.go:621.2,623.32 3 0
github.com/hveda/Setagaya/setagaya/scheduler/k8s.go:623.32,625.3 1 0
github.com/hveda/Setagaya/setagaya/scheduler/k8s.go:626.2,626.34 1 0
github.com/hveda/Setagaya/setagaya/scheduler/k8s.go:626.34,628.3 1 0
github.com/hveda/Setagaya/setagaya/scheduler/k8s.go:629.2,631.16 3 0
github.com/hveda/Setagaya/setagaya/scheduler/k8s.go:631.16,633.58 2 0
github.com/hveda/Setagaya/setagaya/scheduler/k8s.go:633.58,635.4 1 0
github.com/hveda/Setagaya/setagaya/scheduler/k8s.go:636.3,636.34 1 0
github.com/hveda/Setagaya/setagaya/scheduler/k8s.go:638.2,638.16 1 0
github.com/hveda/Setagaya/setagaya/scheduler/k8s.go:641.103,645.2 3 0
github.com/hveda/Setagaya/setagaya/scheduler/k8s.go:647.77,661.16 4 0
github.com/hveda/Setagaya/setagaya/scheduler/k8s.go:661.16,663.3 1 0
github.com/hveda/Setagaya/setagaya/scheduler/k8s.go:664.2,666.16 3 0
github.com/hveda/Setagaya/setagaya/scheduler/k8s.go:666.16,668.3 1 0
github.com/hveda/Setagaya/setagaya/scheduler/k8s.go:669.2,669.23 1 0
github.com/hveda/Setagaya/setagaya/scheduler/k8s.go:672.89,674.16 2 0
github.com/hveda/Setagaya/setagaya/scheduler/k8s.go:674.16,676.3 1 0
github.com/hveda/Setagaya/setagaya/scheduler/k8s.go:677.2,677.19 1 0
github.com/hveda/Setagaya/setagaya/scheduler/k8s.go:677.19,679.3 1 0
github.com/hveda/Setagaya/setagaya/scheduler/k8s.go:680.2,680.66 1 0
github.com/hveda/Setagaya/setagaya/scheduler/k8s.go:683.68,689.16 3 0
github.com/hveda/Setagaya/setagaya/scheduler/k8s.go:689.16,691.3 1 0
github.com/hveda/Setagaya/setagaya/scheduler/k8s.go:692.2,693.39 2 0
github.com/hveda/Setagaya/setagaya/scheduler/k8s.go:693.39,694.36 1 0
github.com/hveda/Setagaya/setagaya/scheduler/k8s.go:694.36,696.4 1 0
github.com/hveda/Setagaya/setagaya/scheduler/k8s.go:698.2,698.14 1 0
github.com/hveda/Setagaya/setagaya/scheduler/k8s.go:701.70,703.16 2 0
github.com/hveda/Setagaya/setagaya/scheduler/k8s.go:703.16,706.3 2 0
github.com/hveda/Setagaya/setagaya/scheduler/k8s.go:707.2,708.41 2 0
github.com/hveda/Setagaya/setagaya/scheduler/k8s.go:711.70,719.16 3 0
github.com/hveda/Setagaya/setagaya/scheduler/k8s.go:719.16,721.3 1 0
github.com/hveda/Setagaya/setagaya/scheduler/k8s.go:725.2,726.33 2 0
github.com/hveda/Setagaya/setagaya/scheduler/k8s.go:726.33,727.95 1 0
github.com/hveda/Setagaya/setagaya/scheduler/k8s.go:727.95,729.4 1 0
github.com/hveda/Setagaya/setagaya/scheduler/k8s.go:731.2,731.18 1 0
github.com/hveda/Setagaya/setagaya/scheduler/k8s.go:734.73,742.16 4 0
github.com/hveda/Setagaya/setagaya/scheduler/k8s.go:742.16,745.3 2 0
github.com/hveda/Setagaya/setagaya/scheduler/k8s.go:746.2,747.108 1 0
github.com/hveda/Setagaya/setagaya/scheduler/k8s.go:747.108,749.3 1 0
github.com/hveda/Setagaya/setagaya/scheduler/k8s.go:750.2,750.12 1 0
github.com/hveda/Setagaya/setagaya/scheduler/k8s.go:753.72,755.16 2 0
github.com/hveda/Setagaya/setagaya/scheduler/k8s.go:755.16,757.3 1 0
github.com/hveda/Setagaya/setagaya/scheduler/k8s.go:758.2,759.16 2 0
github.com/hveda/Setagaya/setagaya/scheduler/k8s.go:759.16,761.3 1 0
github.com/hveda/Setagaya/setagaya/scheduler/k8s.go:762.2,762.12 1 0
github.com/hveda/Setagaya/setagaya/scheduler/k8s.go:765.73,768.129 3 0
github.com/hveda/Setagaya/setagaya/scheduler/k8s.go:768.129,770.3 1 0
github.com/hveda/Setagaya/setagaya/scheduler/k8s.go:771.2,771.126 1 0
github.com/hveda/Setagaya/setagaya/scheduler/k8s.go:771.126,773.3 1 0
github.com/hveda/Setagaya/setagaya/scheduler/k8s.go:774.2,774.12 1 0
github.com/hveda/Setagaya/setagaya/scheduler/k8s.go:777.31,777.44 1 0
github.com/hveda/Setagaya/setagaya/scheduler/k8s.go:779.109,870.2 5 0
github.com/hveda/Setagaya/setagaya/scheduler/k8s.go:872.67,877.48 3 0
github.com/hveda/Setagaya/setagaya/scheduler/k8s.go:877.48,879.3 1 0
github.com/hveda/Setagaya/setagaya/scheduler/k8s.go:880.2,880.56 1 0
github.com/hveda/Setagaya/setagaya/scheduler/k8s.go:880.56,882.3 1 0
github.com/hveda/Setagaya/setagaya/scheduler/k8s.go:883.2,883.12 1 0
github.com/hveda/Setagaya/setagaya/scheduler/k8s.go:886.128,923.16 6 0
github.com/hveda/Setagaya/setagaya/scheduler/k8s.go:923.16,925.3 1 0
github.com/hveda/Setagaya/setagaya/scheduler/k8s.go:926.2,926.12 1 0
github.com/hveda/Setagaya/setagaya/scheduler/k8s.go:929.84,932.16 3 0
github.com/hveda/Setagaya/setagaya/scheduler/k8s.go:932.16,934.3 1 0
github.com/hveda/Setagaya/setagaya/scheduler/k8s.go:935.2,936.27 2 0
github.com/hveda/Setagaya/setagaya/scheduler/k8s.go:936.27,938.17 2 0
github.com/hveda/Setagaya/setagaya/scheduler/k8s.go:938.17,940.4 1 0
github.com/hveda/Setagaya/setagaya/scheduler/k8s.go:941.3,941.65 1 0
github.com/hveda/Setagaya/setagaya/scheduler/k8s.go:943.2,943.33 1 0
github.com/hveda/Setagaya/setagaya/scheduler/k8s.go:946.81,949.16 3 0
github.com/hveda/Setagaya/setagaya/scheduler/k8s.go:949.16,951.3 1 0
github.com/hveda/Setagaya/setagaya/scheduler/k8s.go:952.2,953.37 2 0
github.com/hveda/Setagaya/setagaya/scheduler/k8s.go:953.37,955.17 2 0
github.com/hveda/Setagaya/setagaya/scheduler/k8s.go:955.17,957.4 1 0
github.com/hveda/Setagaya/setagaya/scheduler/k8s.go:958.3,958.59 1 0
github.com/hveda/Setagaya/setagaya/scheduler/k8s.go:960.2,960.30 1 0
github.com/hveda/Setagaya/setagaya/scheduler/k8s.go:963.112,967.16 2 0
github.com/hveda/Setagaya/setagaya/scheduler/k8s.go:967.16,969.3 1 0
github.com/hveda/Setagaya/setagaya/scheduler/k8s.go:970.2,971.39 2 0
github.com/hveda/Setagaya/setagaya/scheduler/k8s.go:971.39,972.36 1 0
github.com/hveda/Setagaya/setagaya/scheduler/k8s.go:972.36,974.4 1 0
github.com/hveda/Setagaya/setagaya/scheduler/k8s.go:976.2,976.20 1 0
github.com/hveda/Setagaya/setagaya/scheduler/k8s.go:979.123,982.16 3 0
github.com/hveda/Setagaya/setagaya/scheduler/k8s.go:982.16,984.3 1 0
github.com/hveda/Setagaya/setagaya/scheduler/k8s.go:985.2,985.20 1 0
github.com/hveda/Setagaya/setagaya/scheduler/k8s.go:985.20,987.3 1 0
github.com/hveda/Setagaya/setagaya/scheduler/k8s.go:988.2,990.16 3 0
github.com/hveda/Setagaya/setagaya/scheduler/k8s.go:990.16,992.3 1 0
github.com/hveda/Setagaya/setagaya/scheduler/k8s.go:992.8,994.3 1 0
github.com/hveda/Setagaya/setagaya/scheduler/k8s.go:995.2,996.25 2 0
github.com/hveda/Setagaya/setagaya/scheduler/k8s.go:996.25,1002.3 5 0
github.com/hveda/Setagaya/setagaya/scheduler/k8s.go:1003.2,1005.31 3 0
github.com/hveda/Setagaya/setagaya/scheduler/k8s.go:1008.45,1010.2 1 0
github.com/hveda/Setagaya/setagaya/scheduler/meta.go:8.88,10.2 1 1
github.com/hveda/Setagaya/setagaya/scheduler/meta.go:12.81,14.2 1 1
github.com/hveda/Setagaya/setagaya/scheduler/meta.go:16.65,18.2 1 1
github.com/hveda/Setagaya/setagaya/scheduler/meta.go:20.82,22.2 1 1
github.com/hveda/Setagaya/setagaya/scheduler/meta.go:24.47,26.2 1 1
github.com/hveda/Setagaya/setagaya/scheduler/meta.go:28.69,33.2 1 1
github.com/hveda/Setagaya/setagaya/scheduler/meta.go:35.68,40.2 4 1
github.com/hveda/Setagaya/setagaya/scheduler/meta.go:42.72,45.2 2 1
github.com/hveda/Setagaya/setagaya/scheduler/meta.go:47.98,53.2 5 1
github.com/hveda/Setagaya/setagaya/scheduler/meta.go:55.77,60.2 4 1
github.com/hveda/Setagaya/setagaya/scheduler/meta.go:62.53,64.2 1 1
github.com/hveda/Setagaya/setagaya/scheduler/types.go:34.68,35.18 1 0
github.com/hveda/Setagaya/setagaya/scheduler/types.go:36.13,37.34 1 0
github.com/hveda/Setagaya/setagaya/scheduler/types.go:38.18,39.26 1 0
github.com/hveda/Setagaya/setagaya/scheduler/types.go:41.2,42.12 2 0
