mode: atomic
github.com/hveda/Setagaya/setagaya/object_storage/factory.go:23.73,24.25 1 8
github.com/hveda/Setagaya/setagaya/object_storage/factory.go:25.28,26.32 1 1
github.com/hveda/Setagaya/setagaya/object_storage/factory.go:27.26,28.30 1 0
github.com/hveda/Setagaya/setagaya/object_storage/factory.go:29.28,30.32 1 3
github.com/hveda/Setagaya/setagaya/object_storage/factory.go:31.10,32.118 1 4
github.com/hveda/Setagaya/setagaya/object_storage/factory.go:36.37,38.27 2 1
github.com/hveda/Setagaya/setagaya/object_storage/factory.go:38.27,41.3 1 0
github.com/hveda/Setagaya/setagaya/object_storage/factory.go:42.2,43.16 2 1
github.com/hveda/Setagaya/setagaya/object_storage/factory.go:43.16,45.3 1 0
github.com/hveda/Setagaya/setagaya/object_storage/factory.go:46.2,48.3 1 1
github.com/hveda/Setagaya/setagaya/object_storage/factory.go:51.27,53.2 1 10
github.com/hveda/Setagaya/setagaya/object_storage/factory.go:57.13,59.2 1 1
github.com/hveda/Setagaya/setagaya/object_storage/storage.go:18.38,20.2 1 8
github.com/hveda/Setagaya/setagaya/object_storage/storage.go:22.32,24.2 1 7
github.com/hveda/Setagaya/setagaya/object_storage/storage_gcp.go:27.34,29.42 2 0
github.com/hveda/Setagaya/setagaya/object_storage/storage_gcp.go:29.42,34.3 2 0
github.com/hveda/Setagaya/setagaya/object_storage/storage_gcp.go:35.2,39.3 1 0
github.com/hveda/Setagaya/setagaya/object_storage/storage_gcp.go:42.60,48.16 2 0
github.com/hveda/Setagaya/setagaya/object_storage/storage_gcp.go:48.16,50.3 1 0
github.com/hveda/Setagaya/setagaya/object_storage/storage_gcp.go:51.2,52.16 2 0
github.com/hveda/Setagaya/setagaya/object_storage/storage_gcp.go:52.16,54.3 1 0
github.com/hveda/Setagaya/setagaya/object_storage/storage_gcp.go:55.2,55.42 1 0
github.com/hveda/Setagaya/setagaya/object_storage/storage_gcp.go:55.42,59.17 3 0
github.com/hveda/Setagaya/setagaya/object_storage/storage_gcp.go:59.17,61.4 1 0
github.com/hveda/Setagaya/setagaya/object_storage/storage_gcp.go:62.3,62.60 1 0
github.com/hveda/Setagaya/setagaya/object_storage/storage_gcp.go:62.60,64.4 1 0
github.com/hveda/Setagaya/setagaya/object_storage/storage_gcp.go:66.2,67.16 2 0
github.com/hveda/Setagaya/setagaya/object_storage/storage_gcp.go:67.16,69.3 1 0
github.com/hveda/Setagaya/setagaya/object_storage/storage_gcp.go:70.2,70.15 1 0
github.com/hveda/Setagaya/setagaya/object_storage/storage_gcp.go:73.76,79.48 4 0
github.com/hveda/Setagaya/setagaya/object_storage/storage_gcp.go:79.48,82.3 2 0
github.com/hveda/Setagaya/setagaya/object_storage/storage_gcp.go:83.2,83.35 1 0
github.com/hveda/Setagaya/setagaya/object_storage/storage_gcp.go:83.35,85.3 1 0
github.com/hveda/Setagaya/setagaya/object_storage/storage_gcp.go:86.2,86.12 1 0
github.com/hveda/Setagaya/setagaya/object_storage/storage_gcp.go:89.53,93.81 3 0
github.com/hveda/Setagaya/setagaya/object_storage/storage_gcp.go:93.81,95.3 1 0
github.com/hveda/Setagaya/setagaya/object_storage/storage_gcp.go:96.2,96.12 1 0
github.com/hveda/Setagaya/setagaya/object_storage/storage_gcp.go:99.54,101.2 1 0
github.com/hveda/Setagaya/setagaya/object_storage/storage_gcp.go:103.65,108.16 4 0
github.com/hveda/Setagaya/setagaya/object_storage/storage_gcp.go:108.16,110.3 1 0
github.com/hveda/Setagaya/setagaya/object_storage/storage_gcp.go:111.2,111.15 1 0
github.com/hveda/Setagaya/setagaya/object_storage/storage_gcp.go:111.15,112.38 1 0
github.com/hveda/Setagaya/setagaya/object_storage/storage_gcp.go:112.38,114.4 1 0
github.com/hveda/Setagaya/setagaya/object_storage/storage_gcp.go:116.2,117.16 2 0
github.com/hveda/Setagaya/setagaya/object_storage/storage_gcp.go:117.16,119.3 1 0
github.com/hveda/Setagaya/setagaya/object_storage/storage_gcp.go:120.2,120.18 1 0
github.com/hveda/Setagaya/setagaya/object_storage/storage_gcp.go:123.62,124.59 1 0
github.com/hveda/Setagaya/setagaya/object_storage/storage_gcp.go:124.59,126.3 1 0
github.com/hveda/Setagaya/setagaya/object_storage/storage_gcp.go:127.2,127.12 1 0
github.com/hveda/Setagaya/setagaya/object_storage/storage_local.go:19.37,24.2 4 3
github.com/hveda/Setagaya/setagaya/object_storage/storage_local.go:26.54,28.2 1 0
github.com/hveda/Setagaya/setagaya/object_storage/storage_local.go:30.76,31.15 1 0
github.com/hveda/Setagaya/setagaya/object_storage/storage_local.go:31.15,32.43 1 0
github.com/hveda/Setagaya/setagaya/object_storage/storage_local.go:32.43,34.4 1 0
github.com/hveda/Setagaya/setagaya/object_storage/storage_local.go:37.2,41.62 5 0
github.com/hveda/Setagaya/setagaya/object_storage/storage_local.go:41.62,43.3 1 0
github.com/hveda/Setagaya/setagaya/object_storage/storage_local.go:44.2,44.47 1 0
github.com/hveda/Setagaya/setagaya/object_storage/storage_local.go:44.47,46.3 1 0
github.com/hveda/Setagaya/setagaya/object_storage/storage_local.go:47.2,47.34 1 0
github.com/hveda/Setagaya/setagaya/object_storage/storage_local.go:47.34,49.3 1 0
github.com/hveda/Setagaya/setagaya/object_storage/storage_local.go:51.2,53.16 3 0
github.com/hveda/Setagaya/setagaya/object_storage/storage_local.go:53.16,55.3 1 0
github.com/hveda/Setagaya/setagaya/object_storage/storage_local.go:56.2,59.16 4 0
github.com/hveda/Setagaya/setagaya/object_storage/storage_local.go:59.16,61.3 1 0
github.com/hveda/Setagaya/setagaya/object_storage/storage_local.go:62.2,62.28 1 0
github.com/hveda/Setagaya/setagaya/object_storage/storage_local.go:62.28,64.3 1 0
github.com/hveda/Setagaya/setagaya/object_storage/storage_local.go:65.2,65.12 1 0
github.com/hveda/Setagaya/setagaya/object_storage/storage_local.go:68.53,71.16 3 0
github.com/hveda/Setagaya/setagaya/object_storage/storage_local.go:71.16,73.3 1 0
github.com/hveda/Setagaya/setagaya/object_storage/storage_local.go:74.2,76.16 3 0
github.com/hveda/Setagaya/setagaya/object_storage/storage_local.go:76.16,78.3 1 0
github.com/hveda/Setagaya/setagaya/object_storage/storage_local.go:79.2,79.15 1 0
github.com/hveda/Setagaya/setagaya/object_storage/storage_local.go:79.15,80.45 1 0
github.com/hveda/Setagaya/setagaya/object_storage/storage_local.go:80.45,82.4 1 0
github.com/hveda/Setagaya/setagaya/object_storage/storage_local.go:84.2,84.28 1 0
github.com/hveda/Setagaya/setagaya/object_storage/storage_local.go:84.28,86.3 1 0
github.com/hveda/Setagaya/setagaya/object_storage/storage_local.go:87.2,87.12 1 0
github.com/hveda/Setagaya/setagaya/object_storage/storage_local.go:90.65,93.16 3 0
github.com/hveda/Setagaya/setagaya/object_storage/storage_local.go:93.16,95.3 1 0
github.com/hveda/Setagaya/setagaya/object_storage/storage_local.go:96.2,98.16 3 0
github.com/hveda/Setagaya/setagaya/object_storage/storage_local.go:98.16,100.3 1 0
github.com/hveda/Setagaya/setagaya/object_storage/storage_local.go:101.2,101.15 1 0
github.com/hveda/Setagaya/setagaya/object_storage/storage_local.go:101.15,102.45 1 0
github.com/hveda/Setagaya/setagaya/object_storage/storage_local.go:102.45,104.4 1 0
github.com/hveda/Setagaya/setagaya/object_storage/storage_local.go:106.2,106.28 1 0
github.com/hveda/Setagaya/setagaya/object_storage/storage_local.go:106.28,108.3 1 0
github.com/hveda/Setagaya/setagaya/object_storage/storage_local.go:109.2,109.28 1 0
github.com/hveda/Setagaya/setagaya/object_storage/storage_local.go:109.28,111.3 1 0
github.com/hveda/Setagaya/setagaya/object_storage/storage_local.go:112.2,113.16 2 0
github.com/hveda/Setagaya/setagaya/object_storage/storage_local.go:113.16,115.3 1 0
github.com/hveda/Setagaya/setagaya/object_storage/storage_local.go:116.2,116.19 1 0
github.com/hveda/Setagaya/setagaya/object_storage/storage_nexus.go:19.37,26.2 6 1
github.com/hveda/Setagaya/setagaya/object_storage/storage_nexus.go:28.54,30.2 1 0
github.com/hveda/Setagaya/setagaya/object_storage/storage_nexus.go:32.76,33.15 1 0
github.com/hveda/Setagaya/setagaya/object_storage/storage_nexus.go:33.15,34.43 1 0
github.com/hveda/Setagaya/setagaya/object_storage/storage_nexus.go:34.43,36.4 1 0
github.com/hveda/Setagaya/setagaya/object_storage/storage_nexus.go:39.2,41.16 3 0
github.com/hveda/Setagaya/setagaya/object_storage/storage_nexus.go:41.16,43.3 1 0
github.com/hveda/Setagaya/setagaya/object_storage/storage_nexus.go:44.2,48.16 5 0
github.com/hveda/Setagaya/setagaya/object_storage/storage_nexus.go:48.16,50.3 1 0
github.com/hveda/Setagaya/setagaya/object_storage/storage_nexus.go:51.2,51.15 1 0
github.com/hveda/Setagaya/setagaya/object_storage/storage_nexus.go:51.15,52.45 1 0
github.com/hveda/Setagaya/setagaya/object_storage/storage_nexus.go:52.45,54.4 1 0
github.com/hveda/Setagaya/setagaya/object_storage/storage_nexus.go:56.2,56.28 1 0
github.com/hveda/Setagaya/setagaya/object_storage/storage_nexus.go:56.28,58.3 1 0
github.com/hveda/Setagaya/setagaya/object_storage/storage_nexus.go:59.2,59.12 1 0
github.com/hveda/Setagaya/setagaya/object_storage/storage_nexus.go:62.53,65.16 3 0
github.com/hveda/Setagaya/setagaya/object_storage/storage_nexus.go:65.16,67.3 1 0
github.com/hveda/Setagaya/setagaya/object_storage/storage_nexus.go:68.2,71.16 4 0
github.com/hveda/Setagaya/setagaya/object_storage/storage_nexus.go:71.16,73.3 1 0
github.com/hveda/Setagaya/setagaya/object_storage/storage_nexus.go:74.2,74.15 1 0
github.com/hveda/Setagaya/setagaya/object_storage/storage_nexus.go:74.15,75.45 1 0
github.com/hveda/Setagaya/setagaya/object_storage/storage_nexus.go:75.45,77.4 1 0
github.com/hveda/Setagaya/setagaya/object_storage/storage_nexus.go:79.2,79.28 1 0
github.com/hveda/Setagaya/setagaya/object_storage/storage_nexus.go:79.28,81.3 1 0
github.com/hveda/Setagaya/setagaya/object_storage/storage_nexus.go:82.2,82.12 1 0
github.com/hveda/Setagaya/setagaya/object_storage/storage_nexus.go:85.65,88.16 3 0
github.com/hveda/Setagaya/setagaya/object_storage/storage_nexus.go:88.16,90.3 1 0
github.com/hveda/Setagaya/setagaya/object_storage/storage_nexus.go:91.2,94.16 4 0
github.com/hveda/Setagaya/setagaya/object_storage/storage_nexus.go:94.16,96.3 1 0
github.com/hveda/Setagaya/setagaya/object_storage/storage_nexus.go:97.2,97.15 1 0
github.com/hveda/Setagaya/setagaya/object_storage/storage_nexus.go:97.15,98.45 1 0
github.com/hveda/Setagaya/setagaya/object_storage/storage_nexus.go:98.45,100.4 1 0
github.com/hveda/Setagaya/setagaya/object_storage/storage_nexus.go:102.2,102.28 1 0
github.com/hveda/Setagaya/setagaya/object_storage/storage_nexus.go:102.28,104.3 1 0
github.com/hveda/Setagaya/setagaya/object_storage/storage_nexus.go:105.2,105.28 1 0
github.com/hveda/Setagaya/setagaya/object_storage/storage_nexus.go:105.28,107.3 1 0
github.com/hveda/Setagaya/setagaya/object_storage/storage_nexus.go:108.2,109.16 2 0
github.com/hveda/Setagaya/setagaya/object_storage/storage_nexus.go:109.16,111.3 1 0
github.com/hveda/Setagaya/setagaya/object_storage/storage_nexus.go:112.2,112.19 1 0
github.com/hveda/Setagaya/setagaya/main.go:20.13,27.31 7 0
github.com/hveda/Setagaya/setagaya/main.go:27.31,29.3 1 0
github.com/hveda/Setagaya/setagaya/main.go:30.2,33.98 3 0
github.com/hveda/Setagaya/setagaya/main.go:33.98,38.3 3 0
github.com/hveda/Setagaya/setagaya/main.go:39.2,39.83 1 0
github.com/hveda/Setagaya/setagaya/controller/cmd/main.go:11.13,15.2 3 0
github.com/hveda/Setagaya/setagaya/engines/containerstats/cgroup.go:45.51,47.2 1 0
github.com/hveda/Setagaya/setagaya/engines/containerstats/cgroup.go:49.35,50.25 1 0
github.com/hveda/Setagaya/setagaya/engines/containerstats/cgroup.go:50.25,52.3 1 0
github.com/hveda/Setagaya/setagaya/engines/containerstats/cgroup.go:53.2,53.49 1 0
github.com/hveda/Setagaya/setagaya/engines/containerstats/cgroup.go:53.49,56.3 2 0
github.com/hveda/Setagaya/setagaya/engines/containerstats/cgroup.go:57.2,58.22 2 0
github.com/hveda/Setagaya/setagaya/engines/containerstats/cgroup.go:61.51,63.16 2 0
github.com/hveda/Setagaya/setagaya/engines/containerstats/cgroup.go:63.16,65.3 1 0
github.com/hveda/Setagaya/setagaya/engines/containerstats/cgroup.go:66.2,69.21 4 0
github.com/hveda/Setagaya/setagaya/engines/containerstats/cgroup.go:69.21,72.21 3 0
github.com/hveda/Setagaya/setagaya/engines/containerstats/cgroup.go:72.21,73.9 1 0
github.com/hveda/Setagaya/setagaya/engines/containerstats/cgroup.go:76.2,76.15 1 0
github.com/hveda/Setagaya/setagaya/engines/containerstats/cgroup.go:79.53,81.16 2 0
github.com/hveda/Setagaya/setagaya/engines/containerstats/cgroup.go:81.16,83.3 1 0
github.com/hveda/Setagaya/setagaya/engines/containerstats/cgroup.go:84.2,84.17 1 0
github.com/hveda/Setagaya/setagaya/engines/containerstats/cgroup.go:84.17,86.3 1 0
github.com/hveda/Setagaya/setagaya/engines/containerstats/cgroup.go:87.2,87.40 1 0
github.com/hveda/Setagaya/setagaya/engines/containerstats/cgroup.go:90.53,92.16 2 0
github.com/hveda/Setagaya/setagaya/engines/containerstats/cgroup.go:92.16,94.3 1 0
github.com/hveda/Setagaya/setagaya/engines/containerstats/cgroup.go:95.2,95.17 1 0
github.com/hveda/Setagaya/setagaya/engines/containerstats/cgroup.go:95.17,97.3 1 0
github.com/hveda/Setagaya/setagaya/engines/containerstats/cgroup.go:98.2,99.68 2 0
github.com/hveda/Setagaya/setagaya/engines/containerstats/cgroup.go:102.54,104.16 2 0
github.com/hveda/Setagaya/setagaya/engines/containerstats/cgroup.go:104.16,106.3 1 0
github.com/hveda/Setagaya/setagaya/engines/containerstats/cgroup.go:107.2,107.17 1 0
github.com/hveda/Setagaya/setagaya/engines/containerstats/cgroup.go:107.17,109.3 1 0
github.com/hveda/Setagaya/setagaya/engines/containerstats/cgroup.go:110.2,110.40 1 0
github.com/hveda/Setagaya/setagaya/engines/containerstats/cgroup.go:113.58,117.2 3 0
github.com/hveda/Setagaya/setagaya/engines/containerstats/cgroup.go:120.37,122.2 1 0
github.com/hveda/Setagaya/setagaya/engines/containerstats/cgroup.go:125.40,127.2 1 0
github.com/hveda/Setagaya/setagaya/engines/jmeter/setagaya-agent.go:37.43,45.43 2 0
github.com/hveda/Setagaya/setagaya/engines/jmeter/setagaya-agent.go:45.43,46.26 1 0
github.com/hveda/Setagaya/setagaya/engines/jmeter/setagaya-agent.go:46.26,48.4 1 0
github.com/hveda/Setagaya/setagaya/engines/jmeter/setagaya-agent.go:52.2,53.16 2 0
github.com/hveda/Setagaya/setagaya/engines/jmeter/setagaya-agent.go:53.16,56.3 2 0
github.com/hveda/Setagaya/setagaya/engines/jmeter/setagaya-agent.go:57.2,57.16 1 0
github.com/hveda/Setagaya/setagaya/engines/jmeter/setagaya-agent.go:61.13,65.27 2 0
github.com/hveda/Setagaya/setagaya/engines/jmeter/setagaya-agent.go:65.27,69.3 2 0
github.com/hveda/Setagaya/setagaya/engines/jmeter/setagaya-agent.go:69.8,71.3 1 0
github.com/hveda/Setagaya/setagaya/engines/jmeter/setagaya-agent.go:74.2,74.42 1 0
github.com/hveda/Setagaya/setagaya/engines/jmeter/setagaya-agent.go:74.42,79.3 3 0
github.com/hveda/Setagaya/setagaya/engines/jmeter/setagaya-agent.go:82.2,87.73 4 0
github.com/hveda/Setagaya/setagaya/engines/jmeter/setagaya-agent.go:127.48,129.2 1 0
github.com/hveda/Setagaya/setagaya/engines/jmeter/setagaya-agent.go:131.40,145.16 4 0
github.com/hveda/Setagaya/setagaya/engines/jmeter/setagaya-agent.go:145.16,148.3 2 0
github.com/hveda/Setagaya/setagaya/engines/jmeter/setagaya-agent.go:149.2,156.8 7 0
github.com/hveda/Setagaya/setagaya/engines/jmeter/setagaya-agent.go:159.41,161.6 2 0
github.com/hveda/Setagaya/setagaya/engines/jmeter/setagaya-agent.go:161.6,163.17 2 0
github.com/hveda/Setagaya/setagaya/engines/jmeter/setagaya-agent.go:163.17,164.12 1 0
github.com/hveda/Setagaya/setagaya/engines/jmeter/setagaya-agent.go:166.3,167.41 2 0
github.com/hveda/Setagaya/setagaya/engines/jmeter/setagaya-agent.go:171.75,178.20 2 0
github.com/hveda/Setagaya/setagaya/engines/jmeter/setagaya-agent.go:178.20,181.3 2 0
github.com/hveda/Setagaya/setagaya/engines/jmeter/setagaya-agent.go:182.2,185.16 4 0
github.com/hveda/Setagaya/setagaya/engines/jmeter/setagaya-agent.go:185.16,188.3 2 0
github.com/hveda/Setagaya/setagaya/engines/jmeter/setagaya-agent.go:189.2,190.16 2 0
github.com/hveda/Setagaya/setagaya/engines/jmeter/setagaya-agent.go:190.16,192.3 1 0
github.com/hveda/Setagaya/setagaya/engines/jmeter/setagaya-agent.go:193.2,199.8 1 0
github.com/hveda/Setagaya/setagaya/engines/jmeter/setagaya-agent.go:202.57,206.16 2 0
github.com/hveda/Setagaya/setagaya/engines/jmeter/setagaya-agent.go:206.16,208.3 1 0
github.com/hveda/Setagaya/setagaya/engines/jmeter/setagaya-agent.go:209.2,223.89 13 0
github.com/hveda/Setagaya/setagaya/engines/jmeter/setagaya-agent.go:227.37,228.6 1 0
github.com/hveda/Setagaya/setagaya/engines/jmeter/setagaya-agent.go:228.6,229.10 1 0
github.com/hveda/Setagaya/setagaya/engines/jmeter/setagaya-agent.go:230.29,234.101 2 0
github.com/hveda/Setagaya/setagaya/engines/jmeter/setagaya-agent.go:235.33,240.103 3 0
github.com/hveda/Setagaya/setagaya/engines/jmeter/setagaya-agent.go:241.26,245.46 2 0
github.com/hveda/Setagaya/setagaya/engines/jmeter/setagaya-agent.go:245.46,247.5 1 0
github.com/hveda/Setagaya/setagaya/engines/jmeter/setagaya-agent.go:252.49,255.2 2 0
github.com/hveda/Setagaya/setagaya/engines/jmeter/setagaya-agent.go:257.42,261.6 4 0
github.com/hveda/Setagaya/setagaya/engines/jmeter/setagaya-agent.go:261.6,263.17 2 0
github.com/hveda/Setagaya/setagaya/engines/jmeter/setagaya-agent.go:263.17,265.12 2 0
github.com/hveda/Setagaya/setagaya/engines/jmeter/setagaya-agent.go:267.3,267.8 1 0
github.com/hveda/Setagaya/setagaya/engines/jmeter/setagaya-agent.go:270.2,272.6 3 0
github.com/hveda/Setagaya/setagaya/engines/jmeter/setagaya-agent.go:272.6,273.10 1 0
github.com/hveda/Setagaya/setagaya/engines/jmeter/setagaya-agent.go:274.25,275.35 1 0
github.com/hveda/Setagaya/setagaya/engines/jmeter/setagaya-agent.go:275.35,277.5 1 0
github.com/hveda/Setagaya/setagaya/engines/jmeter/setagaya-agent.go:278.4,278.10 1 0
github.com/hveda/Setagaya/setagaya/engines/jmeter/setagaya-agent.go:279.26,280.23 1 0
github.com/hveda/Setagaya/setagaya/engines/jmeter/setagaya-agent.go:285.82,288.9 3 0
github.com/hveda/Setagaya/setagaya/engines/jmeter/setagaya-agent.go:288.9,292.3 2 0
github.com/hveda/Setagaya/setagaya/engines/jmeter/setagaya-agent.go:293.2,303.12 7 0
github.com/hveda/Setagaya/setagaya/engines/jmeter/setagaya-agent.go:303.12,306.3 2 0
github.com/hveda/Setagaya/setagaya/engines/jmeter/setagaya-agent.go:308.2,308.35 1 0
github.com/hveda/Setagaya/setagaya/engines/jmeter/setagaya-agent.go:308.35,309.20 1 0
github.com/hveda/Setagaya/setagaya/engines/jmeter/setagaya-agent.go:309.20,310.12 1 0
github.com/hveda/Setagaya/setagaya/engines/jmeter/setagaya-agent.go:312.3,313.18 2 0
github.com/hveda/Setagaya/setagaya/engines/jmeter/setagaya-agent.go:317.80,318.33 1 0
github.com/hveda/Setagaya/setagaya/engines/jmeter/setagaya-agent.go:318.33,320.3 1 0
github.com/hveda/Setagaya/setagaya/engines/jmeter/setagaya-agent.go:321.2,322.16 2 0
github.com/hveda/Setagaya/setagaya/engines/jmeter/setagaya-agent.go:322.16,325.3 2 0
github.com/hveda/Setagaya/setagaya/engines/jmeter/setagaya-agent.go:326.2,327.14 2 0
github.com/hveda/Setagaya/setagaya/engines/jmeter/setagaya-agent.go:327.14,329.3 1 0
github.com/hveda/Setagaya/setagaya/engines/jmeter/setagaya-agent.go:330.2,333.60 2 0
github.com/hveda/Setagaya/setagaya/engines/jmeter/setagaya-agent.go:333.60,336.3 2 0
github.com/hveda/Setagaya/setagaya/engines/jmeter/setagaya-agent.go:339.2,340.34 2 0
github.com/hveda/Setagaya/setagaya/engines/jmeter/setagaya-agent.go:340.34,342.3 1 0
github.com/hveda/Setagaya/setagaya/engines/jmeter/setagaya-agent.go:343.2,343.23 1 0
github.com/hveda/Setagaya/setagaya/engines/jmeter/setagaya-agent.go:343.23,345.3 1 0
github.com/hveda/Setagaya/setagaya/engines/jmeter/setagaya-agent.go:346.2,346.21 1 0
github.com/hveda/Setagaya/setagaya/engines/jmeter/setagaya-agent.go:349.44,354.2 3 0
github.com/hveda/Setagaya/setagaya/engines/jmeter/setagaya-agent.go:356.41,361.2 3 0
github.com/hveda/Setagaya/setagaya/engines/jmeter/setagaya-agent.go:363.45,367.62 2 0
github.com/hveda/Setagaya/setagaya/engines/jmeter/setagaya-agent.go:367.62,370.3 2 0
github.com/hveda/Setagaya/setagaya/engines/jmeter/setagaya-agent.go:373.2,373.57 1 0
github.com/hveda/Setagaya/setagaya/engines/jmeter/setagaya-agent.go:373.57,376.3 2 0
github.com/hveda/Setagaya/setagaya/engines/jmeter/setagaya-agent.go:378.2,385.16 5 0
github.com/hveda/Setagaya/setagaya/engines/jmeter/setagaya-agent.go:385.16,388.3 2 0
github.com/hveda/Setagaya/setagaya/engines/jmeter/setagaya-agent.go:389.2,391.12 3 0
github.com/hveda/Setagaya/setagaya/engines/jmeter/setagaya-agent.go:391.12,392.36 1 0
github.com/hveda/Setagaya/setagaya/engines/jmeter/setagaya-agent.go:392.36,394.4 1 0
github.com/hveda/Setagaya/setagaya/engines/jmeter/setagaya-agent.go:395.3,396.15 2 0
github.com/hveda/Setagaya/setagaya/engines/jmeter/setagaya-agent.go:398.2,398.12 1 0
github.com/hveda/Setagaya/setagaya/engines/jmeter/setagaya-agent.go:401.28,402.55 1 0
github.com/hveda/Setagaya/setagaya/engines/jmeter/setagaya-agent.go:402.55,404.3 1 0
github.com/hveda/Setagaya/setagaya/engines/jmeter/setagaya-agent.go:405.2,405.67 1 0
github.com/hveda/Setagaya/setagaya/engines/jmeter/setagaya-agent.go:405.67,407.3 1 0
github.com/hveda/Setagaya/setagaya/engines/jmeter/setagaya-agent.go:408.2,408.12 1 0
github.com/hveda/Setagaya/setagaya/engines/jmeter/setagaya-agent.go:411.53,414.92 2 0
github.com/hveda/Setagaya/setagaya/engines/jmeter/setagaya-agent.go:414.92,416.3 1 0
github.com/hveda/Setagaya/setagaya/engines/jmeter/setagaya-agent.go:418.2,426.59 5 0
github.com/hveda/Setagaya/setagaya/engines/jmeter/setagaya-agent.go:426.59,428.3 1 0
github.com/hveda/Setagaya/setagaya/engines/jmeter/setagaya-agent.go:429.2,429.12 1 0
github.com/hveda/Setagaya/setagaya/engines/jmeter/setagaya-agent.go:432.73,434.16 2 0
github.com/hveda/Setagaya/setagaya/engines/jmeter/setagaya-agent.go:434.16,436.3 1 0
github.com/hveda/Setagaya/setagaya/engines/jmeter/setagaya-agent.go:437.2,438.15 2 0
github.com/hveda/Setagaya/setagaya/engines/jmeter/setagaya-agent.go:438.15,440.3 1 0
github.com/hveda/Setagaya/setagaya/engines/jmeter/setagaya-agent.go:441.2,442.15 2 0
github.com/hveda/Setagaya/setagaya/engines/jmeter/setagaya-agent.go:442.15,444.3 1 0
github.com/hveda/Setagaya/setagaya/engines/jmeter/setagaya-agent.go:445.2,448.17 4 0
github.com/hveda/Setagaya/setagaya/engines/jmeter/setagaya-agent.go:451.58,453.48 2 0
github.com/hveda/Setagaya/setagaya/engines/jmeter/setagaya-agent.go:453.48,455.3 1 0
github.com/hveda/Setagaya/setagaya/engines/jmeter/setagaya-agent.go:456.2,456.17 1 0
github.com/hveda/Setagaya/setagaya/engines/jmeter/setagaya-agent.go:459.81,461.16 2 0
github.com/hveda/Setagaya/setagaya/engines/jmeter/setagaya-agent.go:461.16,463.3 1 0
github.com/hveda/Setagaya/setagaya/engines/jmeter/setagaya-agent.go:464.2,465.16 2 0
github.com/hveda/Setagaya/setagaya/engines/jmeter/setagaya-agent.go:465.16,467.3 1 0
github.com/hveda/Setagaya/setagaya/engines/jmeter/setagaya-agent.go:469.2,470.16 2 0
github.com/hveda/Setagaya/setagaya/engines/jmeter/setagaya-agent.go:470.16,472.3 1 0
github.com/hveda/Setagaya/setagaya/engines/jmeter/setagaya-agent.go:473.2,473.34 1 0
github.com/hveda/Setagaya/setagaya/engines/jmeter/setagaya-agent.go:473.34,475.34 2 0
github.com/hveda/Setagaya/setagaya/engines/jmeter/setagaya-agent.go:475.34,477.20 2 0
github.com/hveda/Setagaya/setagaya/engines/jmeter/setagaya-agent.go:478.32,479.50 1 0
github.com/hveda/Setagaya/setagaya/engines/jmeter/setagaya-agent.go:480.33,481.26 1 0
github.com/hveda/Setagaya/setagaya/engines/jmeter/setagaya-agent.go:482.35,483.27 1 0
github.com/hveda/Setagaya/setagaya/engines/jmeter/setagaya-agent.go:484.33,485.28 1 0
github.com/hveda/Setagaya/setagaya/engines/jmeter/setagaya-agent.go:489.2,489.31 1 0
github.com/hveda/Setagaya/setagaya/engines/jmeter/setagaya-agent.go:492.105,494.16 2 0
github.com/hveda/Setagaya/setagaya/engines/jmeter/setagaya-agent.go:494.16,497.3 2 0
github.com/hveda/Setagaya/setagaya/engines/jmeter/setagaya-agent.go:498.2,499.16 2 0
github.com/hveda/Setagaya/setagaya/engines/jmeter/setagaya-agent.go:499.16,501.3 1 0
github.com/hveda/Setagaya/setagaya/engines/jmeter/setagaya-agent.go:502.2,502.43 1 0
github.com/hveda/Setagaya/setagaya/engines/jmeter/setagaya-agent.go:505.69,507.16 2 0
github.com/hveda/Setagaya/setagaya/engines/jmeter/setagaya-agent.go:507.16,509.3 1 0
github.com/hveda/Setagaya/setagaya/engines/jmeter/setagaya-agent.go:510.2,511.16 2 0
github.com/hveda/Setagaya/setagaya/engines/jmeter/setagaya-agent.go:511.16,513.3 1 0
github.com/hveda/Setagaya/setagaya/engines/jmeter/setagaya-agent.go:514.2,514.45 1 0
github.com/hveda/Setagaya/setagaya/engines/jmeter/setagaya-agent.go:517.78,519.16 2 0
github.com/hveda/Setagaya/setagaya/engines/jmeter/setagaya-agent.go:519.16,521.3 1 0
github.com/hveda/Setagaya/setagaya/engines/jmeter/setagaya-agent.go:522.2,522.38 1 0
github.com/hveda/Setagaya/setagaya/engines/jmeter/setagaya-agent.go:525.85,526.36 1 0
github.com/hveda/Setagaya/setagaya/engines/jmeter/setagaya-agent.go:526.36,528.19 2 0
github.com/hveda/Setagaya/setagaya/engines/jmeter/setagaya-agent.go:529.15,530.87 1 0
github.com/hveda/Setagaya/setagaya/engines/jmeter/setagaya-agent.go:530.87,532.5 1 0
github.com/hveda/Setagaya/setagaya/engines/jmeter/setagaya-agent.go:533.15,534.44 1 0
github.com/hveda/Setagaya/setagaya/engines/jmeter/setagaya-agent.go:534.44,536.5 1 0
github.com/hveda/Setagaya/setagaya/engines/jmeter/setagaya-agent.go:537.11,538.53 1 0
github.com/hveda/Setagaya/setagaya/engines/jmeter/setagaya-agent.go:538.53,540.5 1 0
github.com/hveda/Setagaya/setagaya/engines/jmeter/setagaya-agent.go:543.2,543.12 1 0
github.com/hveda/Setagaya/setagaya/engines/jmeter/setagaya-agent.go:546.81,550.24 3 0
github.com/hveda/Setagaya/setagaya/engines/jmeter/setagaya-agent.go:550.24,551.23 1 0
github.com/hveda/Setagaya/setagaya/engines/jmeter/setagaya-agent.go:551.23,554.4 2 0
github.com/hveda/Setagaya/setagaya/engines/jmeter/setagaya-agent.go:555.3,556.17 2 0
github.com/hveda/Setagaya/setagaya/engines/jmeter/setagaya-agent.go:556.17,560.4 3 0
github.com/hveda/Setagaya/setagaya/engines/jmeter/setagaya-agent.go:561.3,563.52 3 0
github.com/hveda/Setagaya/setagaya/engines/jmeter/setagaya-agent.go:563.52,567.4 3 0
github.com/hveda/Setagaya/setagaya/engines/jmeter/setagaya-agent.go:568.3,568.41 1 0
github.com/hveda/Setagaya/setagaya/engines/jmeter/setagaya-agent.go:568.41,572.4 3 0
github.com/hveda/Setagaya/setagaya/engines/jmeter/setagaya-agent.go:573.3,573.49 1 0
github.com/hveda/Setagaya/setagaya/engines/jmeter/setagaya-agent.go:573.49,574.47 1 0
github.com/hveda/Setagaya/setagaya/engines/jmeter/setagaya-agent.go:574.47,577.5 2 0
github.com/hveda/Setagaya/setagaya/engines/jmeter/setagaya-agent.go:578.4,580.10 3 0
github.com/hveda/Setagaya/setagaya/engines/jmeter/setagaya-agent.go:582.3,587.63 6 0
github.com/hveda/Setagaya/setagaya/engines/jmeter/setagaya-agent.go:587.63,589.4 1 0
github.com/hveda/Setagaya/setagaya/engines/jmeter/setagaya-agent.go:590.3,590.9 1 0
github.com/hveda/Setagaya/setagaya/engines/jmeter/setagaya-agent.go:592.2,592.50 1 0
github.com/hveda/Setagaya/setagaya/engines/jmeter/setagaya-agent.go:592.50,594.3 1 0
github.com/hveda/Setagaya/setagaya/engines/jmeter/setagaya-agent.go:597.84,599.14 2 0
github.com/hveda/Setagaya/setagaya/engines/jmeter/setagaya-agent.go:599.14,602.3 2 0
github.com/hveda/Setagaya/setagaya/engines/jmeter/setagaya-agent.go:603.2,603.30 1 0
github.com/hveda/Setagaya/setagaya/engines/jmeter/setagaya-agent.go:606.82,607.46 1 0
github.com/hveda/Setagaya/setagaya/engines/jmeter/setagaya-agent.go:607.46,609.3 1 0
github.com/hveda/Setagaya/setagaya/engines/jmeter/setagaya-agent.go:614.75,617.6 3 0
github.com/hveda/Setagaya/setagaya/engines/jmeter/setagaya-agent.go:617.6,620.17 3 0
github.com/hveda/Setagaya/setagaya/engines/jmeter/setagaya-agent.go:620.17,622.4 1 0
github.com/hveda/Setagaya/setagaya/engines/jmeter/setagaya-agent.go:623.3,623.16 1 0
github.com/hveda/Setagaya/setagaya/engines/jmeter/setagaya-agent.go:623.16,625.12 2 0
github.com/hveda/Setagaya/setagaya/engines/jmeter/setagaya-agent.go:627.3,630.17 4 0
github.com/hveda/Setagaya/setagaya/engines/jmeter/setagaya-agent.go:630.17,632.4 1 0
github.com/hveda/Setagaya/setagaya/engines/jmeter/setagaya-agent.go:633.3,636.54 2 0
github.com/hveda/Setagaya/setagaya/engines/jmeter/setagaya-agent.go:640.13,642.12 2 0
github.com/hveda/Setagaya/setagaya/engines/jmeter/setagaya-agent.go:642.12,643.62 1 0
github.com/hveda/Setagaya/setagaya/engines/jmeter/setagaya-agent.go:643.62,648.4 1 0
github.com/hveda/Setagaya/setagaya/engines/jmeter/setagaya-agent.go:650.2,656.46 7 0
github.com/hveda/Setagaya/setagaya/auth/ldap.go:23.59,33.16 9 0
github.com/hveda/Setagaya/setagaya/auth/ldap.go:33.16,35.3 1 0
github.com/hveda/Setagaya/setagaya/auth/ldap.go:36.2,40.16 5 0
github.com/hveda/Setagaya/setagaya/auth/ldap.go:40.16,42.3 1 0
github.com/hveda/Setagaya/setagaya/auth/ldap.go:43.2,51.16 3 0
github.com/hveda/Setagaya/setagaya/auth/ldap.go:51.16,53.3 1 0
github.com/hveda/Setagaya/setagaya/auth/ldap.go:55.2,56.23 2 0
github.com/hveda/Setagaya/setagaya/auth/ldap.go:56.23,58.3 1 0
github.com/hveda/Setagaya/setagaya/auth/ldap.go:60.2,61.26 2 0
github.com/hveda/Setagaya/setagaya/auth/ldap.go:61.26,63.3 1 0
github.com/hveda/Setagaya/setagaya/auth/ldap.go:64.2,65.22 2 0
github.com/hveda/Setagaya/setagaya/auth/ldap.go:65.22,67.3 1 0
github.com/hveda/Setagaya/setagaya/auth/ldap.go:68.2,70.16 3 0
github.com/hveda/Setagaya/setagaya/auth/ldap.go:70.16,72.3 1 0
github.com/hveda/Setagaya/setagaya/auth/ldap.go:73.2,81.16 3 0
github.com/hveda/Setagaya/setagaya/auth/ldap.go:81.16,83.3 1 0
github.com/hveda/Setagaya/setagaya/auth/ldap.go:84.2,85.23 2 0
github.com/hveda/Setagaya/setagaya/auth/ldap.go:85.23,87.3 1 0
github.com/hveda/Setagaya/setagaya/auth/ldap.go:88.2,89.26 2 0
github.com/hveda/Setagaya/setagaya/auth/ldap.go:89.26,91.3 1 0
github.com/hveda/Setagaya/setagaya/auth/ldap.go:92.2,93.27 2 0
github.com/hveda/Setagaya/setagaya/auth/ldap.go:93.27,95.19 2 0
github.com/hveda/Setagaya/setagaya/auth/ldap.go:95.19,96.12 1 0
github.com/hveda/Setagaya/setagaya/auth/ldap.go:98.3,98.32 1 0
github.com/hveda/Setagaya/setagaya/auth/ldap.go:100.2,100.15 1 0
github.com/hveda/Setagaya/setagaya/auth/mysqlstore.go:50.13,51.29 1 0
github.com/hveda/Setagaya/setagaya/auth/mysqlstore.go:51.29,54.17 3 0
github.com/hveda/Setagaya/setagaya/auth/mysqlstore.go:54.17,56.4 1 0
github.com/hveda/Setagaya/setagaya/auth/mysqlstore.go:58.2,58.27 1 0
github.com/hveda/Setagaya/setagaya/auth/mysqlstore.go:61.121,63.16 2 0
github.com/hveda/Setagaya/setagaya/auth/mysqlstore.go:63.16,65.3 1 0
github.com/hveda/Setagaya/setagaya/auth/mysqlstore.go:67.2,67.78 1 0
github.com/hveda/Setagaya/setagaya/auth/mysqlstore.go:70.130,80.44 3 0
github.com/hveda/Setagaya/setagaya/auth/mysqlstore.go:80.44,81.33 1 0
github.com/hveda/Setagaya/setagaya/auth/mysqlstore.go:82.26,84.31 1 0
github.com/hveda/Setagaya/setagaya/auth/mysqlstore.go:84.31,85.10 1 0
github.com/hveda/Setagaya/setagaya/auth/mysqlstore.go:86.10,88.5 1 0
github.com/hveda/Setagaya/setagaya/auth/mysqlstore.go:89.11,90.19 1 0
github.com/hveda/Setagaya/setagaya/auth/mysqlstore.go:94.2,97.20 3 0
github.com/hveda/Setagaya/setagaya/auth/mysqlstore.go:97.20,99.3 1 0
github.com/hveda/Setagaya/setagaya/auth/mysqlstore.go:101.2,103.20 3 0
github.com/hveda/Setagaya/setagaya/auth/mysqlstore.go:103.20,105.3 1 0
github.com/hveda/Setagaya/setagaya/auth/mysqlstore.go:107.2,110.20 3 0
github.com/hveda/Setagaya/setagaya/auth/mysqlstore.go:110.20,112.3 1 0
github.com/hveda/Setagaya/setagaya/auth/mysqlstore.go:114.2,117.20 3 0
github.com/hveda/Setagaya/setagaya/auth/mysqlstore.go:117.20,119.3 1 0
github.com/hveda/Setagaya/setagaya/auth/mysqlstore.go:121.2,133.8 1 0
github.com/hveda/Setagaya/setagaya/auth/mysqlstore.go:136.30,137.45 1 0
github.com/hveda/Setagaya/setagaya/auth/mysqlstore.go:137.45,139.3 1 0
github.com/hveda/Setagaya/setagaya/auth/mysqlstore.go:140.2,140.45 1 0
github.com/hveda/Setagaya/setagaya/auth/mysqlstore.go:140.45,142.3 1 0
github.com/hveda/Setagaya/setagaya/auth/mysqlstore.go:143.2,143.45 1 0
github.com/hveda/Setagaya/setagaya/auth/mysqlstore.go:143.45,145.3 1 0
github.com/hveda/Setagaya/setagaya/auth/mysqlstore.go:146.2,146.45 1 0
github.com/hveda/Setagaya/setagaya/auth/mysqlstore.go:146.45,148.3 1 0
github.com/hveda/Setagaya/setagaya/auth/mysqlstore.go:149.2,149.37 1 0
github.com/hveda/Setagaya/setagaya/auth/mysqlstore.go:149.37,151.3 1 0
github.com/hveda/Setagaya/setagaya/auth/mysqlstore.go:154.83,156.2 1 0
github.com/hveda/Setagaya/setagaya/auth/mysqlstore.go:158.83,169.57 5 0
github.com/hveda/Setagaya/setagaya/auth/mysqlstore.go:169.57,171.17 2 0
github.com/hveda/Setagaya/setagaya/auth/mysqlstore.go:171.17,173.18 2 0
github.com/hveda/Setagaya/setagaya/auth/mysqlstore.go:173.18,175.5 1 0
github.com/hveda/Setagaya/setagaya/auth/mysqlstore.go:175.10,177.5 1 0
github.com/hveda/Setagaya/setagaya/auth/mysqlstore.go:180.2,180.21 1 0
github.com/hveda/Setagaya/setagaya/auth/mysqlstore.go:183.100,185.22 2 0
github.com/hveda/Setagaya/setagaya/auth/mysqlstore.go:185.22,186.42 1 0
github.com/hveda/Setagaya/setagaya/auth/mysqlstore.go:186.42,188.4 1 0
github.com/hveda/Setagaya/setagaya/auth/mysqlstore.go:189.8,189.46 1 0
github.com/hveda/Setagaya/setagaya/auth/mysqlstore.go:189.46,191.3 1 0
github.com/hveda/Setagaya/setagaya/auth/mysqlstore.go:192.2,193.16 2 0
github.com/hveda/Setagaya/setagaya/auth/mysqlstore.go:193.16,195.3 1 0
github.com/hveda/Setagaya/setagaya/auth/mysqlstore.go:196.2,197.12 2 0
github.com/hveda/Setagaya/setagaya/auth/mysqlstore.go:200.81,203.43 3 0
github.com/hveda/Setagaya/setagaya/auth/mysqlstore.go:203.43,205.3 1 0
github.com/hveda/Setagaya/setagaya/auth/mysqlstore.go:206.2,206.27 1 0
github.com/hveda/Setagaya/setagaya/auth/mysqlstore.go:209.62,214.17 5 0
github.com/hveda/Setagaya/setagaya/auth/mysqlstore.go:214.17,216.3 1 0
github.com/hveda/Setagaya/setagaya/auth/mysqlstore.go:216.8,217.43 1 0
github.com/hveda/Setagaya/setagaya/auth/mysqlstore.go:217.43,219.4 1 0
github.com/hveda/Setagaya/setagaya/auth/mysqlstore.go:219.9,221.4 1 0
github.com/hveda/Setagaya/setagaya/auth/mysqlstore.go:223.2,225.17 3 0
github.com/hveda/Setagaya/setagaya/auth/mysqlstore.go:225.17,227.3 1 0
github.com/hveda/Setagaya/setagaya/auth/mysqlstore.go:227.8,228.43 1 0
github.com/hveda/Setagaya/setagaya/auth/mysqlstore.go:228.43,230.4 1 0
github.com/hveda/Setagaya/setagaya/auth/mysqlstore.go:230.9,232.4 1 0
github.com/hveda/Setagaya/setagaya/auth/mysqlstore.go:234.2,239.16 5 0
github.com/hveda/Setagaya/setagaya/auth/mysqlstore.go:239.16,241.3 1 0
github.com/hveda/Setagaya/setagaya/auth/mysqlstore.go:242.2,243.19 2 0
github.com/hveda/Setagaya/setagaya/auth/mysqlstore.go:243.19,245.3 1 0
github.com/hveda/Setagaya/setagaya/auth/mysqlstore.go:246.2,247.20 2 0
github.com/hveda/Setagaya/setagaya/auth/mysqlstore.go:247.20,249.3 1 0
github.com/hveda/Setagaya/setagaya/auth/mysqlstore.go:250.2,251.12 2 0
github.com/hveda/Setagaya/setagaya/auth/mysqlstore.go:254.102,261.32 4 0
github.com/hveda/Setagaya/setagaya/auth/mysqlstore.go:261.32,263.3 1 0
github.com/hveda/Setagaya/setagaya/auth/mysqlstore.go:265.2,266.19 2 0
github.com/hveda/Setagaya/setagaya/auth/mysqlstore.go:266.19,268.3 1 0
github.com/hveda/Setagaya/setagaya/auth/mysqlstore.go:269.2,269.12 1 0
github.com/hveda/Setagaya/setagaya/auth/mysqlstore.go:272.60,273.19 1 0
github.com/hveda/Setagaya/setagaya/auth/mysqlstore.go:273.19,275.3 1 0
github.com/hveda/Setagaya/setagaya/auth/mysqlstore.go:276.2,279.17 4 0
github.com/hveda/Setagaya/setagaya/auth/mysqlstore.go:279.17,281.3 1 0
github.com/hveda/Setagaya/setagaya/auth/mysqlstore.go:281.8,282.43 1 0
github.com/hveda/Setagaya/setagaya/auth/mysqlstore.go:282.43,284.4 1 0
github.com/hveda/Setagaya/setagaya/auth/mysqlstore.go:284.9,286.4 1 0
github.com/hveda/Setagaya/setagaya/auth/mysqlstore.go:289.2,290.17 2 0
github.com/hveda/Setagaya/setagaya/auth/mysqlstore.go:290.17,292.3 1 0
github.com/hveda/Setagaya/setagaya/auth/mysqlstore.go:292.8,293.43 1 0
github.com/hveda/Setagaya/setagaya/auth/mysqlstore.go:293.43,295.4 1 0
github.com/hveda/Setagaya/setagaya/auth/mysqlstore.go:295.9,297.4 1 0
github.com/hveda/Setagaya/setagaya/auth/mysqlstore.go:298.3,298.91 1 0
github.com/hveda/Setagaya/setagaya/auth/mysqlstore.go:298.91,300.4 1 0
github.com/hveda/Setagaya/setagaya/auth/mysqlstore.go:303.2,307.16 5 0
github.com/hveda/Setagaya/setagaya/auth/mysqlstore.go:307.16,309.3 1 0
github.com/hveda/Setagaya/setagaya/auth/mysqlstore.go:310.2,311.19 2 0
github.com/hveda/Setagaya/setagaya/auth/mysqlstore.go:311.19,313.3 1 0
github.com/hveda/Setagaya/setagaya/auth/mysqlstore.go:314.2,314.12 1 0
github.com/hveda/Setagaya/setagaya/auth/mysqlstore.go:317.82,321.42 4 0
github.com/hveda/Setagaya/setagaya/auth/mysqlstore.go:321.42,323.3 1 0
github.com/hveda/Setagaya/setagaya/auth/mysqlstore.go:324.2,324.12 1 0
github.com/hveda/Setagaya/setagaya/auth/mysqlstore.go:327.60,331.20 4 0
github.com/hveda/Setagaya/setagaya/auth/mysqlstore.go:331.20,333.3 1 0
github.com/hveda/Setagaya/setagaya/auth/mysqlstore.go:334.2,334.36 1 0
github.com/hveda/Setagaya/setagaya/auth/mysqlstore.go:334.36,337.3 2 0
github.com/hveda/Setagaya/setagaya/auth/mysqlstore.go:338.2,338.61 1 0
github.com/hveda/Setagaya/setagaya/auth/mysqlstore.go:338.61,340.3 1 0
github.com/hveda/Setagaya/setagaya/auth/mysqlstore.go:341.2,344.12 4 0
github.com/hveda/Setagaya/setagaya/config/init.go:156.27,158.2 1 5
github.com/hveda/Setagaya/setagaya/config/init.go:160.45,163.31 3 8
github.com/hveda/Setagaya/setagaya/config/init.go:163.31,165.3 1 2
github.com/hveda/Setagaya/setagaya/config/init.go:166.2,167.16 2 5
github.com/hveda/Setagaya/setagaya/config/init.go:167.16,169.3 1 0
github.com/hveda/Setagaya/setagaya/config/init.go:170.2,173.50 2 5
github.com/hveda/Setagaya/setagaya/config/init.go:176.25,179.16 3 0
github.com/hveda/Setagaya/setagaya/config/init.go:179.16,181.3 1 0
github.com/hveda/Setagaya/setagaya/config/init.go:182.2,184.16 2 0
github.com/hveda/Setagaya/setagaya/config/init.go:184.16,186.3 1 0
github.com/hveda/Setagaya/setagaya/config/init.go:187.2,187.21 1 0
github.com/hveda/Setagaya/setagaya/config/init.go:190.21,193.25 3 1
github.com/hveda/Setagaya/setagaya/config/init.go:193.25,194.24 1 0
github.com/hveda/Setagaya/setagaya/config/init.go:194.24,196.4 1 0
github.com/hveda/Setagaya/setagaya/config/init.go:200.35,205.47 3 1
github.com/hveda/Setagaya/setagaya/config/init.go:205.47,223.3 5 1
github.com/hveda/Setagaya/setagaya/config/init.go:225.2,226.16 2 0
github.com/hveda/Setagaya/setagaya/config/init.go:226.16,228.3 1 0
github.com/hveda/Setagaya/setagaya/config/init.go:229.2,230.16 2 0
github.com/hveda/Setagaya/setagaya/config/init.go:230.16,232.3 1 0
github.com/hveda/Setagaya/setagaya/config/init.go:233.2,233.48 1 0
github.com/hveda/Setagaya/setagaya/config/init.go:233.48,235.3 1 0
github.com/hveda/Setagaya/setagaya/config/init.go:236.2,238.26 3 0
github.com/hveda/Setagaya/setagaya/config/init.go:238.26,240.3 1 0
github.com/hveda/Setagaya/setagaya/config/init.go:244.2,244.30 1 0
github.com/hveda/Setagaya/setagaya/config/init.go:244.30,245.48 1 0
github.com/hveda/Setagaya/setagaya/config/init.go:245.48,247.4 1 0
github.com/hveda/Setagaya/setagaya/config/init.go:248.3,248.43 1 0
github.com/hveda/Setagaya/setagaya/config/init.go:248.43,251.4 1 0
github.com/hveda/Setagaya/setagaya/config/init.go:252.3,252.52 1 0
github.com/hveda/Setagaya/setagaya/config/init.go:252.52,254.4 1 0
github.com/hveda/Setagaya/setagaya/config/init.go:256.2,256.37 1 0
github.com/hveda/Setagaya/setagaya/config/init.go:256.37,258.3 1 0
github.com/hveda/Setagaya/setagaya/config/init.go:259.2,259.39 1 0
github.com/hveda/Setagaya/setagaya/config/init.go:259.39,261.3 1 0
github.com/hveda/Setagaya/setagaya/config/init.go:262.2,262.11 1 0
github.com/hveda/Setagaya/setagaya/config/init.go:267.13,271.22 4 1
github.com/hveda/Setagaya/setagaya/config/init.go:271.22,274.3 2 0
github.com/hveda/Setagaya/setagaya/config/k8s.go:14.47,16.2 1 0
github.com/hveda/Setagaya/setagaya/config/k8s.go:19.41,24.2 4 0
github.com/hveda/Setagaya/setagaya/config/k8s.go:27.47,30.33 3 0
github.com/hveda/Setagaya/setagaya/config/k8s.go:30.33,33.3 2 0
github.com/hveda/Setagaya/setagaya/config/k8s.go:33.8,36.3 2 0
github.com/hveda/Setagaya/setagaya/config/k8s.go:37.2,37.16 1 0
github.com/hveda/Setagaya/setagaya/config/k8s.go:37.16,39.3 1 0
github.com/hveda/Setagaya/setagaya/config/k8s.go:40.2,41.20 2 0
github.com/hveda/Setagaya/setagaya/config/k8s.go:45.53,47.16 2 0
github.com/hveda/Setagaya/setagaya/config/k8s.go:47.16,49.3 1 0
github.com/hveda/Setagaya/setagaya/config/k8s.go:50.2,51.16 2 0
github.com/hveda/Setagaya/setagaya/config/k8s.go:51.16,53.3 1 0
github.com/hveda/Setagaya/setagaya/config/k8s.go:54.2,54.20 1 0
github.com/hveda/Setagaya/setagaya/config/k8s.go:57.54,59.16 2 0
github.com/hveda/Setagaya/setagaya/config/k8s.go:59.16,61.3 1 0
github.com/hveda/Setagaya/setagaya/config/k8s.go:62.2,63.16 2 0
github.com/hveda/Setagaya/setagaya/config/k8s.go:63.16,65.3 1 0
github.com/hveda/Setagaya/setagaya/config/k8s.go:66.2,66.23 1 0
github.com/hveda/Setagaya/setagaya/config/mysql.go:21.50,23.2 1 5
github.com/hveda/Setagaya/setagaya/config/mysql.go:25.51,29.27 4 0
github.com/hveda/Setagaya/setagaya/config/mysql.go:29.27,32.3 2 0
github.com/hveda/Setagaya/setagaya/config/mysql.go:33.2,36.16 4 0
github.com/hveda/Setagaya/setagaya/config/mysql.go:36.16,38.3 1 0
github.com/hveda/Setagaya/setagaya/config/mysql.go:39.2,39.11 1 0
github.com/hveda/Setagaya/setagaya/scheduler/model/plan_status.go:49.92,50.23 1 0
github.com/hveda/Setagaya/setagaya/scheduler/model/plan_status.go:50.23,51.39 1 0
github.com/hveda/Setagaya/setagaya/scheduler/model/plan_status.go:51.39,53.12 2 0
github.com/hveda/Setagaya/setagaya/scheduler/model/plan_status.go:55.3,56.17 2 0
github.com/hveda/Setagaya/setagaya/scheduler/model/plan_status.go:56.17,59.4 2 0
github.com/hveda/Setagaya/setagaya/scheduler/model/plan_status.go:60.3,60.15 1 0
github.com/hveda/Setagaya/setagaya/ui/handler.go:22.18,27.2 2 0
github.com/hveda/Setagaya/setagaya/ui/handler.go:42.92,44.20 2 0
github.com/hveda/Setagaya/setagaya/ui/handler.go:44.20,47.3 2 0
github.com/hveda/Setagaya/setagaya/ui/handler.go:48.2,52.54 5 0
github.com/hveda/Setagaya/setagaya/ui/handler.go:52.54,54.3 1 0
github.com/hveda/Setagaya/setagaya/ui/handler.go:55.2,60.89 4 0
github.com/hveda/Setagaya/setagaya/ui/handler.go:60.89,64.3 3 0
github.com/hveda/Setagaya/setagaya/ui/handler.go:67.93,68.38 1 0
github.com/hveda/Setagaya/setagaya/ui/handler.go:68.38,72.3 3 0
github.com/hveda/Setagaya/setagaya/ui/handler.go:73.2,75.16 3 0
github.com/hveda/Setagaya/setagaya/ui/handler.go:75.16,77.3 1 0
github.com/hveda/Setagaya/setagaya/ui/handler.go:78.2,81.16 4 0
github.com/hveda/Setagaya/setagaya/ui/handler.go:81.16,84.3 2 0
github.com/hveda/Setagaya/setagaya/ui/handler.go:85.2,88.16 4 0
github.com/hveda/Setagaya/setagaya/ui/handler.go:88.16,90.3 1 0
github.com/hveda/Setagaya/setagaya/ui/handler.go:91.2,91.47 1 0
github.com/hveda/Setagaya/setagaya/ui/handler.go:94.94,96.16 2 0
github.com/hveda/Setagaya/setagaya/ui/handler.go:96.16,99.3 2 0
github.com/hveda/Setagaya/setagaya/ui/handler.go:100.2,102.43 3 0
github.com/hveda/Setagaya/setagaya/ui/handler.go:102.43,104.3 1 0
github.com/hveda/Setagaya/setagaya/ui/handler.go:111.97,117.22 6 0
github.com/hveda/Setagaya/setagaya/ui/handler.go:117.22,119.3 1 0
github.com/hveda/Setagaya/setagaya/ui/handler.go:120.2,120.47 1 0
github.com/hveda/Setagaya/setagaya/ui/handler.go:120.47,122.3 1 0
github.com/hveda/Setagaya/setagaya/ui/handler.go:125.38,132.2 1 0
github.com/hveda/Setagaya/setagaya/api/collection.go:16.68,18.16 2 0
github.com/hveda/Setagaya/setagaya/api/collection.go:18.16,20.3 1 0
github.com/hveda/Setagaya/setagaya/api/collection.go:21.2,22.16 2 0
github.com/hveda/Setagaya/setagaya/api/collection.go:22.16,24.3 1 0
github.com/hveda/Setagaya/setagaya/api/collection.go:25.2,25.24 1 0
github.com/hveda/Setagaya/setagaya/api/collection.go:28.118,30.16 2 0
github.com/hveda/Setagaya/setagaya/api/collection.go:30.16,33.3 2 0
github.com/hveda/Setagaya/setagaya/api/collection.go:34.2,35.16 2 0
github.com/hveda/Setagaya/setagaya/api/collection.go:35.16,38.3 2 0
github.com/hveda/Setagaya/setagaya/api/collection.go:39.2,39.25 1 0
github.com/hveda/Setagaya/setagaya/api/collection.go:39.25,41.17 2 0
github.com/hveda/Setagaya/setagaya/api/collection.go:41.17,44.4 2 0
github.com/hveda/Setagaya/setagaya/api/collection.go:45.3,45.22 1 0
github.com/hveda/Setagaya/setagaya/api/collection.go:47.2,57.16 3 0
github.com/hveda/Setagaya/setagaya/api/collection.go:57.16,60.3 2 0
github.com/hveda/Setagaya/setagaya/api/collection.go:61.2,66.52 5 0
github.com/hveda/Setagaya/setagaya/api/errors.go:14.29,16.2 1 2
github.com/hveda/Setagaya/setagaya/api/errors.go:18.52,20.2 1 5
github.com/hveda/Setagaya/setagaya/api/errors.go:22.48,24.2 1 4
github.com/hveda/Setagaya/setagaya/api/errors.go:26.52,28.2 1 4
github.com/hveda/Setagaya/setagaya/api/errors.go:32.54,34.2 1 6
github.com/hveda/Setagaya/setagaya/api/errors.go:36.40,38.2 1 2
github.com/hveda/Setagaya/setagaya/api/errors.go:40.43,42.2 1 2
github.com/hveda/Setagaya/setagaya/api/main.go:31.34,37.2 3 0
github.com/hveda/Setagaya/setagaya/api/main.go:43.87,46.59 3 10
github.com/hveda/Setagaya/setagaya/api/main.go:46.59,48.3 1 0
github.com/hveda/Setagaya/setagaya/api/main.go:51.68,55.2 1 10
github.com/hveda/Setagaya/setagaya/api/main.go:57.94,60.2 2 6
github.com/hveda/Setagaya/setagaya/api/main.go:64.83,69.9 2 4
github.com/hveda/Setagaya/setagaya/api/main.go:70.28,72.13 2 1
github.com/hveda/Setagaya/setagaya/api/main.go:73.46,75.13 2 1
github.com/hveda/Setagaya/setagaya/api/main.go:77.2,77.12 1 2
github.com/hveda/Setagaya/setagaya/api/main.go:80.70,82.27 2 0
github.com/hveda/Setagaya/setagaya/api/main.go:82.27,83.10 1 0
github.com/hveda/Setagaya/setagaya/api/main.go:84.40,85.59 1 0
github.com/hveda/Setagaya/setagaya/api/main.go:86.42,87.60 1 0
github.com/hveda/Setagaya/setagaya/api/main.go:88.11,90.69 2 0
github.com/hveda/Setagaya/setagaya/api/main.go:95.108,97.9 2 0
github.com/hveda/Setagaya/setagaya/api/main.go:97.9,100.3 2 0
github.com/hveda/Setagaya/setagaya/api/main.go:101.2,107.37 6 0
github.com/hveda/Setagaya/setagaya/api/main.go:107.37,108.89 1 0
github.com/hveda/Setagaya/setagaya/api/main.go:108.89,110.4 1 0
github.com/hveda/Setagaya/setagaya/api/main.go:111.8,113.3 1 0
github.com/hveda/Setagaya/setagaya/api/main.go:115.2,115.31 1 0
github.com/hveda/Setagaya/setagaya/api/main.go:115.31,116.77 1 0
github.com/hveda/Setagaya/setagaya/api/main.go:116.77,118.4 1 0
github.com/hveda/Setagaya/setagaya/api/main.go:119.8,121.3 1 0
github.com/hveda/Setagaya/setagaya/api/main.go:122.2,123.16 2 0
github.com/hveda/Setagaya/setagaya/api/main.go:123.16,126.3 2 0
github.com/hveda/Setagaya/setagaya/api/main.go:127.2,127.42 1 0
github.com/hveda/Setagaya/setagaya/api/main.go:127.42,130.3 2 0
github.com/hveda/Setagaya/setagaya/api/main.go:131.2,131.29 1 0
github.com/hveda/Setagaya/setagaya/api/main.go:131.29,132.25 1 0
github.com/hveda/Setagaya/setagaya/api/main.go:132.25,133.58 1 0
github.com/hveda/Setagaya/setagaya/api/main.go:133.58,135.5 1 0
github.com/hveda/Setagaya/setagaya/api/main.go:137.3,137.19 1 0
github.com/hveda/Setagaya/setagaya/api/main.go:137.19,138.46 1 0
github.com/hveda/Setagaya/setagaya/api/main.go:138.46,140.5 1 0
github.com/hveda/Setagaya/setagaya/api/main.go:143.2,143.39 1 0
github.com/hveda/Setagaya/setagaya/api/main.go:146.107,148.16 2 0
github.com/hveda/Setagaya/setagaya/api/main.go:148.16,151.3 2 0
github.com/hveda/Setagaya/setagaya/api/main.go:152.2,152.38 1 0
github.com/hveda/Setagaya/setagaya/api/main.go:155.105,157.2 1 0
github.com/hveda/Setagaya/setagaya/api/main.go:159.110,161.9 2 0
github.com/hveda/Setagaya/setagaya/api/main.go:161.9,164.3 2 0
github.com/hveda/Setagaya/setagaya/api/main.go:165.2,165.38 1 0
github.com/hveda/Setagaya/setagaya/api/main.go:165.38,168.3 2 0
github.com/hveda/Setagaya/setagaya/api/main.go:169.2,170.16 2 0
github.com/hveda/Setagaya/setagaya/api/main.go:170.16,173.3 2 0
github.com/hveda/Setagaya/setagaya/api/main.go:174.2,175.17 2 0
github.com/hveda/Setagaya/setagaya/api/main.go:175.17,178.3 2 0
github.com/hveda/Setagaya/setagaya/api/main.go:179.2,179.40 1 0
github.com/hveda/Setagaya/setagaya/api/main.go:179.40,182.3 2 0
github.com/hveda/Setagaya/setagaya/api/main.go:183.2,184.25 2 0
github.com/hveda/Setagaya/setagaya/api/main.go:184.25,186.16 2 0
github.com/hveda/Setagaya/setagaya/api/main.go:186.16,189.4 2 0
github.com/hveda/Setagaya/setagaya/api/main.go:190.3,190.46 1 0
github.com/hveda/Setagaya/setagaya/api/main.go:190.46,193.4 2 0
github.com/hveda/Setagaya/setagaya/api/main.go:195.2,196.16 2 0
github.com/hveda/Setagaya/setagaya/api/main.go:196.16,199.3 2 0
github.com/hveda/Setagaya/setagaya/api/main.go:200.2,201.16 2 0
github.com/hveda/Setagaya/setagaya/api/main.go:201.16,204.3 2 0
github.com/hveda/Setagaya/setagaya/api/main.go:205.2,205.38 1 0
github.com/hveda/Setagaya/setagaya/api/main.go:208.110,210.9 2 0
github.com/hveda/Setagaya/setagaya/api/main.go:210.9,213.3 2 0
github.com/hveda/Setagaya/setagaya/api/main.go:214.2,215.16 2 0
github.com/hveda/Setagaya/setagaya/api/main.go:215.16,218.3 2 0
github.com/hveda/Setagaya/setagaya/api/main.go:219.2,219.52 1 0
github.com/hveda/Setagaya/setagaya/api/main.go:219.52,222.3 2 0
github.com/hveda/Setagaya/setagaya/api/main.go:223.2,224.16 2 0
github.com/hveda/Setagaya/setagaya/api/main.go:224.16,227.3 2 0
github.com/hveda/Setagaya/setagaya/api/main.go:228.2,228.28 1 0
github.com/hveda/Setagaya/setagaya/api/main.go:228.28,231.3 2 0
github.com/hveda/Setagaya/setagaya/api/main.go:232.2,233.16 2 0
github.com/hveda/Setagaya/setagaya/api/main.go:233.16,236.3 2 0
github.com/hveda/Setagaya/setagaya/api/main.go:237.2,237.22 1 0
github.com/hveda/Setagaya/setagaya/api/main.go:237.22,240.3 2 0
github.com/hveda/Setagaya/setagaya/api/main.go:241.2,241.41 1 0
github.com/hveda/Setagaya/setagaya/api/main.go:241.41,244.3 2 0
github.com/hveda/Setagaya/setagaya/api/main.go:245.2,245.80 1 0
github.com/hveda/Setagaya/setagaya/api/main.go:248.104,250.16 2 0
github.com/hveda/Setagaya/setagaya/api/main.go:250.16,253.3 2 0
github.com/hveda/Setagaya/setagaya/api/main.go:254.2,254.35 1 0
github.com/hveda/Setagaya/setagaya/api/main.go:257.102,259.2 1 0
github.com/hveda/Setagaya/setagaya/api/main.go:266.115,268.16 2 0
github.com/hveda/Setagaya/setagaya/api/main.go:268.16,271.3 2 0
github.com/hveda/Setagaya/setagaya/api/main.go:272.2,274.34 3 0
github.com/hveda/Setagaya/setagaya/api/main.go:277.102,279.9 2 0
github.com/hveda/Setagaya/setagaya/api/main.go:279.9,282.3 2 0
github.com/hveda/Setagaya/setagaya/api/main.go:283.2,283.38 1 0
github.com/hveda/Setagaya/setagaya/api/main.go:283.38,286.3 2 0
github.com/hveda/Setagaya/setagaya/api/main.go:287.2,289.16 3 0
github.com/hveda/Setagaya/setagaya/api/main.go:289.16,292.3 2 0
github.com/hveda/Setagaya/setagaya/api/main.go:293.2,293.52 1 0
github.com/hveda/Setagaya/setagaya/api/main.go:293.52,296.3 2 0
github.com/hveda/Setagaya/setagaya/api/main.go:297.2,298.16 2 0
github.com/hveda/Setagaya/setagaya/api/main.go:298.16,301.3 2 0
github.com/hveda/Setagaya/setagaya/api/main.go:302.2,303.16 2 0
github.com/hveda/Setagaya/setagaya/api/main.go:303.16,306.3 2 0
github.com/hveda/Setagaya/setagaya/api/main.go:307.2,308.16 2 0
github.com/hveda/Setagaya/setagaya/api/main.go:308.16,310.3 1 0
github.com/hveda/Setagaya/setagaya/api/main.go:311.2,311.35 1 0
github.com/hveda/Setagaya/setagaya/api/main.go:314.107,316.9 2 0
github.com/hveda/Setagaya/setagaya/api/main.go:316.9,319.3 2 0
github.com/hveda/Setagaya/setagaya/api/main.go:320.2,321.16 2 0
github.com/hveda/Setagaya/setagaya/api/main.go:321.16,324.3 2 0
github.com/hveda/Setagaya/setagaya/api/main.go:325.2,326.16 2 0
github.com/hveda/Setagaya/setagaya/api/main.go:326.16,329.3 2 0
github.com/hveda/Setagaya/setagaya/api/main.go:330.2,330.52 1 0
github.com/hveda/Setagaya/setagaya/api/main.go:330.52,333.3 2 0
github.com/hveda/Setagaya/setagaya/api/main.go:334.2,335.16 2 0
github.com/hveda/Setagaya/setagaya/api/main.go:335.16,339.3 2 0
github.com/hveda/Setagaya/setagaya/api/main.go:340.2,340.11 1 0
github.com/hveda/Setagaya/setagaya/api/main.go:340.11,343.3 2 0
github.com/hveda/Setagaya/setagaya/api/main.go:344.2,344.38 1 0
github.com/hveda/Setagaya/setagaya/api/main.go:344.38,347.3 2 0
github.com/hveda/Setagaya/setagaya/api/main.go:350.112,352.16 2 0
github.com/hveda/Setagaya/setagaya/api/main.go:352.16,355.3 2 0
github.com/hveda/Setagaya/setagaya/api/main.go:356.2,356.56 1 0
github.com/hveda/Setagaya/setagaya/api/main.go:356.56,359.3 2 0
github.com/hveda/Setagaya/setagaya/api/main.go:360.2,361.16 2 0
github.com/hveda/Setagaya/setagaya/api/main.go:361.16,364.3 2 0
github.com/hveda/Setagaya/setagaya/api/main.go:365.2,366.16 2 0
github.com/hveda/Setagaya/setagaya/api/main.go:366.16,370.3 2 0
github.com/hveda/Setagaya/setagaya/api/main.go:371.2,371.54 1 0
github.com/hveda/Setagaya/setagaya/api/main.go:371.54,373.3 1 0
github.com/hveda/Setagaya/setagaya/api/main.go:376.104,378.2 1 0
github.com/hveda/Setagaya/setagaya/api/main.go:380.110,382.2 1 0
github.com/hveda/Setagaya/setagaya/api/main.go:384.118,386.16 2 0
github.com/hveda/Setagaya/setagaya/api/main.go:386.16,389.3 2 0
github.com/hveda/Setagaya/setagaya/api/main.go:390.2,390.56 1 0
github.com/hveda/Setagaya/setagaya/api/main.go:390.56,393.3 2 0
github.com/hveda/Setagaya/setagaya/api/main.go:394.2,395.16 2 0
github.com/hveda/Setagaya/setagaya/api/main.go:395.16,398.3 2 0
github.com/hveda/Setagaya/setagaya/api/main.go:399.2,400.16 2 0
github.com/hveda/Setagaya/setagaya/api/main.go:400.16,403.3 2 0
github.com/hveda/Setagaya/setagaya/api/main.go:404.2,404.54 1 0
github.com/hveda/Setagaya/setagaya/api/main.go:404.54,406.3 1 0
github.com/hveda/Setagaya/setagaya/api/main.go:409.118,411.16 2 0
github.com/hveda/Setagaya/setagaya/api/main.go:411.16,414.3 2 0
github.com/hveda/Setagaya/setagaya/api/main.go:415.2,415.38 1 0
github.com/hveda/Setagaya/setagaya/api/main.go:415.38,418.3 2 0
github.com/hveda/Setagaya/setagaya/api/main.go:419.2,420.20 2 0
github.com/hveda/Setagaya/setagaya/api/main.go:420.20,423.3 2 0
github.com/hveda/Setagaya/setagaya/api/main.go:424.2,425.16 2 0
github.com/hveda/Setagaya/setagaya/api/main.go:425.16,428.3 2 0
github.com/hveda/Setagaya/setagaya/api/main.go:429.2,429.67 1 0
github.com/hveda/Setagaya/setagaya/api/main.go:429.67,431.3 1 0
github.com/hveda/Setagaya/setagaya/api/main.go:434.111,436.16 2 0
github.com/hveda/Setagaya/setagaya/api/main.go:436.16,439.3 2 0
github.com/hveda/Setagaya/setagaya/api/main.go:440.2,440.38 1 0
github.com/hveda/Setagaya/setagaya/api/main.go:440.38,443.3 2 0
github.com/hveda/Setagaya/setagaya/api/main.go:444.2,445.20 2 0
github.com/hveda/Setagaya/setagaya/api/main.go:445.20,448.3 2 0
github.com/hveda/Setagaya/setagaya/api/main.go:449.2,450.16 2 0
github.com/hveda/Setagaya/setagaya/api/main.go:450.16,453.3 2 0
github.com/hveda/Setagaya/setagaya/api/main.go:454.2,454.67 1 0
github.com/hveda/Setagaya/setagaya/api/main.go:454.67,456.3 1 0
github.com/hveda/Setagaya/setagaya/api/main.go:459.113,461.9 2 0
github.com/hveda/Setagaya/setagaya/api/main.go:461.9,464.3 2 0
github.com/hveda/Setagaya/setagaya/api/main.go:465.2,465.38 1 0
github.com/hveda/Setagaya/setagaya/api/main.go:465.38,468.3 2 0
github.com/hveda/Setagaya/setagaya/api/main.go:469.2,470.26 2 0
github.com/hveda/Setagaya/setagaya/api/main.go:470.26,473.3 2 0
github.com/hveda/Setagaya/setagaya/api/main.go:474.2,476.16 3 0
github.com/hveda/Setagaya/setagaya/api/main.go:476.16,479.3 2 0
github.com/hveda/Setagaya/setagaya/api/main.go:480.2,480.52 1 0
github.com/hveda/Setagaya/setagaya/api/main.go:480.52,483.3 2 0
github.com/hveda/Setagaya/setagaya/api/main.go:484.2,485.16 2 0
github.com/hveda/Setagaya/setagaya/api/main.go:485.16,488.3 2 0
github.com/hveda/Setagaya/setagaya/api/main.go:489.2,490.16 2 0
github.com/hveda/Setagaya/setagaya/api/main.go:490.16,493.3 2 0
github.com/hveda/Setagaya/setagaya/api/main.go:494.2,494.41 1 0
github.com/hveda/Setagaya/setagaya/api/main.go:497.113,499.16 2 0
github.com/hveda/Setagaya/setagaya/api/main.go:499.16,502.3 2 0
github.com/hveda/Setagaya/setagaya/api/main.go:503.2,503.54 1 0
github.com/hveda/Setagaya/setagaya/api/main.go:503.54,506.3 2 0
github.com/hveda/Setagaya/setagaya/api/main.go:507.2,508.16 2 0
github.com/hveda/Setagaya/setagaya/api/main.go:508.16,511.3 2 0
github.com/hveda/Setagaya/setagaya/api/main.go:512.2,512.27 1 0
github.com/hveda/Setagaya/setagaya/api/main.go:512.27,515.3 2 0
github.com/hveda/Setagaya/setagaya/api/main.go:516.2,516.44 1 0
github.com/hveda/Setagaya/setagaya/api/main.go:516.44,519.3 2 0
github.com/hveda/Setagaya/setagaya/api/main.go:522.110,524.16 2 0
github.com/hveda/Setagaya/setagaya/api/main.go:524.16,527.3 2 0
github.com/hveda/Setagaya/setagaya/api/main.go:529.2,529.71 1 0
github.com/hveda/Setagaya/setagaya/api/main.go:529.71,531.3 1 0
github.com/hveda/Setagaya/setagaya/api/main.go:532.2,532.59 1 0
github.com/hveda/Setagaya/setagaya/api/main.go:532.59,534.3 1 0
github.com/hveda/Setagaya/setagaya/api/main.go:535.2,535.41 1 0
github.com/hveda/Setagaya/setagaya/api/main.go:538.74,539.31 1 19
github.com/hveda/Setagaya/setagaya/api/main.go:539.31,541.3 1 3
github.com/hveda/Setagaya/setagaya/api/main.go:542.2,543.28 2 16
github.com/hveda/Setagaya/setagaya/api/main.go:543.28,545.3 1 117
github.com/hveda/Setagaya/setagaya/api/main.go:546.2,546.31 1 16
github.com/hveda/Setagaya/setagaya/api/main.go:546.31,548.10 2 114
github.com/hveda/Setagaya/setagaya/api/main.go:548.10,550.4 1 0
github.com/hveda/Setagaya/setagaya/api/main.go:551.3,551.39 1 114
github.com/hveda/Setagaya/setagaya/api/main.go:551.39,553.4 1 5
github.com/hveda/Setagaya/setagaya/api/main.go:554.3,554.47 1 109
github.com/hveda/Setagaya/setagaya/api/main.go:554.47,556.4 1 1
github.com/hveda/Setagaya/setagaya/api/main.go:558.2,558.18 1 10
github.com/hveda/Setagaya/setagaya/api/main.go:561.108,563.2 1 0
github.com/hveda/Setagaya/setagaya/api/main.go:565.113,567.16 2 0
github.com/hveda/Setagaya/setagaya/api/main.go:567.16,570.3 2 0
github.com/hveda/Setagaya/setagaya/api/main.go:571.2,572.54 2 0
github.com/hveda/Setagaya/setagaya/api/main.go:572.54,575.3 2 0
github.com/hveda/Setagaya/setagaya/api/main.go:576.2,577.16 2 0
github.com/hveda/Setagaya/setagaya/api/main.go:577.16,580.3 2 0
github.com/hveda/Setagaya/setagaya/api/main.go:581.2,582.16 2 0
github.com/hveda/Setagaya/setagaya/api/main.go:582.16,585.3 2 0
github.com/hveda/Setagaya/setagaya/api/main.go:586.2,587.16 2 0
github.com/hveda/Setagaya/setagaya/api/main.go:587.16,590.3 2 0
github.com/hveda/Setagaya/setagaya/api/main.go:591.2,591.45 1 0
github.com/hveda/Setagaya/setagaya/api/main.go:591.45,594.3 2 0
github.com/hveda/Setagaya/setagaya/api/main.go:595.2,596.16 2 0
github.com/hveda/Setagaya/setagaya/api/main.go:596.16,600.3 3 0
github.com/hveda/Setagaya/setagaya/api/main.go:601.2,602.37 2 0
github.com/hveda/Setagaya/setagaya/api/main.go:602.37,604.17 2 0
github.com/hveda/Setagaya/setagaya/api/main.go:604.17,607.4 2 0
github.com/hveda/Setagaya/setagaya/api/main.go:608.3,609.17 2 0
github.com/hveda/Setagaya/setagaya/api/main.go:609.17,612.4 2 0
github.com/hveda/Setagaya/setagaya/api/main.go:613.3,613.35 1 0
github.com/hveda/Setagaya/setagaya/api/main.go:613.35,616.4 2 0
github.com/hveda/Setagaya/setagaya/api/main.go:617.3,617.37 1 0
github.com/hveda/Setagaya/setagaya/api/main.go:619.2,619.76 1 0
github.com/hveda/Setagaya/setagaya/api/main.go:619.76,624.3 3 0
github.com/hveda/Setagaya/setagaya/api/main.go:625.2,626.16 2 0
github.com/hveda/Setagaya/setagaya/api/main.go:626.16,629.3 2 0
github.com/hveda/Setagaya/setagaya/api/main.go:630.2,630.27 1 0
github.com/hveda/Setagaya/setagaya/api/main.go:630.27,633.3 2 0
github.com/hveda/Setagaya/setagaya/api/main.go:634.2,634.37 1 0
github.com/hveda/Setagaya/setagaya/api/main.go:634.37,635.22 1 0
github.com/hveda/Setagaya/setagaya/api/main.go:635.22,638.4 2 0
github.com/hveda/Setagaya/setagaya/api/main.go:640.2,640.54 1 0
github.com/hveda/Setagaya/setagaya/api/main.go:640.54,642.17 2 0
github.com/hveda/Setagaya/setagaya/api/main.go:642.17,645.4 2 0
github.com/hveda/Setagaya/setagaya/api/main.go:646.3,646.71 1 0
github.com/hveda/Setagaya/setagaya/api/main.go:646.71,649.4 2 0
github.com/hveda/Setagaya/setagaya/api/main.go:652.2,653.16 2 0
github.com/hveda/Setagaya/setagaya/api/main.go:653.16,655.3 1 0
github.com/hveda/Setagaya/setagaya/api/main.go:658.120,660.16 2 0
github.com/hveda/Setagaya/setagaya/api/main.go:660.16,663.3 2 0
github.com/hveda/Setagaya/setagaya/api/main.go:664.2,665.16 2 0
github.com/hveda/Setagaya/setagaya/api/main.go:665.16,668.3 2 0
github.com/hveda/Setagaya/setagaya/api/main.go:669.2,669.48 1 0
github.com/hveda/Setagaya/setagaya/api/main.go:672.117,674.16 2 0
github.com/hveda/Setagaya/setagaya/api/main.go:674.16,677.3 2 0
github.com/hveda/Setagaya/setagaya/api/main.go:678.2,678.59 1 0
github.com/hveda/Setagaya/setagaya/api/main.go:678.59,680.27 2 0
github.com/hveda/Setagaya/setagaya/api/main.go:680.27,683.4 2 0
github.com/hveda/Setagaya/setagaya/api/main.go:684.3,685.9 2 0
github.com/hveda/Setagaya/setagaya/api/main.go:689.114,691.16 2 0
github.com/hveda/Setagaya/setagaya/api/main.go:691.16,694.3 2 0
github.com/hveda/Setagaya/setagaya/api/main.go:695.2,695.60 1 0
github.com/hveda/Setagaya/setagaya/api/main.go:695.60,698.3 2 0
github.com/hveda/Setagaya/setagaya/api/main.go:701.111,703.16 2 0
github.com/hveda/Setagaya/setagaya/api/main.go:703.16,706.3 2 0
github.com/hveda/Setagaya/setagaya/api/main.go:707.2,707.64 1 0
github.com/hveda/Setagaya/setagaya/api/main.go:707.64,710.3 2 0
github.com/hveda/Setagaya/setagaya/api/main.go:713.113,715.16 2 0
github.com/hveda/Setagaya/setagaya/api/main.go:715.16,718.3 2 0
github.com/hveda/Setagaya/setagaya/api/main.go:719.2,720.16 2 0
github.com/hveda/Setagaya/setagaya/api/main.go:720.16,722.3 1 0
github.com/hveda/Setagaya/setagaya/api/main.go:723.2,723.47 1 0
github.com/hveda/Setagaya/setagaya/api/main.go:726.112,728.16 2 0
github.com/hveda/Setagaya/setagaya/api/main.go:728.16,731.3 2 0
github.com/hveda/Setagaya/setagaya/api/main.go:732.2,732.64 1 0
github.com/hveda/Setagaya/setagaya/api/main.go:732.64,735.3 2 0
github.com/hveda/Setagaya/setagaya/api/main.go:738.104,740.16 2 0
github.com/hveda/Setagaya/setagaya/api/main.go:740.16,743.3 2 0
github.com/hveda/Setagaya/setagaya/api/main.go:744.2,745.16 2 0
github.com/hveda/Setagaya/setagaya/api/main.go:745.16,748.3 2 0
github.com/hveda/Setagaya/setagaya/api/main.go:749.2,750.16 2 0
github.com/hveda/Setagaya/setagaya/api/main.go:750.16,753.3 2 0
github.com/hveda/Setagaya/setagaya/api/main.go:754.2,756.32 3 0
github.com/hveda/Setagaya/setagaya/api/main.go:759.113,761.16 2 0
github.com/hveda/Setagaya/setagaya/api/main.go:761.16,764.3 2 0
github.com/hveda/Setagaya/setagaya/api/main.go:765.2,766.9 2 0
github.com/hveda/Setagaya/setagaya/api/main.go:766.9,769.3 2 0
github.com/hveda/Setagaya/setagaya/api/main.go:770.2,785.12 9 0
github.com/hveda/Setagaya/setagaya/api/main.go:785.12,788.3 2 0
github.com/hveda/Setagaya/setagaya/api/main.go:789.2,789.39 1 0
github.com/hveda/Setagaya/setagaya/api/main.go:789.39,790.19 1 0
github.com/hveda/Setagaya/setagaya/api/main.go:790.19,791.12 1 0
github.com/hveda/Setagaya/setagaya/api/main.go:793.3,794.17 2 0
github.com/hveda/Setagaya/setagaya/api/main.go:794.17,796.4 1 0
github.com/hveda/Setagaya/setagaya/api/main.go:796.9,798.4 1 0
github.com/hveda/Setagaya/setagaya/api/main.go:799.3,799.18 1 0
github.com/hveda/Setagaya/setagaya/api/main.go:803.98,805.2 1 0
github.com/hveda/Setagaya/setagaya/api/main.go:807.101,809.2 1 0
github.com/hveda/Setagaya/setagaya/api/main.go:811.111,818.16 6 0
github.com/hveda/Setagaya/setagaya/api/main.go:818.16,821.3 2 0
github.com/hveda/Setagaya/setagaya/api/main.go:822.2,824.52 3 0
github.com/hveda/Setagaya/setagaya/api/main.go:836.43,881.27 2 0
github.com/hveda/Setagaya/setagaya/api/main.go:881.27,883.40 1 0
github.com/hveda/Setagaya/setagaya/api/main.go:883.40,884.12 1 0
github.com/hveda/Setagaya/setagaya/api/main.go:886.3,886.48 1 0
github.com/hveda/Setagaya/setagaya/api/main.go:888.2,888.15 1 0
github.com/hveda/Setagaya/setagaya/api/middlewares.go:18.63,20.20 2 0
github.com/hveda/Setagaya/setagaya/api/middlewares.go:20.20,22.3 1 0
github.com/hveda/Setagaya/setagaya/api/middlewares.go:23.2,23.21 1 0
github.com/hveda/Setagaya/setagaya/api/middlewares.go:26.78,27.98 1 0
github.com/hveda/Setagaya/setagaya/api/middlewares.go:27.98,31.17 4 0
github.com/hveda/Setagaya/setagaya/api/middlewares.go:31.17,34.4 2 0
github.com/hveda/Setagaya/setagaya/api/middlewares.go:35.3,35.86 1 0
github.com/hveda/Setagaya/setagaya/api/networkutils.go:8.47,10.13 2 15
github.com/hveda/Setagaya/setagaya/api/networkutils.go:10.13,12.3 1 5
github.com/hveda/Setagaya/setagaya/api/networkutils.go:13.2,13.33 1 10
github.com/hveda/Setagaya/setagaya/api/ownership.go:11.79,12.48 1 12
github.com/hveda/Setagaya/setagaya/api/ownership.go:12.48,13.25 1 7
github.com/hveda/Setagaya/setagaya/api/ownership.go:13.25,15.4 1 7
github.com/hveda/Setagaya/setagaya/api/ownership.go:17.2,17.13 1 3
github.com/hveda/Setagaya/setagaya/api/ownership.go:20.99,22.16 2 0
github.com/hveda/Setagaya/setagaya/api/ownership.go:22.16,24.3 1 0
github.com/hveda/Setagaya/setagaya/api/ownership.go:25.2,26.9 2 0
github.com/hveda/Setagaya/setagaya/api/ownership.go:26.9,28.3 1 0
github.com/hveda/Setagaya/setagaya/api/ownership.go:29.2,30.16 2 0
github.com/hveda/Setagaya/setagaya/api/ownership.go:30.16,32.3 1 0
github.com/hveda/Setagaya/setagaya/api/ownership.go:33.2,33.52 1 0
github.com/hveda/Setagaya/setagaya/api/ownership.go:33.52,35.3 1 0
github.com/hveda/Setagaya/setagaya/api/ownership.go:36.2,36.24 1 0
github.com/hveda/Setagaya/setagaya/api/plan.go:9.50,11.16 2 0
github.com/hveda/Setagaya/setagaya/api/plan.go:11.16,13.3 1 0
github.com/hveda/Setagaya/setagaya/api/plan.go:14.2,15.16 2 0
github.com/hveda/Setagaya/setagaya/api/plan.go:15.16,17.3 1 0
github.com/hveda/Setagaya/setagaya/api/plan.go:18.2,18.18 1 0
github.com/hveda/Setagaya/setagaya/api/project.go:9.59,10.21 1 0
github.com/hveda/Setagaya/setagaya/api/project.go:10.21,12.3 1 0
github.com/hveda/Setagaya/setagaya/api/project.go:13.2,14.16 2 0
github.com/hveda/Setagaya/setagaya/api/project.go:14.16,16.3 1 0
github.com/hveda/Setagaya/setagaya/api/project.go:17.2,18.16 2 0
github.com/hveda/Setagaya/setagaya/api/project.go:18.16,20.3 1 0
github.com/hveda/Setagaya/setagaya/api/project.go:21.2,21.21 1 0
github.com/hveda/Setagaya/setagaya/api/usage.go:13.111,18.16 5 0
github.com/hveda/Setagaya/setagaya/api/usage.go:18.16,22.3 3 0
github.com/hveda/Setagaya/setagaya/api/usage.go:23.2,23.38 1 0
github.com/hveda/Setagaya/setagaya/api/usage.go:26.116,32.16 6 0
github.com/hveda/Setagaya/setagaya/api/usage.go:32.16,35.3 2 0
github.com/hveda/Setagaya/setagaya/api/usage.go:36.2,36.38 1 0
github.com/hveda/Setagaya/setagaya/model/collection.go:47.68,50.16 3 0
github.com/hveda/Setagaya/setagaya/model/collection.go:50.16,52.3 1 0
github.com/hveda/Setagaya/setagaya/model/collection.go:53.2,56.16 3 0
github.com/hveda/Setagaya/setagaya/model/collection.go:56.16,58.3 1 0
github.com/hveda/Setagaya/setagaya/model/collection.go:59.2,60.16 2 0
github.com/hveda/Setagaya/setagaya/model/collection.go:63.51,67.16 3 0
github.com/hveda/Setagaya/setagaya/model/collection.go:67.16,69.3 1 0
github.com/hveda/Setagaya/setagaya/model/collection.go:70.2,75.16 4 0
github.com/hveda/Setagaya/setagaya/model/collection.go:75.16,77.3 1 0
github.com/hveda/Setagaya/setagaya/model/collection.go:78.2,78.72 1 0
github.com/hveda/Setagaya/setagaya/model/collection.go:78.72,80.3 1 0
github.com/hveda/Setagaya/setagaya/model/collection.go:81.2,81.24 1 0
github.com/hveda/Setagaya/setagaya/model/collection.go:84.37,86.49 2 0
github.com/hveda/Setagaya/setagaya/model/collection.go:86.49,88.3 1 0
github.com/hveda/Setagaya/setagaya/model/collection.go:89.2,89.45 1 0
github.com/hveda/Setagaya/setagaya/model/collection.go:89.45,91.3 1 0
github.com/hveda/Setagaya/setagaya/model/collection.go:92.2,92.43 1 0
github.com/hveda/Setagaya/setagaya/model/collection.go:92.43,94.3 1 0
github.com/hveda/Setagaya/setagaya/model/collection.go:95.2,96.16 2 0
github.com/hveda/Setagaya/setagaya/model/collection.go:96.16,98.3 1 0
github.com/hveda/Setagaya/setagaya/model/collection.go:99.2,101.16 3 0
github.com/hveda/Setagaya/setagaya/model/collection.go:101.16,103.3 1 0
github.com/hveda/Setagaya/setagaya/model/collection.go:104.2,105.12 2 0
github.com/hveda/Setagaya/setagaya/model/collection.go:108.64,110.17 2 0
github.com/hveda/Setagaya/setagaya/model/collection.go:110.17,112.3 1 0
github.com/hveda/Setagaya/setagaya/model/collection.go:113.2,116.16 3 0
github.com/hveda/Setagaya/setagaya/model/collection.go:116.16,118.3 1 0
github.com/hveda/Setagaya/setagaya/model/collection.go:119.2,122.16 3 0
github.com/hveda/Setagaya/setagaya/model/collection.go:122.16,124.3 1 0
github.com/hveda/Setagaya/setagaya/model/collection.go:125.2,125.12 1 0
github.com/hveda/Setagaya/setagaya/model/collection.go:128.68,131.16 3 0
github.com/hveda/Setagaya/setagaya/model/collection.go:131.16,133.3 1 0
github.com/hveda/Setagaya/setagaya/model/collection.go:134.2,136.16 3 0
github.com/hveda/Setagaya/setagaya/model/collection.go:136.16,138.3 1 0
github.com/hveda/Setagaya/setagaya/model/collection.go:139.2,141.18 3 0
github.com/hveda/Setagaya/setagaya/model/collection.go:141.18,147.3 5 0
github.com/hveda/Setagaya/setagaya/model/collection.go:148.2,149.16 2 0
github.com/hveda/Setagaya/setagaya/model/collection.go:149.16,151.3 1 0
github.com/hveda/Setagaya/setagaya/model/collection.go:152.2,152.15 1 0
github.com/hveda/Setagaya/setagaya/model/collection.go:155.75,158.16 3 0
github.com/hveda/Setagaya/setagaya/model/collection.go:158.16,160.3 1 0
github.com/hveda/Setagaya/setagaya/model/collection.go:161.2,166.16 5 0
github.com/hveda/Setagaya/setagaya/model/collection.go:166.16,168.3 1 0
github.com/hveda/Setagaya/setagaya/model/collection.go:169.2,170.16 2 0
github.com/hveda/Setagaya/setagaya/model/collection.go:173.76,176.16 3 0
github.com/hveda/Setagaya/setagaya/model/collection.go:176.16,178.3 1 0
github.com/hveda/Setagaya/setagaya/model/collection.go:179.2,181.16 3 0
github.com/hveda/Setagaya/setagaya/model/collection.go:181.16,183.3 1 0
github.com/hveda/Setagaya/setagaya/model/collection.go:184.2,185.12 2 0
github.com/hveda/Setagaya/setagaya/model/collection.go:188.51,191.16 3 0
github.com/hveda/Setagaya/setagaya/model/collection.go:191.16,193.3 1 0
github.com/hveda/Setagaya/setagaya/model/collection.go:194.2,196.16 3 0
github.com/hveda/Setagaya/setagaya/model/collection.go:196.16,198.3 1 0
github.com/hveda/Setagaya/setagaya/model/collection.go:199.2,200.12 2 0
github.com/hveda/Setagaya/setagaya/model/collection.go:203.47,206.16 3 0
github.com/hveda/Setagaya/setagaya/model/collection.go:206.16,208.3 1 0
github.com/hveda/Setagaya/setagaya/model/collection.go:209.2,211.16 3 0
github.com/hveda/Setagaya/setagaya/model/collection.go:211.16,213.3 1 0
github.com/hveda/Setagaya/setagaya/model/collection.go:214.2,215.12 2 0
github.com/hveda/Setagaya/setagaya/model/collection.go:218.65,221.16 3 0
github.com/hveda/Setagaya/setagaya/model/collection.go:221.16,223.3 1 0
github.com/hveda/Setagaya/setagaya/model/collection.go:224.2,227.16 3 0
github.com/hveda/Setagaya/setagaya/model/collection.go:227.16,229.3 1 0
github.com/hveda/Setagaya/setagaya/model/collection.go:230.2,230.12 1 0
github.com/hveda/Setagaya/setagaya/model/collection.go:233.59,235.16 2 0
github.com/hveda/Setagaya/setagaya/model/collection.go:235.16,237.3 1 0
github.com/hveda/Setagaya/setagaya/model/collection.go:238.2,240.34 2 0
github.com/hveda/Setagaya/setagaya/model/collection.go:240.34,241.35 1 0
github.com/hveda/Setagaya/setagaya/model/collection.go:241.35,243.18 2 0
github.com/hveda/Setagaya/setagaya/model/collection.go:243.18,245.5 1 0
github.com/hveda/Setagaya/setagaya/model/collection.go:246.4,246.34 1 0
github.com/hveda/Setagaya/setagaya/model/collection.go:246.34,247.19 1 0
github.com/hveda/Setagaya/setagaya/model/collection.go:250.3,250.45 1 0
github.com/hveda/Setagaya/setagaya/model/collection.go:252.2,252.30 1 0
github.com/hveda/Setagaya/setagaya/model/collection.go:252.30,253.48 1 0
github.com/hveda/Setagaya/setagaya/model/collection.go:253.48,255.4 1 0
github.com/hveda/Setagaya/setagaya/model/collection.go:258.2,258.33 1 0
github.com/hveda/Setagaya/setagaya/model/collection.go:258.33,260.17 2 0
github.com/hveda/Setagaya/setagaya/model/collection.go:260.17,262.4 1 0
github.com/hveda/Setagaya/setagaya/model/collection.go:264.2,265.16 2 0
github.com/hveda/Setagaya/setagaya/model/collection.go:265.16,267.3 1 0
github.com/hveda/Setagaya/setagaya/model/collection.go:268.2,268.12 1 0
github.com/hveda/Setagaya/setagaya/model/collection.go:271.59,273.2 1 0
github.com/hveda/Setagaya/setagaya/model/collection.go:275.78,279.16 4 0
github.com/hveda/Setagaya/setagaya/model/collection.go:279.16,281.3 1 0
github.com/hveda/Setagaya/setagaya/model/collection.go:282.2,284.50 3 0
github.com/hveda/Setagaya/setagaya/model/collection.go:284.50,285.31 1 0
github.com/hveda/Setagaya/setagaya/model/collection.go:285.31,287.4 1 0
github.com/hveda/Setagaya/setagaya/model/collection.go:288.3,288.13 1 0
github.com/hveda/Setagaya/setagaya/model/collection.go:290.2,290.74 1 0
github.com/hveda/Setagaya/setagaya/model/collection.go:293.56,296.16 3 0
github.com/hveda/Setagaya/setagaya/model/collection.go:296.16,298.3 1 0
github.com/hveda/Setagaya/setagaya/model/collection.go:299.2,302.16 3 0
github.com/hveda/Setagaya/setagaya/model/collection.go:302.16,304.3 1 0
github.com/hveda/Setagaya/setagaya/model/collection.go:305.2,306.16 2 0
github.com/hveda/Setagaya/setagaya/model/collection.go:306.16,308.3 1 0
github.com/hveda/Setagaya/setagaya/model/collection.go:309.2,309.12 1 0
github.com/hveda/Setagaya/setagaya/model/collection.go:312.45,315.16 3 0
github.com/hveda/Setagaya/setagaya/model/collection.go:315.16,317.3 1 0
github.com/hveda/Setagaya/setagaya/model/collection.go:318.2,321.16 3 0
github.com/hveda/Setagaya/setagaya/model/collection.go:321.16,323.3 1 0
github.com/hveda/Setagaya/setagaya/model/collection.go:325.2,325.27 1 0
github.com/hveda/Setagaya/setagaya/model/collection.go:325.27,327.17 2 0
github.com/hveda/Setagaya/setagaya/model/collection.go:327.17,329.4 1 0
github.com/hveda/Setagaya/setagaya/model/collection.go:331.2,331.12 1 0
github.com/hveda/Setagaya/setagaya/model/collection.go:334.68,337.16 3 0
github.com/hveda/Setagaya/setagaya/model/collection.go:337.16,339.3 1 0
github.com/hveda/Setagaya/setagaya/model/collection.go:340.2,342.16 3 0
github.com/hveda/Setagaya/setagaya/model/collection.go:342.16,344.3 1 0
github.com/hveda/Setagaya/setagaya/model/collection.go:345.2,347.18 3 0
github.com/hveda/Setagaya/setagaya/model/collection.go:347.18,353.3 5 0
github.com/hveda/Setagaya/setagaya/model/collection.go:354.2,355.16 2 0
github.com/hveda/Setagaya/setagaya/model/collection.go:355.16,357.3 1 0
github.com/hveda/Setagaya/setagaya/model/collection.go:358.2,358.15 1 0
github.com/hveda/Setagaya/setagaya/model/collection.go:361.48,364.16 3 0
github.com/hveda/Setagaya/setagaya/model/collection.go:364.16,366.3 1 0
github.com/hveda/Setagaya/setagaya/model/collection.go:367.2,370.16 3 0
github.com/hveda/Setagaya/setagaya/model/collection.go:370.16,372.3 1 0
github.com/hveda/Setagaya/setagaya/model/collection.go:373.2,373.12 1 0
github.com/hveda/Setagaya/setagaya/model/collection.go:376.51,379.16 3 0
github.com/hveda/Setagaya/setagaya/model/collection.go:379.16,381.3 1 0
github.com/hveda/Setagaya/setagaya/model/collection.go:382.2,385.16 3 0
github.com/hveda/Setagaya/setagaya/model/collection.go:385.16,387.3 1 0
github.com/hveda/Setagaya/setagaya/model/collection.go:388.2,388.12 1 0
github.com/hveda/Setagaya/setagaya/model/collection.go:398.47,401.16 3 0
github.com/hveda/Setagaya/setagaya/model/collection.go:401.16,403.3 1 0
github.com/hveda/Setagaya/setagaya/model/collection.go:404.2,409.16 5 0
github.com/hveda/Setagaya/setagaya/model/collection.go:409.16,411.3 1 0
github.com/hveda/Setagaya/setagaya/model/collection.go:412.2,412.19 1 0
github.com/hveda/Setagaya/setagaya/model/collection.go:412.19,414.3 1 0
github.com/hveda/Setagaya/setagaya/model/collection.go:415.2,415.15 1 0
github.com/hveda/Setagaya/setagaya/model/collection.go:418.55,421.16 3 0
github.com/hveda/Setagaya/setagaya/model/collection.go:421.16,423.3 1 0
github.com/hveda/Setagaya/setagaya/model/collection.go:424.2,428.16 4 0
github.com/hveda/Setagaya/setagaya/model/collection.go:428.16,430.3 1 0
github.com/hveda/Setagaya/setagaya/model/collection.go:431.2,432.16 2 0
github.com/hveda/Setagaya/setagaya/model/collection.go:432.16,436.3 3 0
github.com/hveda/Setagaya/setagaya/model/collection.go:437.2,437.15 1 0
github.com/hveda/Setagaya/setagaya/model/collection.go:440.48,443.16 3 0
github.com/hveda/Setagaya/setagaya/model/collection.go:443.16,445.3 1 0
github.com/hveda/Setagaya/setagaya/model/collection.go:446.2,448.16 3 0
github.com/hveda/Setagaya/setagaya/model/collection.go:448.16,450.3 1 0
github.com/hveda/Setagaya/setagaya/model/collection.go:451.2,452.16 2 0
github.com/hveda/Setagaya/setagaya/model/collection.go:452.16,454.3 1 0
github.com/hveda/Setagaya/setagaya/model/collection.go:455.2,455.16 1 0
github.com/hveda/Setagaya/setagaya/model/collection.go:458.38,461.16 3 0
github.com/hveda/Setagaya/setagaya/model/collection.go:461.16,463.3 1 0
github.com/hveda/Setagaya/setagaya/model/collection.go:464.2,466.16 3 0
github.com/hveda/Setagaya/setagaya/model/collection.go:466.16,468.3 1 0
github.com/hveda/Setagaya/setagaya/model/collection.go:469.2,469.12 1 0
github.com/hveda/Setagaya/setagaya/model/collection.go:472.53,475.16 3 0
github.com/hveda/Setagaya/setagaya/model/collection.go:475.16,477.3 1 0
github.com/hveda/Setagaya/setagaya/model/collection.go:478.2,480.16 3 0
github.com/hveda/Setagaya/setagaya/model/collection.go:480.16,482.3 1 0
github.com/hveda/Setagaya/setagaya/model/collection.go:483.2,484.16 2 0
github.com/hveda/Setagaya/setagaya/model/collection.go:484.16,488.3 3 0
github.com/hveda/Setagaya/setagaya/model/collection.go:489.2,489.22 1 0
github.com/hveda/Setagaya/setagaya/model/collection.go:492.56,495.16 3 0
github.com/hveda/Setagaya/setagaya/model/collection.go:495.16,497.3 1 0
github.com/hveda/Setagaya/setagaya/model/collection.go:498.2,502.16 5 0
github.com/hveda/Setagaya/setagaya/model/collection.go:502.16,503.27 1 0
github.com/hveda/Setagaya/setagaya/model/collection.go:503.27,505.4 1 0
github.com/hveda/Setagaya/setagaya/model/collection.go:506.3,506.18 1 0
github.com/hveda/Setagaya/setagaya/model/collection.go:508.2,508.19 1 0
github.com/hveda/Setagaya/setagaya/model/collection.go:508.19,510.3 1 0
github.com/hveda/Setagaya/setagaya/model/collection.go:511.2,511.17 1 0
github.com/hveda/Setagaya/setagaya/model/collection.go:514.53,517.16 3 0
github.com/hveda/Setagaya/setagaya/model/collection.go:517.16,519.3 1 0
github.com/hveda/Setagaya/setagaya/model/collection.go:520.2,522.40 3 0
github.com/hveda/Setagaya/setagaya/model/collection.go:522.40,524.3 1 0
github.com/hveda/Setagaya/setagaya/model/collection.go:525.2,526.16 2 0
github.com/hveda/Setagaya/setagaya/model/collection.go:526.16,530.3 3 0
github.com/hveda/Setagaya/setagaya/model/collection.go:531.2,531.19 1 0
github.com/hveda/Setagaya/setagaya/model/collection.go:534.101,538.16 4 0
github.com/hveda/Setagaya/setagaya/model/collection.go:538.16,540.3 1 0
github.com/hveda/Setagaya/setagaya/model/collection.go:541.2,541.15 1 0
github.com/hveda/Setagaya/setagaya/model/collection.go:541.15,542.63 1 0
github.com/hveda/Setagaya/setagaya/model/collection.go:542.63,544.4 1 0
github.com/hveda/Setagaya/setagaya/model/collection.go:546.2,547.16 2 0
github.com/hveda/Setagaya/setagaya/model/collection.go:547.16,548.51 1 0
github.com/hveda/Setagaya/setagaya/model/collection.go:548.51,549.32 1 0
github.com/hveda/Setagaya/setagaya/model/collection.go:549.32,551.5 1 0
github.com/hveda/Setagaya/setagaya/model/collection.go:552.4,552.14 1 0
github.com/hveda/Setagaya/setagaya/model/collection.go:554.3,554.13 1 0
github.com/hveda/Setagaya/setagaya/model/collection.go:556.2,557.16 2 0
github.com/hveda/Setagaya/setagaya/model/collection.go:557.16,559.3 1 0
github.com/hveda/Setagaya/setagaya/model/collection.go:560.2,562.16 2 0
github.com/hveda/Setagaya/setagaya/model/collection.go:562.16,564.3 1 0
github.com/hveda/Setagaya/setagaya/model/collection.go:565.2,565.20 1 0
github.com/hveda/Setagaya/setagaya/model/collection.go:568.68,573.16 4 0
[...]
github.com/hveda/Setagaya/setagaya/scheduler/cloudrun.go:273.3,273.12 1 0
github.com/hveda/Setagaya/setagaya/scheduler/cloudrun.go:273.12,275.4 1 0
github.com/hveda/Setagaya/setagaya/scheduler/cloudrun.go:277.2,277.39 1 0
github.com/hveda/Setagaya/setagaya/scheduler/cloudrun.go:277.39,281.26 3 0
github.com/hveda/Setagaya/setagaya/scheduler/cloudrun.go:281.26,283.18 2 0
github.com/hveda/Setagaya/setagaya/scheduler/cloudrun.go:283.18,286.5 2 0
github.com/hveda/Setagaya/setagaya/scheduler/cloudrun.go:288.3,288.34 1 0
github.com/hveda/Setagaya/setagaya/scheduler/cloudrun.go:290.2,290.16 1 0
github.com/hveda/Setagaya/setagaya/scheduler/cloudrun.go:294.118,297.16 2 0
github.com/hveda/Setagaya/setagaya/scheduler/cloudrun.go:297.16,299.3 1 0
github.com/hveda/Setagaya/setagaya/scheduler/cloudrun.go:300.2,301.29 2 0
github.com/hveda/Setagaya/setagaya/scheduler/cloudrun.go:301.29,303.3 1 0
github.com/hveda/Setagaya/setagaya/scheduler/cloudrun.go:304.2,304.15 1 0
github.com/hveda/Setagaya/setagaya/scheduler/cloudrun.go:307.75,310.16 3 0
github.com/hveda/Setagaya/setagaya/scheduler/cloudrun.go:310.16,312.3 1 0
github.com/hveda/Setagaya/setagaya/scheduler/cloudrun.go:313.2,313.33 1 0
github.com/hveda/Setagaya/setagaya/scheduler/cloudrun.go:313.33,315.17 2 0
github.com/hveda/Setagaya/setagaya/scheduler/cloudrun.go:315.17,317.4 1 0
github.com/hveda/Setagaya/setagaya/scheduler/cloudrun.go:318.3,319.17 2 0
github.com/hveda/Setagaya/setagaya/scheduler/cloudrun.go:319.17,322.4 2 0
github.com/hveda/Setagaya/setagaya/scheduler/cloudrun.go:323.3,323.38 1 0
github.com/hveda/Setagaya/setagaya/scheduler/cloudrun.go:325.2,325.31 1 0
github.com/hveda/Setagaya/setagaya/scheduler/cloudrun.go:328.103,331.2 1 0
github.com/hveda/Setagaya/setagaya/scheduler/cloudrun.go:335.59,337.16 2 0
github.com/hveda/Setagaya/setagaya/scheduler/cloudrun.go:337.16,339.3 1 0
github.com/hveda/Setagaya/setagaya/scheduler/cloudrun.go:340.2,340.19 1 0
github.com/hveda/Setagaya/setagaya/scheduler/cloudrun.go:343.114,345.2 1 0
github.com/hveda/Setagaya/setagaya/scheduler/cloudrun.go:347.58,349.2 1 0
github.com/hveda/Setagaya/setagaya/scheduler/cloudrun.go:351.64,353.2 1 0
github.com/hveda/Setagaya/setagaya/scheduler/cloudrun.go:355.72,357.2 1 0
github.com/hveda/Setagaya/setagaya/scheduler/cloudrun.go:359.79,361.2 1 0
github.com/hveda/Setagaya/setagaya/scheduler/cloudrun.go:363.80,366.16 2 0
github.com/hveda/Setagaya/setagaya/scheduler/cloudrun.go:366.16,368.3 1 0
github.com/hveda/Setagaya/setagaya/scheduler/cloudrun.go:369.2,373.16 5 0
github.com/hveda/Setagaya/setagaya/scheduler/cloudrun.go:373.16,375.3 1 0
github.com/hveda/Setagaya/setagaya/scheduler/cloudrun.go:376.2,378.16 3 0
github.com/hveda/Setagaya/setagaya/scheduler/cloudrun.go:378.16,380.3 1 0
github.com/hveda/Setagaya/setagaya/scheduler/cloudrun.go:381.2,381.23 1 0
github.com/hveda/Setagaya/setagaya/scheduler/errors.go:12.49,14.2 1 8
github.com/hveda/Setagaya/setagaya/scheduler/errors.go:16.37,18.2 1 4
github.com/hveda/Setagaya/setagaya/scheduler/errors.go:25.46,27.2 1 12
github.com/hveda/Setagaya/setagaya/scheduler/k8s.go:39.71,41.16 2 0
github.com/hveda/Setagaya/setagaya/scheduler/k8s.go:41.16,43.3 1 0
github.com/hveda/Setagaya/setagaya/scheduler/k8s.go:44.2,45.16 2 0
github.com/hveda/Setagaya/setagaya/scheduler/k8s.go:45.16,47.3 1 0
github.com/hveda/Setagaya/setagaya/scheduler/k8s.go:50.2,51.22 2 0
github.com/hveda/Setagaya/setagaya/scheduler/k8s.go:51.22,53.3 1 0
github.com/hveda/Setagaya/setagaya/scheduler/k8s.go:55.2,60.3 1 0
github.com/hveda/Setagaya/setagaya/scheduler/k8s.go:63.62,82.2 2 0
github.com/hveda/Setagaya/setagaya/scheduler/k8s.go:84.74,95.2 1 0
github.com/hveda/Setagaya/setagaya/scheduler/k8s.go:97.91,105.2 2 0
github.com/hveda/Setagaya/setagaya/scheduler/k8s.go:107.60,124.2 2 0
github.com/hveda/Setagaya/setagaya/scheduler/k8s.go:126.67,129.2 2 0
github.com/hveda/Setagaya/setagaya/scheduler/k8s.go:131.58,135.17 4 0
github.com/hveda/Setagaya/setagaya/scheduler/k8s.go:135.17,139.3 3 0
github.com/hveda/Setagaya/setagaya/scheduler/k8s.go:140.2,140.17 1 0
github.com/hveda/Setagaya/setagaya/scheduler/k8s.go:143.46,147.17 3 0
github.com/hveda/Setagaya/setagaya/scheduler/k8s.go:147.17,148.24 1 0
github.com/hveda/Setagaya/setagaya/scheduler/k8s.go:148.24,150.4 1 0
github.com/hveda/Setagaya/setagaya/scheduler/k8s.go:152.2,152.20 1 0
github.com/hveda/Setagaya/setagaya/scheduler/k8s.go:155.66,156.57 1 0
github.com/hveda/Setagaya/setagaya/scheduler/k8s.go:156.57,158.38 2 0
github.com/hveda/Setagaya/setagaya/scheduler/k8s.go:158.38,163.4 1 0
github.com/hveda/Setagaya/setagaya/scheduler/k8s.go:164.3,164.21 1 0
github.com/hveda/Setagaya/setagaya/scheduler/k8s.go:166.2,166.28 1 0
github.com/hveda/Setagaya/setagaya/scheduler/k8s.go:170.103,174.36 4 0
github.com/hveda/Setagaya/setagaya/scheduler/k8s.go:174.36,199.3 10 0
github.com/hveda/Setagaya/setagaya/scheduler/k8s.go:200.2,278.19 8 0
github.com/hveda/Setagaya/setagaya/scheduler/k8s.go:283.52,341.2 3 0
github.com/hveda/Setagaya/setagaya/scheduler/k8s.go:343.74,346.33 3 0
github.com/hveda/Setagaya/setagaya/scheduler/k8s.go:346.33,349.3 1 0
github.com/hveda/Setagaya/setagaya/scheduler/k8s.go:349.8,349.23 1 0
github.com/hveda/Setagaya/setagaya/scheduler/k8s.go:349.23,351.3 1 0
github.com/hveda/Setagaya/setagaya/scheduler/k8s.go:352.2,352.12 1 0
github.com/hveda/Setagaya/setagaya/scheduler/k8s.go:355.87,374.55 2 0
github.com/hveda/Setagaya/setagaya/scheduler/k8s.go:374.55,375.34 1 0
github.com/hveda/Setagaya/setagaya/scheduler/k8s.go:376.19,377.49 1 0
github.com/hveda/Setagaya/setagaya/scheduler/k8s.go:378.23,380.53 2 0
github.com/hveda/Setagaya/setagaya/scheduler/k8s.go:383.2,384.33 2 0
github.com/hveda/Setagaya/setagaya/scheduler/k8s.go:384.33,386.3 1 0
github.com/hveda/Setagaya/setagaya/scheduler/k8s.go:386.8,386.23 1 0
github.com/hveda/Setagaya/setagaya/scheduler/k8s.go:386.23,388.3 1 0
github.com/hveda/Setagaya/setagaya/scheduler/k8s.go:389.2,389.12 1 0
github.com/hveda/Setagaya/setagaya/scheduler/k8s.go:392.64,400.16 2 0
github.com/hveda/Setagaya/setagaya/scheduler/k8s.go:400.16,403.3 2 0
github.com/hveda/Setagaya/setagaya/scheduler/k8s.go:404.2,404.29 1 0
github.com/hveda/Setagaya/setagaya/scheduler/k8s.go:404.29,406.3 1 0
github.com/hveda/Setagaya/setagaya/scheduler/k8s.go:406.8,408.3 1 0
github.com/hveda/Setagaya/setagaya/scheduler/k8s.go:411.96,413.16 2 0
github.com/hveda/Setagaya/setagaya/scheduler/k8s.go:413.16,416.3 2 0
github.com/hveda/Setagaya/setagaya/scheduler/k8s.go:417.2,417.12 1 0
github.com/hveda/Setagaya/setagaya/scheduler/k8s.go:421.65,427.82 6 0
github.com/hveda/Setagaya/setagaya/scheduler/k8s.go:427.82,429.3 1 0
github.com/hveda/Setagaya/setagaya/scheduler/k8s.go:430.2,431.71 2 0
github.com/hveda/Setagaya/setagaya/scheduler/k8s.go:431.71,433.3 1 0
github.com/hveda/Setagaya/setagaya/scheduler/k8s.go:434.2,436.109 3 0
github.com/hveda/Setagaya/setagaya/scheduler/k8s.go:436.109,438.3 1 0
github.com/hveda/Setagaya/setagaya/scheduler/k8s.go:439.2,440.12 2 0
github.com/hveda/Setagaya/setagaya/scheduler/k8s.go:443.99,465.2 2 0
github.com/hveda/Setagaya/setagaya/scheduler/k8s.go:467.144,474.135 7 0
github.com/hveda/Setagaya/setagaya/scheduler/k8s.go:474.135,476.3 1 0
github.com/hveda/Setagaya/setagaya/scheduler/k8s.go:477.2,478.127 2 0
github.com/hveda/Setagaya/setagaya/scheduler/k8s.go:478.127,481.3 2 0
github.com/hveda/Setagaya/setagaya/scheduler/k8s.go:482.2,482.12 1 0
github.com/hveda/Setagaya/setagaya/scheduler/k8s.go:485.77,489.16 3 0
github.com/hveda/Setagaya/setagaya/scheduler/k8s.go:489.16,491.3 1 0
github.com/hveda/Setagaya/setagaya/scheduler/k8s.go:492.2,492.19 1 0
github.com/hveda/Setagaya/setagaya/scheduler/k8s.go:492.19,494.3 1 0
github.com/hveda/Setagaya/setagaya/scheduler/k8s.go:495.2,495.47 1 0
github.com/hveda/Setagaya/setagaya/scheduler/k8s.go:495.47,497.58 1 0
github.com/hveda/Setagaya/setagaya/scheduler/k8s.go:497.58,499.4 1 0
github.com/hveda/Setagaya/setagaya/scheduler/k8s.go:500.3,500.62 1 0
github.com/hveda/Setagaya/setagaya/scheduler/k8s.go:502.2,503.16 2 0
github.com/hveda/Setagaya/setagaya/scheduler/k8s.go:503.16,505.3 1 0
github.com/hveda/Setagaya/setagaya/scheduler/k8s.go:506.2,507.56 2 0
github.com/hveda/Setagaya/setagaya/scheduler/k8s.go:510.96,516.16 2 0
github.com/hveda/Setagaya/setagaya/scheduler/k8s.go:516.16,518.3 1 0
github.com/hveda/Setagaya/setagaya/scheduler/k8s.go:519.2,519.30 1 0
github.com/hveda/Setagaya/setagaya/scheduler/k8s.go:522.104,525.16 3 0
github.com/hveda/Setagaya/setagaya/scheduler/k8s.go:525.16,527.3 1 0
github.com/hveda/Setagaya/setagaya/scheduler/k8s.go:528.2,528.13 1 0
github.com/hveda/Setagaya/setagaya/scheduler/k8s.go:531.88,534.16 3 0
github.com/hveda/Setagaya/setagaya/scheduler/k8s.go:534.16,536.3 1 0
github.com/hveda/Setagaya/setagaya/scheduler/k8s.go:537.2,537.39 1 0
github.com/hveda/Setagaya/setagaya/scheduler/k8s.go:537.39,541.3 3 0
github.com/hveda/Setagaya/setagaya/scheduler/k8s.go:542.2,542.18 1 0
github.com/hveda/Setagaya/setagaya/scheduler/k8s.go:545.127,547.16 2 0
github.com/hveda/Setagaya/setagaya/scheduler/k8s.go:547.16,549.3 1 0
github.com/hveda/Setagaya/setagaya/scheduler/k8s.go:550.2,551.41 2 0
github.com/hveda/Setagaya/setagaya/scheduler/k8s.go:551.41,555.3 3 0
github.com/hveda/Setagaya/setagaya/scheduler/k8s.go:556.2,556.18 1 0
github.com/hveda/Setagaya/setagaya/scheduler/k8s.go:559.140,565.25 6 0
github.com/hveda/Setagaya/setagaya/scheduler/k8s.go:565.25,571.3 2 0
github.com/hveda/Setagaya/setagaya/scheduler/k8s.go:572.2,573.27 2 0
github.com/hveda/Setagaya/setagaya/scheduler/k8s.go:573.27,574.49 1 0
github.com/hveda/Setagaya/setagaya/scheduler/k8s.go:574.49,576.12 2 0
github.com/hveda/Setagaya/setagaya/scheduler/k8s.go:578.3,579.17 2 0
github.com/hveda/Setagaya/setagaya/scheduler/k8s.go:579.17,581.4 1 0
github.com/hveda/Setagaya/setagaya/scheduler/k8s.go:582.3,583.10 2 0
github.com/hveda/Setagaya/setagaya/scheduler/k8s.go:583.10,585.12 2 0
github.com/hveda/Setagaya/setagaya/scheduler/k8s.go:587.3,588.43 2 0
github.com/hveda/Setagaya/setagaya/scheduler/k8s.go:588.43,590.4 1 0
github.com/hveda/Setagaya/setagaya/scheduler/k8s.go:594.2,594.32 1 0
github.com/hveda/Setagaya/setagaya/scheduler/k8s.go:594.32,598.3 3 0
github.com/hveda/Setagaya/setagaya/scheduler/k8s.go:599.2,599.49 1 0
github.com/hveda/Setagaya/setagaya/scheduler/k8s.go:599.49,600.35 1 0
github.com/hveda/Setagaya/setagaya/scheduler/k8s.go:600.35,602.4 1 0
github.com/hveda/Setagaya/setagaya/scheduler/k8s.go:603.3,603.17 1 0
github.com/hveda/Setagaya/setagaya/scheduler/k8s.go:605.2,612.16 5 0
github.com/hveda/Setagaya/setagaya/scheduler/k8s.go:612.16,615.3 2 0
github.com/hveda/Setagaya/setagaya/scheduler/k8s.go:616.2,618.32 3 0
github.com/hveda/Setagaya/setagaya/scheduler/k8s.go:618.32,620.3 1 0
github.com/hveda/Setagaya/setagaya/scheduler/k8s.go:621.2,621.34 1 0
github.com/hveda/Setagaya/setagaya/scheduler/k8s.go:621.34,623.3 1 0
github.com/hveda/Setagaya/setagaya/scheduler/k8s.go:624.2,626.16 3 0
github.com/hveda/Setagaya/setagaya/scheduler/k8s.go:626.16,628.58 2 0
github.com/hveda/Setagaya/setagaya/scheduler/k8s.go:628.58,630.4 1 0
github.com/hveda/Setagaya/setagaya/scheduler/k8s.go:631.3,631.34 1 0
github.com/hveda/Setagaya/setagaya/scheduler/k8s.go:633.2,633.16 1 0
github.com/hveda/Setagaya/setagaya/scheduler/k8s.go:636.103,640.2 3 0
github.com/hveda/Setagaya/setagaya/scheduler/k8s.go:642.77,656.16 4 0
github.com/hveda/Setagaya/setagaya/scheduler/k8s.go:656.16,658.3 1 0
github.com/hveda/Setagaya/setagaya/scheduler/k8s.go:659.2,661.16 3 0
github.com/hveda/Setagaya/setagaya/scheduler/k8s.go:661.16,663.3 1 0
github.com/hveda/Setagaya/setagaya/scheduler/k8s.go:664.2,664.23 1 0
github.com/hveda/Setagaya/setagaya/scheduler/k8s.go:667.89,669.16 2 0
github.com/hveda/Setagaya/setagaya/scheduler/k8s.go:669.16,671.3 1 0
github.com/hveda/Setagaya/setagaya/scheduler/k8s.go:672.2,672.19 1 0
github.com/hveda/Setagaya/setagaya/scheduler/k8s.go:672.19,674.3 1 0
github.com/hveda/Setagaya/setagaya/scheduler/k8s.go:675.2,675.66 1 0
github.com/hveda/Setagaya/setagaya/scheduler/k8s.go:678.68,684.16 3 0
github.com/hveda/Setagaya/setagaya/scheduler/k8s.go:684.16,686.3 1 0
github.com/hveda/Setagaya/setagaya/scheduler/k8s.go:687.2,688.39 2 0
github.com/hveda/Setagaya/setagaya/scheduler/k8s.go:688.39,689.36 1 0
github.com/hveda/Setagaya/setagaya/scheduler/k8s.go:689.36,691.4 1 0
github.com/hveda/Setagaya/setagaya/scheduler/k8s.go:693.2,693.14 1 0
github.com/hveda/Setagaya/setagaya/scheduler/k8s.go:696.70,698.16 2 0
github.com/hveda/Setagaya/setagaya/scheduler/k8s.go:698.16,701.3 2 0
github.com/hveda/Setagaya/setagaya/scheduler/k8s.go:702.2,703.41 2 0
github.com/hveda/Setagaya/setagaya/scheduler/k8s.go:706.70,714.16 3 0
github.com/hveda/Setagaya/setagaya/scheduler/k8s.go:714.16,716.3 1 0
github.com/hveda/Setagaya/setagaya/scheduler/k8s.go:720.2,721.33 2 0
github.com/hveda/Setagaya/setagaya/scheduler/k8s.go:721.33,722.95 1 0
github.com/hveda/Setagaya/setagaya/scheduler/k8s.go:722.95,724.4 1 0
github.com/hveda/Setagaya/setagaya/scheduler/k8s.go:726.2,726.18 1 0
github.com/hveda/Setagaya/setagaya/scheduler/k8s.go:729.73,737.16 4 0
github.com/hveda/Setagaya/setagaya/scheduler/k8s.go:737.16,740.3 2 0
github.com/hveda/Setagaya/setagaya/scheduler/k8s.go:741.2,742.108 1 0
github.com/hveda/Setagaya/setagaya/scheduler/k8s.go:742.108,744.3 1 0
github.com/hveda/Setagaya/setagaya/scheduler/k8s.go:745.2,745.12 1 0
github.com/hveda/Setagaya/setagaya/scheduler/k8s.go:748.72,750.16 2 0
github.com/hveda/Setagaya/setagaya/scheduler/k8s.go:750.16,752.3 1 0
github.com/hveda/Setagaya/setagaya/scheduler/k8s.go:753.2,754.16 2 0
github.com/hveda/Setagaya/setagaya/scheduler/k8s.go:754.16,756.3 1 0
github.com/hveda/Setagaya/setagaya/scheduler/k8s.go:757.2,757.12 1 0
github.com/hveda/Setagaya/setagaya/scheduler/k8s.go:760.73,763.114 3 0
github.com/hveda/Setagaya/setagaya/scheduler/k8s.go:763.114,765.3 1 0
github.com/hveda/Setagaya/setagaya/scheduler/k8s.go:766.2,766.111 1 0
github.com/hveda/Setagaya/setagaya/scheduler/k8s.go:766.111,768.3 1 0
github.com/hveda/Setagaya/setagaya/scheduler/k8s.go:769.2,769.12 1 0
github.com/hveda/Setagaya/setagaya/scheduler/k8s.go:772.31,772.44 1 0
github.com/hveda/Setagaya/setagaya/scheduler/k8s.go:774.109,865.2 5 0
github.com/hveda/Setagaya/setagaya/scheduler/k8s.go:867.67,872.48 3 0
github.com/hveda/Setagaya/setagaya/scheduler/k8s.go:872.48,874.3 1 0
github.com/hveda/Setagaya/setagaya/scheduler/k8s.go:875.2,875.56 1 0
github.com/hveda/Setagaya/setagaya/scheduler/k8s.go:875.56,877.3 1 0
github.com/hveda/Setagaya/setagaya/scheduler/k8s.go:878.2,878.12 1 0
github.com/hveda/Setagaya/setagaya/scheduler/k8s.go:881.128,918.16 6 0
github.com/hveda/Setagaya/setagaya/scheduler/k8s.go:918.16,920.3 1 0
github.com/hveda/Setagaya/setagaya/scheduler/k8s.go:921.2,921.12 1 0
github.com/hveda/Setagaya/setagaya/scheduler/k8s.go:924.84,927.16 3 0
github.com/hveda/Setagaya/setagaya/scheduler/k8s.go:927.16,929.3 1 0
github.com/hveda/Setagaya/setagaya/scheduler/k8s.go:930.2,931.27 2 0
github.com/hveda/Setagaya/setagaya/scheduler/k8s.go:931.27,933.17 2 0
github.com/hveda/Setagaya/setagaya/scheduler/k8s.go:933.17,935.4 1 0
github.com/hveda/Setagaya/setagaya/scheduler/k8s.go:936.3,936.65 1 0
github.com/hveda/Setagaya/setagaya/scheduler/k8s.go:938.2,938.33 1 0
github.com/hveda/Setagaya/setagaya/scheduler/k8s.go:941.81,944.16 3 0
github.com/hveda/Setagaya/setagaya/scheduler/k8s.go:944.16,946.3 1 0
github.com/hveda/Setagaya/setagaya/scheduler/k8s.go:947.2,948.37 2 0
github.com/hveda/Setagaya/setagaya/scheduler/k8s.go:948.37,950.17 2 0
github.com/hveda/Setagaya/setagaya/scheduler/k8s.go:950.17,952.4 1 0
github.com/hveda/Setagaya/setagaya/scheduler/k8s.go:953.3,953.59 1 0
github.com/hveda/Setagaya/setagaya/scheduler/k8s.go:955.2,955.30 1 0
github.com/hveda/Setagaya/setagaya/scheduler/k8s.go:958.112,962.16 2 0
github.com/hveda/Setagaya/setagaya/scheduler/k8s.go:962.16,964.3 1 0
github.com/hveda/Setagaya/setagaya/scheduler/k8s.go:965.2,966.39 2 0
github.com/hveda/Setagaya/setagaya/scheduler/k8s.go:966.39,967.36 1 0
github.com/hveda/Setagaya/setagaya/scheduler/k8s.go:967.36,969.4 1 0
github.com/hveda/Setagaya/setagaya/scheduler/k8s.go:971.2,971.20 1 0
github.com/hveda/Setagaya/setagaya/scheduler/k8s.go:974.123,977.16 3 0
github.com/hveda/Setagaya/setagaya/scheduler/k8s.go:977.16,979.3 1 0
github.com/hveda/Setagaya/setagaya/scheduler/k8s.go:980.2,980.20 1 0
github.com/hveda/Setagaya/setagaya/scheduler/k8s.go:980.20,982.3 1 0
github.com/hveda/Setagaya/setagaya/scheduler/k8s.go:983.2,985.16 3 0
github.com/hveda/Setagaya/setagaya/scheduler/k8s.go:985.16,987.3 1 0
github.com/hveda/Setagaya/setagaya/scheduler/k8s.go:987.8,989.3 1 0
github.com/hveda/Setagaya/setagaya/scheduler/k8s.go:990.2,991.25 2 0
github.com/hveda/Setagaya/setagaya/scheduler/k8s.go:991.25,997.3 5 0
github.com/hveda/Setagaya/setagaya/scheduler/k8s.go:998.2,1000.31 3 0
github.com/hveda/Setagaya/setagaya/scheduler/k8s.go:1003.45,1005.2 1 0
github.com/hveda/Setagaya/setagaya/scheduler/meta.go:8.88,10.2 1 11
github.com/hveda/Setagaya/setagaya/scheduler/meta.go:12.81,14.2 1 3
github.com/hveda/Setagaya/setagaya/scheduler/meta.go:16.65,18.2 1 3
github.com/hveda/Setagaya/setagaya/scheduler/meta.go:20.82,22.2 1 2
github.com/hveda/Setagaya/setagaya/scheduler/meta.go:24.47,26.2 1 5
github.com/hveda/Setagaya/setagaya/scheduler/meta.go:28.69,33.2 1 14
github.com/hveda/Setagaya/setagaya/scheduler/meta.go:35.68,40.2 4 2
github.com/hveda/Setagaya/setagaya/scheduler/meta.go:42.72,45.2 2 2
github.com/hveda/Setagaya/setagaya/scheduler/meta.go:47.98,53.2 5 3
github.com/hveda/Setagaya/setagaya/scheduler/meta.go:55.77,60.2 4 3
github.com/hveda/Setagaya/setagaya/scheduler/meta.go:62.53,64.2 1 4
github.com/hveda/Setagaya/setagaya/scheduler/types.go:34.68,35.18 1 0
github.com/hveda/Setagaya/setagaya/scheduler/types.go:36.13,37.34 1 0
github.com/hveda/Setagaya/setagaya/scheduler/types.go:38.18,39.26 1 0
github.com/hveda/Setagaya/setagaya/scheduler/types.go:41.2,42.12 2 0
github.com/hveda/Setagaya/setagaya/utils/csv.go:10.71,17.29 1 22
github.com/hveda/Setagaya/setagaya/utils/csv.go:17.29,19.3 1 6
github.com/hveda/Setagaya/setagaya/utils/csv.go:20.2,24.19 5 16
github.com/hveda/Setagaya/setagaya/utils/csv.go:27.75,28.33 1 14
github.com/hveda/Setagaya/setagaya/utils/csv.go:28.33,31.3 1 3
github.com/hveda/Setagaya/setagaya/utils/csv.go:32.2,35.16 4 11
github.com/hveda/Setagaya/setagaya/utils/csv.go:35.16,37.3 1 0
github.com/hveda/Setagaya/setagaya/utils/csv.go:38.2,42.32 5 11
github.com/hveda/Setagaya/setagaya/utils/csv.go:42.32,43.36 1 2523
github.com/hveda/Setagaya/setagaya/utils/csv.go:43.36,45.4 1 0
github.com/hveda/Setagaya/setagaya/utils/csv.go:47.2,48.34 2 11
github.com/hveda/Setagaya/setagaya/utils/csv.go:48.34,50.3 1 0
github.com/hveda/Setagaya/setagaya/utils/csv.go:51.2,51.25 1 11
github.com/hveda/Setagaya/setagaya/utils/retry.go:14.54,16.35 2 15
github.com/hveda/Setagaya/setagaya/utils/retry.go:16.35,18.17 2 38
github.com/hveda/Setagaya/setagaya/utils/retry.go:18.17,20.4 1 5
github.com/hveda/Setagaya/setagaya/utils/retry.go:21.3,21.29 1 32
github.com/hveda/Setagaya/setagaya/utils/retry.go:21.29,23.4 1 5
github.com/hveda/Setagaya/setagaya/utils/retry.go:24.3,25.9 2 27
github.com/hveda/Setagaya/setagaya/utils/retry.go:25.9,28.4 1 27
github.com/hveda/Setagaya/setagaya/utils/retry.go:29.3,29.58 1 27
github.com/hveda/Setagaya/setagaya/utils/retry.go:31.2,31.12 1 4
github.com/hveda/Setagaya/setagaya/utils/string.go:9.36,11.19 2 108
github.com/hveda/Setagaya/setagaya/utils/string.go:11.19,13.3 1 105011
github.com/hveda/Setagaya/setagaya/utils/string.go:14.2,14.18 1 107
github.com/hveda/Setagaya/setagaya/utils/string.go:17.14,20.2 0 1
github.com/hveda/Setagaya/setagaya/utils/write.go:8.36,9.55 1 14
github.com/hveda/Setagaya/setagaya/utils/write.go:9.55,10.62 1 10
github.com/hveda/Setagaya/setagaya/utils/write.go:10.62,12.4 1 1
github.com/hveda/Setagaya/setagaya/utils/write.go:16.38,17.49 1 11
github.com/hveda/Setagaya/setagaya/utils/write.go:17.49,19.3 1 0
